{"C:\\Users\\alist\\IdeaProjects\\InfoSafe\\Frontend\\infosafe_frontend\\src\\index.js": {"path":"C:\\Users\\alist\\IdeaProjects\\InfoSafe\\Frontend\\infosafe_frontend\\src\\index.js","statementMap":{"0":{"start":{"line":11,"column":13},"end":{"line":11,"column":65}},"1":{"start":{"line":12,"column":0},"end":{"line":20,"column":2}},"2":{"start":{"line":25,"column":0},"end":{"line":25,"column":18}}},"fnMap":{},"branchMap":{},"s":{"0":0,"1":0,"2":0},"f":{},"b":{}}
,"C:\\Users\\alist\\IdeaProjects\\InfoSafe\\Frontend\\infosafe_frontend\\src\\reportWebVitals.js": {"path":"C:\\Users\\alist\\IdeaProjects\\InfoSafe\\Frontend\\infosafe_frontend\\src\\reportWebVitals.js","statementMap":{"0":{"start":{"line":1,"column":24},"end":{"line":11,"column":1}},"1":{"start":{"line":2,"column":4},"end":{"line":10,"column":5}},"2":{"start":{"line":3,"column":8},"end":{"line":9,"column":11}},"3":{"start":{"line":4,"column":12},"end":{"line":4,"column":32}},"4":{"start":{"line":5,"column":12},"end":{"line":5,"column":32}},"5":{"start":{"line":6,"column":12},"end":{"line":6,"column":32}},"6":{"start":{"line":7,"column":12},"end":{"line":7,"column":32}},"7":{"start":{"line":8,"column":12},"end":{"line":8,"column":33}}},"fnMap":{"0":{"name":"(anonymous_0)","decl":{"start":{"line":1,"column":24},"end":{"line":1,"column":25}},"loc":{"start":{"line":1,"column":41},"end":{"line":11,"column":1}},"line":1},"1":{"name":"(anonymous_1)","decl":{"start":{"line":3,"column":34},"end":{"line":3,"column":35}},"loc":{"start":{"line":3,"column":83},"end":{"line":9,"column":9}},"line":3}},"branchMap":{"0":{"loc":{"start":{"line":2,"column":4},"end":{"line":10,"column":5}},"type":"if","locations":[{"start":{"line":2,"column":4},"end":{"line":10,"column":5}},{"start":{},"end":{}}],"line":2},"1":{"loc":{"start":{"line":2,"column":8},"end":{"line":2,"column":54}},"type":"binary-expr","locations":[{"start":{"line":2,"column":8},"end":{"line":2,"column":19}},{"start":{"line":2,"column":23},"end":{"line":2,"column":54}}],"line":2}},"s":{"0":0,"1":0,"2":0,"3":0,"4":0,"5":0,"6":0,"7":0},"f":{"0":0,"1":0},"b":{"0":[0,0],"1":[0,0]}}
,"C:\\Users\\alist\\IdeaProjects\\InfoSafe\\Frontend\\infosafe_frontend\\src\\components\\About.js": {"path":"C:\\Users\\alist\\IdeaProjects\\InfoSafe\\Frontend\\infosafe_frontend\\src\\components\\About.js","statementMap":{"0":{"start":{"line":5,"column":21},"end":{"line":23,"column":1}},"1":{"start":{"line":6,"column":4},"end":{"line":22,"column":5}}},"fnMap":{"0":{"name":"(anonymous_0)","decl":{"start":{"line":5,"column":21},"end":{"line":5,"column":22}},"loc":{"start":{"line":5,"column":27},"end":{"line":23,"column":1}},"line":5}},"branchMap":{},"s":{"0":0,"1":0},"f":{"0":0},"b":{}}
,"C:\\Users\\alist\\IdeaProjects\\InfoSafe\\Frontend\\infosafe_frontend\\src\\components\\ConfirmDelete.js": {"path":"C:\\Users\\alist\\IdeaProjects\\InfoSafe\\Frontend\\infosafe_frontend\\src\\components\\ConfirmDelete.js","statementMap":{"0":{"start":{"line":5,"column":29},"end":{"line":29,"column":1}},"1":{"start":{"line":6,"column":20},"end":{"line":9,"column":5}},"2":{"start":{"line":7,"column":8},"end":{"line":7,"column":20}},"3":{"start":{"line":8,"column":8},"end":{"line":8,"column":21}},"4":{"start":{"line":12,"column":4},"end":{"line":28,"column":5}}},"fnMap":{"0":{"name":"(anonymous_0)","decl":{"start":{"line":5,"column":29},"end":{"line":5,"column":30}},"loc":{"start":{"line":5,"column":69},"end":{"line":29,"column":1}},"line":5},"1":{"name":"(anonymous_1)","decl":{"start":{"line":6,"column":20},"end":{"line":6,"column":21}},"loc":{"start":{"line":6,"column":25},"end":{"line":9,"column":5}},"line":6}},"branchMap":{},"s":{"0":0,"1":0,"2":0,"3":0,"4":0},"f":{"0":0,"1":0},"b":{}}
,"C:\\Users\\alist\\IdeaProjects\\InfoSafe\\Frontend\\infosafe_frontend\\src\\components\\CustomStyling.js": {"path":"C:\\Users\\alist\\IdeaProjects\\InfoSafe\\Frontend\\infosafe_frontend\\src\\components\\CustomStyling.js","statementMap":{"0":{"start":{"line":2,"column":27},"end":{"line":47,"column":1}},"1":{"start":{"line":3,"column":31},"end":{"line":14,"column":5}},"2":{"start":{"line":15,"column":19},"end":{"line":22,"column":5}},"3":{"start":{"line":23,"column":23},"end":{"line":28,"column":5}},"4":{"start":{"line":29,"column":32},"end":{"line":32,"column":5}},"5":{"start":{"line":33,"column":26},"end":{"line":36,"column":5}},"6":{"start":{"line":37,"column":25},"end":{"line":41,"column":5}},"7":{"start":{"line":42,"column":20},"end":{"line":46,"column":5}}},"fnMap":{"0":{"name":"(anonymous_0)","decl":{"start":{"line":3,"column":13},"end":{"line":3,"column":14}},"loc":{"start":{"line":3,"column":31},"end":{"line":14,"column":5}},"line":3},"1":{"name":"(anonymous_1)","decl":{"start":{"line":15,"column":10},"end":{"line":15,"column":11}},"loc":{"start":{"line":15,"column":19},"end":{"line":22,"column":5}},"line":15},"2":{"name":"(anonymous_2)","decl":{"start":{"line":23,"column":14},"end":{"line":23,"column":15}},"loc":{"start":{"line":23,"column":23},"end":{"line":28,"column":5}},"line":23},"3":{"name":"(anonymous_3)","decl":{"start":{"line":29,"column":23},"end":{"line":29,"column":24}},"loc":{"start":{"line":29,"column":32},"end":{"line":32,"column":5}},"line":29},"4":{"name":"(anonymous_4)","decl":{"start":{"line":33,"column":17},"end":{"line":33,"column":18}},"loc":{"start":{"line":33,"column":26},"end":{"line":36,"column":5}},"line":33},"5":{"name":"(anonymous_5)","decl":{"start":{"line":37,"column":16},"end":{"line":37,"column":17}},"loc":{"start":{"line":37,"column":25},"end":{"line":41,"column":5}},"line":37},"6":{"name":"(anonymous_6)","decl":{"start":{"line":42,"column":11},"end":{"line":42,"column":12}},"loc":{"start":{"line":42,"column":20},"end":{"line":46,"column":5}},"line":42}},"branchMap":{"0":{"loc":{"start":{"line":7,"column":22},"end":{"line":7,"column":57}},"type":"cond-expr","locations":[{"start":{"line":7,"column":40},"end":{"line":7,"column":53}},{"start":{"line":7,"column":56},"end":{"line":7,"column":57}}],"line":7},"1":{"loc":{"start":{"line":9,"column":19},"end":{"line":9,"column":48}},"type":"cond-expr","locations":[{"start":{"line":9,"column":37},"end":{"line":9,"column":41}},{"start":{"line":9,"column":44},"end":{"line":9,"column":48}}],"line":9},"2":{"loc":{"start":{"line":12,"column":21},"end":{"line":12,"column":61}},"type":"cond-expr","locations":[{"start":{"line":12,"column":39},"end":{"line":12,"column":45}},{"start":{"line":12,"column":48},"end":{"line":12,"column":61}}],"line":12}},"s":{"0":9,"1":0,"2":0,"3":0,"4":0,"5":0,"6":0,"7":0},"f":{"0":0,"1":0,"2":0,"3":0,"4":0,"5":0,"6":0},"b":{"0":[0,0],"1":[0,0],"2":[0,0]},"_coverageSchema":"1a1c01bbd47fc00a2c39e90264f33305004495a9","hash":"746f2a895faf58e01cd99a650cec54844ef150b9"}
,"C:\\Users\\alist\\IdeaProjects\\InfoSafe\\Frontend\\infosafe_frontend\\src\\components\\ForgotPassword.js": {"path":"C:\\Users\\alist\\IdeaProjects\\InfoSafe\\Frontend\\infosafe_frontend\\src\\components\\ForgotPassword.js","statementMap":{"0":{"start":{"line":4,"column":30},"end":{"line":110,"column":1}},"1":{"start":{"line":5,"column":30},"end":{"line":5,"column":42}},"2":{"start":{"line":6,"column":26},"end":{"line":6,"column":38}},"3":{"start":{"line":7,"column":42},"end":{"line":7,"column":54}},"4":{"start":{"line":8,"column":24},"end":{"line":34,"column":5}},"5":{"start":{"line":9,"column":8},"end":{"line":9,"column":20}},"6":{"start":{"line":10,"column":8},"end":{"line":10,"column":27}},"7":{"start":{"line":11,"column":23},"end":{"line":11,"column":48}},"8":{"start":{"line":13,"column":8},"end":{"line":33,"column":15}},"9":{"start":{"line":21,"column":12},"end":{"line":29,"column":13}},"10":{"start":{"line":22,"column":16},"end":{"line":22,"column":42}},"11":{"start":{"line":25,"column":16},"end":{"line":28,"column":19}},"12":{"start":{"line":27,"column":20},"end":{"line":27,"column":48}},"13":{"start":{"line":32,"column":16},"end":{"line":32,"column":37}},"14":{"start":{"line":35,"column":30},"end":{"line":58,"column":5}},"15":{"start":{"line":36,"column":23},"end":{"line":36,"column":48}},"16":{"start":{"line":37,"column":8},"end":{"line":57,"column":15}},"17":{"start":{"line":45,"column":12},"end":{"line":53,"column":13}},"18":{"start":{"line":46,"column":16},"end":{"line":46,"column":48}},"19":{"start":{"line":49,"column":16},"end":{"line":52,"column":19}},"20":{"start":{"line":51,"column":20},"end":{"line":51,"column":48}},"21":{"start":{"line":56,"column":16},"end":{"line":56,"column":37}},"22":{"start":{"line":59,"column":23},"end":{"line":62,"column":5}},"23":{"start":{"line":60,"column":8},"end":{"line":60,"column":69}},"24":{"start":{"line":61,"column":8},"end":{"line":61,"column":69}},"25":{"start":{"line":63,"column":21},"end":{"line":66,"column":5}},"26":{"start":{"line":64,"column":8},"end":{"line":64,"column":67}},"27":{"start":{"line":65,"column":8},"end":{"line":65,"column":74}},"28":{"start":{"line":68,"column":30},"end":{"line":70,"column":5}},"29":{"start":{"line":69,"column":8},"end":{"line":69,"column":37}},"30":{"start":{"line":72,"column":28},"end":{"line":74,"column":5}},"31":{"start":{"line":73,"column":8},"end":{"line":73,"column":35}},"32":{"start":{"line":76,"column":36},"end":{"line":78,"column":5}},"33":{"start":{"line":77,"column":8},"end":{"line":77,"column":43}},"34":{"start":{"line":80,"column":4},"end":{"line":108,"column":6}}},"fnMap":{"0":{"name":"(anonymous_0)","decl":{"start":{"line":4,"column":30},"end":{"line":4,"column":31}},"loc":{"start":{"line":4,"column":36},"end":{"line":110,"column":1}},"line":4},"1":{"name":"(anonymous_1)","decl":{"start":{"line":8,"column":24},"end":{"line":8,"column":25}},"loc":{"start":{"line":8,"column":31},"end":{"line":34,"column":5}},"line":8},"2":{"name":"(anonymous_2)","decl":{"start":{"line":20,"column":16},"end":{"line":20,"column":17}},"loc":{"start":{"line":20,"column":30},"end":{"line":30,"column":9}},"line":20},"3":{"name":"(anonymous_3)","decl":{"start":{"line":25,"column":37},"end":{"line":25,"column":38}},"loc":{"start":{"line":25,"column":55},"end":{"line":28,"column":17}},"line":25},"4":{"name":"(anonymous_4)","decl":{"start":{"line":31,"column":19},"end":{"line":31,"column":20}},"loc":{"start":{"line":31,"column":30},"end":{"line":33,"column":13}},"line":31},"5":{"name":"(anonymous_5)","decl":{"start":{"line":35,"column":30},"end":{"line":35,"column":31}},"loc":{"start":{"line":35,"column":37},"end":{"line":58,"column":5}},"line":35},"6":{"name":"(anonymous_6)","decl":{"start":{"line":44,"column":16},"end":{"line":44,"column":17}},"loc":{"start":{"line":44,"column":30},"end":{"line":54,"column":9}},"line":44},"7":{"name":"(anonymous_7)","decl":{"start":{"line":49,"column":37},"end":{"line":49,"column":38}},"loc":{"start":{"line":49,"column":55},"end":{"line":52,"column":17}},"line":49},"8":{"name":"(anonymous_8)","decl":{"start":{"line":55,"column":19},"end":{"line":55,"column":20}},"loc":{"start":{"line":55,"column":30},"end":{"line":57,"column":13}},"line":55},"9":{"name":"(anonymous_9)","decl":{"start":{"line":59,"column":23},"end":{"line":59,"column":24}},"loc":{"start":{"line":59,"column":29},"end":{"line":62,"column":5}},"line":59},"10":{"name":"(anonymous_10)","decl":{"start":{"line":63,"column":21},"end":{"line":63,"column":22}},"loc":{"start":{"line":63,"column":27},"end":{"line":66,"column":5}},"line":63},"11":{"name":"(anonymous_11)","decl":{"start":{"line":68,"column":30},"end":{"line":68,"column":31}},"loc":{"start":{"line":68,"column":41},"end":{"line":70,"column":5}},"line":68},"12":{"name":"(anonymous_12)","decl":{"start":{"line":72,"column":28},"end":{"line":72,"column":29}},"loc":{"start":{"line":72,"column":39},"end":{"line":74,"column":5}},"line":72},"13":{"name":"(anonymous_13)","decl":{"start":{"line":76,"column":36},"end":{"line":76,"column":37}},"loc":{"start":{"line":76,"column":47},"end":{"line":78,"column":5}},"line":76}},"branchMap":{"0":{"loc":{"start":{"line":21,"column":12},"end":{"line":29,"column":13}},"type":"if","locations":[{"start":{"line":21,"column":12},"end":{"line":29,"column":13}},{"start":{"line":24,"column":19},"end":{"line":29,"column":13}}],"line":21},"1":{"loc":{"start":{"line":45,"column":12},"end":{"line":53,"column":13}},"type":"if","locations":[{"start":{"line":45,"column":12},"end":{"line":53,"column":13}},{"start":{"line":48,"column":19},"end":{"line":53,"column":13}}],"line":45}},"s":{"0":0,"1":0,"2":0,"3":0,"4":0,"5":0,"6":0,"7":0,"8":0,"9":0,"10":0,"11":0,"12":0,"13":0,"14":0,"15":0,"16":0,"17":0,"18":0,"19":0,"20":0,"21":0,"22":0,"23":0,"24":0,"25":0,"26":0,"27":0,"28":0,"29":0,"30":0,"31":0,"32":0,"33":0,"34":0},"f":{"0":0,"1":0,"2":0,"3":0,"4":0,"5":0,"6":0,"7":0,"8":0,"9":0,"10":0,"11":0,"12":0,"13":0},"b":{"0":[0,0],"1":[0,0]}}
,"C:\\Users\\alist\\IdeaProjects\\InfoSafe\\Frontend\\infosafe_frontend\\src\\components\\Help.js": {"path":"C:\\Users\\alist\\IdeaProjects\\InfoSafe\\Frontend\\infosafe_frontend\\src\\components\\Help.js","statementMap":{"0":{"start":{"line":5,"column":20},"end":{"line":14,"column":1}},"1":{"start":{"line":7,"column":4},"end":{"line":13,"column":5}}},"fnMap":{"0":{"name":"(anonymous_0)","decl":{"start":{"line":5,"column":20},"end":{"line":5,"column":21}},"loc":{"start":{"line":5,"column":26},"end":{"line":14,"column":1}},"line":5}},"branchMap":{},"s":{"0":0,"1":0},"f":{"0":0},"b":{}}
,"C:\\Users\\alist\\IdeaProjects\\InfoSafe\\Frontend\\infosafe_frontend\\src\\components\\HelpPopup.js": {"path":"C:\\Users\\alist\\IdeaProjects\\InfoSafe\\Frontend\\infosafe_frontend\\src\\components\\HelpPopup.js","statementMap":{"0":{"start":{"line":5,"column":25},"end":{"line":26,"column":1}},"1":{"start":{"line":7,"column":4},"end":{"line":25,"column":5}}},"fnMap":{"0":{"name":"(anonymous_0)","decl":{"start":{"line":5,"column":25},"end":{"line":5,"column":26}},"loc":{"start":{"line":5,"column":70},"end":{"line":26,"column":1}},"line":5}},"branchMap":{},"s":{"0":1,"1":0},"f":{"0":0},"b":{},"_coverageSchema":"1a1c01bbd47fc00a2c39e90264f33305004495a9","hash":"8d89994d1cb14515a68a15f6118724b2e9d5b7e2"}
,"C:\\Users\\alist\\IdeaProjects\\InfoSafe\\Frontend\\infosafe_frontend\\src\\components\\Login.js": {"path":"C:\\Users\\alist\\IdeaProjects\\InfoSafe\\Frontend\\infosafe_frontend\\src\\components\\Login.js","statementMap":{"0":{"start":{"line":5,"column":26},"end":{"line":5,"column":38}},"1":{"start":{"line":6,"column":32},"end":{"line":6,"column":44}},"2":{"start":{"line":7,"column":24},"end":{"line":27,"column":5}},"3":{"start":{"line":8,"column":8},"end":{"line":8,"column":26}},"4":{"start":{"line":9,"column":22},"end":{"line":9,"column":39}},"5":{"start":{"line":10,"column":8},"end":{"line":26,"column":10}},"6":{"start":{"line":16,"column":12},"end":{"line":25,"column":13}},"7":{"start":{"line":17,"column":16},"end":{"line":22,"column":19}},"8":{"start":{"line":18,"column":45},"end":{"line":18,"column":49}},"9":{"start":{"line":19,"column":20},"end":{"line":19,"column":72}},"10":{"start":{"line":20,"column":20},"end":{"line":20,"column":53}},"11":{"start":{"line":21,"column":20},"end":{"line":21,"column":51}},"12":{"start":{"line":24,"column":16},"end":{"line":24,"column":56}},"13":{"start":{"line":29,"column":24},"end":{"line":35,"column":5}},"14":{"start":{"line":30,"column":8},"end":{"line":33,"column":9}},"15":{"start":{"line":32,"column":12},"end":{"line":32,"column":56}},"16":{"start":{"line":37,"column":19},"end":{"line":39,"column":5}},"17":{"start":{"line":38,"column":8},"end":{"line":38,"column":49}},"18":{"start":{"line":42,"column":4},"end":{"line":86,"column":6}},"19":{"start":{"line":61,"column":53},"end":{"line":61,"column":77}},"20":{"start":{"line":73,"column":53},"end":{"line":73,"column":80}}},"fnMap":{"0":{"name":"Login","decl":{"start":{"line":4,"column":9},"end":{"line":4,"column":14}},"loc":{"start":{"line":4,"column":16},"end":{"line":87,"column":1}},"line":4},"1":{"name":"(anonymous_1)","decl":{"start":{"line":7,"column":24},"end":{"line":7,"column":25}},"loc":{"start":{"line":7,"column":31},"end":{"line":27,"column":5}},"line":7},"2":{"name":"(anonymous_2)","decl":{"start":{"line":14,"column":16},"end":{"line":14,"column":17}},"loc":{"start":{"line":14,"column":30},"end":{"line":26,"column":9}},"line":14},"3":{"name":"(anonymous_3)","decl":{"start":{"line":17,"column":37},"end":{"line":17,"column":38}},"loc":{"start":{"line":17,"column":47},"end":{"line":22,"column":17}},"line":17},"4":{"name":"(anonymous_4)","decl":{"start":{"line":29,"column":24},"end":{"line":29,"column":25}},"loc":{"start":{"line":29,"column":29},"end":{"line":35,"column":5}},"line":29},"5":{"name":"(anonymous_5)","decl":{"start":{"line":37,"column":19},"end":{"line":37,"column":20}},"loc":{"start":{"line":37,"column":24},"end":{"line":39,"column":5}},"line":37},"6":{"name":"(anonymous_6)","decl":{"start":{"line":61,"column":46},"end":{"line":61,"column":47}},"loc":{"start":{"line":61,"column":53},"end":{"line":61,"column":77}},"line":61},"7":{"name":"(anonymous_7)","decl":{"start":{"line":73,"column":46},"end":{"line":73,"column":47}},"loc":{"start":{"line":73,"column":53},"end":{"line":73,"column":80}},"line":73}},"branchMap":{"0":{"loc":{"start":{"line":16,"column":12},"end":{"line":25,"column":13}},"type":"if","locations":[{"start":{"line":16,"column":12},"end":{"line":25,"column":13}},{"start":{"line":23,"column":19},"end":{"line":25,"column":13}}],"line":16},"1":{"loc":{"start":{"line":30,"column":8},"end":{"line":33,"column":9}},"type":"if","locations":[{"start":{"line":30,"column":8},"end":{"line":33,"column":9}},{"start":{},"end":{}}],"line":30}},"s":{"0":0,"1":0,"2":0,"3":0,"4":0,"5":0,"6":0,"7":0,"8":0,"9":0,"10":0,"11":0,"12":0,"13":0,"14":0,"15":0,"16":0,"17":0,"18":0,"19":0,"20":0},"f":{"0":0,"1":0,"2":0,"3":0,"4":0,"5":0,"6":0,"7":0},"b":{"0":[0,0],"1":[0,0]}}
,"C:\\Users\\alist\\IdeaProjects\\InfoSafe\\Frontend\\infosafe_frontend\\src\\components\\TaskApprovalPopup.js": {"path":"C:\\Users\\alist\\IdeaProjects\\InfoSafe\\Frontend\\infosafe_frontend\\src\\components\\TaskApprovalPopup.js","statementMap":{"0":{"start":{"line":8,"column":16},"end":{"line":8,"column":64}},"1":{"start":{"line":10,"column":21},"end":{"line":50,"column":1}},"2":{"start":{"line":11,"column":31},"end":{"line":22,"column":5}},"3":{"start":{"line":23,"column":19},"end":{"line":30,"column":5}},"4":{"start":{"line":31,"column":23},"end":{"line":36,"column":5}},"5":{"start":{"line":37,"column":32},"end":{"line":40,"column":5}},"6":{"start":{"line":41,"column":26},"end":{"line":44,"column":5}},"7":{"start":{"line":45,"column":25},"end":{"line":49,"column":5}},"8":{"start":{"line":52,"column":28},"end":{"line":98,"column":1}},"9":{"start":{"line":53,"column":4},"end":{"line":97,"column":6}},"10":{"start":{"line":72,"column":65},"end":{"line":72,"column":110}}},"fnMap":{"0":{"name":"(anonymous_0)","decl":{"start":{"line":11,"column":13},"end":{"line":11,"column":14}},"loc":{"start":{"line":11,"column":31},"end":{"line":22,"column":5}},"line":11},"1":{"name":"(anonymous_1)","decl":{"start":{"line":23,"column":10},"end":{"line":23,"column":11}},"loc":{"start":{"line":23,"column":19},"end":{"line":30,"column":5}},"line":23},"2":{"name":"(anonymous_2)","decl":{"start":{"line":31,"column":14},"end":{"line":31,"column":15}},"loc":{"start":{"line":31,"column":23},"end":{"line":36,"column":5}},"line":31},"3":{"name":"(anonymous_3)","decl":{"start":{"line":37,"column":23},"end":{"line":37,"column":24}},"loc":{"start":{"line":37,"column":32},"end":{"line":40,"column":5}},"line":37},"4":{"name":"(anonymous_4)","decl":{"start":{"line":41,"column":17},"end":{"line":41,"column":18}},"loc":{"start":{"line":41,"column":26},"end":{"line":44,"column":5}},"line":41},"5":{"name":"(anonymous_5)","decl":{"start":{"line":45,"column":16},"end":{"line":45,"column":17}},"loc":{"start":{"line":45,"column":25},"end":{"line":49,"column":5}},"line":45},"6":{"name":"(anonymous_6)","decl":{"start":{"line":52,"column":28},"end":{"line":52,"column":29}},"loc":{"start":{"line":52,"column":65},"end":{"line":98,"column":1}},"line":52},"7":{"name":"(anonymous_7)","decl":{"start":{"line":72,"column":54},"end":{"line":72,"column":55}},"loc":{"start":{"line":72,"column":65},"end":{"line":72,"column":110}},"line":72}},"branchMap":{"0":{"loc":{"start":{"line":15,"column":22},"end":{"line":15,"column":57}},"type":"cond-expr","locations":[{"start":{"line":15,"column":40},"end":{"line":15,"column":53}},{"start":{"line":15,"column":56},"end":{"line":15,"column":57}}],"line":15},"1":{"loc":{"start":{"line":17,"column":19},"end":{"line":17,"column":48}},"type":"cond-expr","locations":[{"start":{"line":17,"column":37},"end":{"line":17,"column":41}},{"start":{"line":17,"column":44},"end":{"line":17,"column":48}}],"line":17},"2":{"loc":{"start":{"line":20,"column":21},"end":{"line":20,"column":61}},"type":"cond-expr","locations":[{"start":{"line":20,"column":39},"end":{"line":20,"column":45}},{"start":{"line":20,"column":48},"end":{"line":20,"column":61}}],"line":20},"3":{"loc":{"start":{"line":69,"column":25},"end":{"line":80,"column":25}},"type":"cond-expr","locations":[{"start":{"line":70,"column":28},"end":{"line":77,"column":30}},{"start":{"line":79,"column":28},"end":{"line":79,"column":45}}],"line":69},"4":{"loc":{"start":{"line":69,"column":25},"end":{"line":69,"column":60}},"type":"binary-expr","locations":[{"start":{"line":69,"column":25},"end":{"line":69,"column":35}},{"start":{"line":69,"column":39},"end":{"line":69,"column":60}}],"line":69}},"s":{"0":0,"1":0,"2":0,"3":0,"4":0,"5":0,"6":0,"7":0,"8":0,"9":0,"10":0},"f":{"0":0,"1":0,"2":0,"3":0,"4":0,"5":0,"6":0,"7":0},"b":{"0":[0,0],"1":[0,0],"2":[0,0],"3":[0,0],"4":[0,0]}}
,"C:\\Users\\alist\\IdeaProjects\\InfoSafe\\Frontend\\infosafe_frontend\\src\\components\\Charts\\Dashboard.js": {"path":"C:\\Users\\alist\\IdeaProjects\\InfoSafe\\Frontend\\infosafe_frontend\\src\\components\\Charts\\Dashboard.js","statementMap":{"0":{"start":{"line":11,"column":25},"end":{"line":176,"column":5}},"1":{"start":{"line":12,"column":73},"end":{"line":12,"column":94}},"2":{"start":{"line":13,"column":37},"end":{"line":13,"column":54}},"3":{"start":{"line":14,"column":50},"end":{"line":14,"column":62}},"4":{"start":{"line":15,"column":24},"end":{"line":15,"column":37}},"5":{"start":{"line":16,"column":44},"end":{"line":16,"column":59}},"6":{"start":{"line":17,"column":48},"end":{"line":17,"column":59}},"7":{"start":{"line":18,"column":31},"end":{"line":18,"column":32}},"8":{"start":{"line":20,"column":8},"end":{"line":64,"column":15}},"9":{"start":{"line":21,"column":30},"end":{"line":61,"column":13}},"10":{"start":{"line":22,"column":36},"end":{"line":22,"column":73}},"11":{"start":{"line":24,"column":38},"end":{"line":49,"column":17}},"12":{"start":{"line":51,"column":16},"end":{"line":60,"column":17}},"13":{"start":{"line":52,"column":38},"end":{"line":52,"column":70}},"14":{"start":{"line":53,"column":33},"end":{"line":53,"column":86}},"15":{"start":{"line":53,"column":74},"end":{"line":53,"column":84}},"16":{"start":{"line":54,"column":80},"end":{"line":54,"column":84}},"17":{"start":{"line":55,"column":20},"end":{"line":55,"column":69}},"18":{"start":{"line":56,"column":20},"end":{"line":56,"column":51}},"19":{"start":{"line":57,"column":20},"end":{"line":57,"column":40}},"20":{"start":{"line":59,"column":20},"end":{"line":59,"column":65}},"21":{"start":{"line":63,"column":12},"end":{"line":63,"column":24}},"22":{"start":{"line":66,"column":8},"end":{"line":70,"column":9}},"23":{"start":{"line":67,"column":12},"end":{"line":67,"column":46}},"24":{"start":{"line":69,"column":12},"end":{"line":69,"column":48}},"25":{"start":{"line":72,"column":8},"end":{"line":175,"column":10}},"26":{"start":{"line":134,"column":40},"end":{"line":137,"column":45}},"27":{"start":{"line":150,"column":40},"end":{"line":152,"column":45}},"28":{"start":{"line":162,"column":40},"end":{"line":167,"column":45}}},"fnMap":{"0":{"name":"(anonymous_0)","decl":{"start":{"line":11,"column":25},"end":{"line":11,"column":26}},"loc":{"start":{"line":11,"column":31},"end":{"line":176,"column":5}},"line":11},"1":{"name":"(anonymous_1)","decl":{"start":{"line":20,"column":18},"end":{"line":20,"column":19}},"loc":{"start":{"line":20,"column":24},"end":{"line":64,"column":9}},"line":20},"2":{"name":"(anonymous_2)","decl":{"start":{"line":21,"column":30},"end":{"line":21,"column":31}},"loc":{"start":{"line":21,"column":42},"end":{"line":61,"column":13}},"line":21},"3":{"name":"(anonymous_3)","decl":{"start":{"line":53,"column":65},"end":{"line":53,"column":66}},"loc":{"start":{"line":53,"column":74},"end":{"line":53,"column":84}},"line":53},"4":{"name":"(anonymous_4)","decl":{"start":{"line":133,"column":49},"end":{"line":133,"column":50}},"loc":{"start":{"line":134,"column":40},"end":{"line":137,"column":45}},"line":134},"5":{"name":"(anonymous_5)","decl":{"start":{"line":149,"column":50},"end":{"line":149,"column":51}},"loc":{"start":{"line":150,"column":40},"end":{"line":152,"column":45}},"line":150},"6":{"name":"(anonymous_6)","decl":{"start":{"line":161,"column":55},"end":{"line":161,"column":56}},"loc":{"start":{"line":162,"column":40},"end":{"line":167,"column":45}},"line":162}},"branchMap":{"0":{"loc":{"start":{"line":66,"column":8},"end":{"line":70,"column":9}},"type":"if","locations":[{"start":{"line":66,"column":8},"end":{"line":70,"column":9}},{"start":{"line":68,"column":15},"end":{"line":70,"column":9}}],"line":66},"1":{"loc":{"start":{"line":66,"column":12},"end":{"line":66,"column":123}},"type":"binary-expr","locations":[{"start":{"line":66,"column":12},"end":{"line":66,"column":47}},{"start":{"line":66,"column":51},"end":{"line":66,"column":84}},{"start":{"line":66,"column":88},"end":{"line":66,"column":123}}],"line":66}},"s":{"0":1,"1":1,"2":1,"3":1,"4":1,"5":1,"6":1,"7":1,"8":1,"9":1,"10":1,"11":1,"12":0,"13":0,"14":0,"15":0,"16":0,"17":0,"18":0,"19":0,"20":0,"21":1,"22":1,"23":0,"24":1,"25":1,"26":0,"27":0,"28":0},"f":{"0":1,"1":1,"2":1,"3":0,"4":0,"5":0,"6":0},"b":{"0":[0,1],"1":[1,1,1]},"_coverageSchema":"1a1c01bbd47fc00a2c39e90264f33305004495a9","hash":"6e0ce2467791b53ae41303266fa876d3cee29071"}
,"C:\\Users\\alist\\IdeaProjects\\InfoSafe\\Frontend\\infosafe_frontend\\src\\components\\Charts\\SystemAnalyticsChart.js": {"path":"C:\\Users\\alist\\IdeaProjects\\InfoSafe\\Frontend\\infosafe_frontend\\src\\components\\Charts\\SystemAnalyticsChart.js","statementMap":{"0":{"start":{"line":4,"column":29},"end":{"line":150,"column":1}},"1":{"start":{"line":5,"column":27},"end":{"line":5,"column":39}},"2":{"start":{"line":6,"column":40},"end":{"line":6,"column":55}},"3":{"start":{"line":7,"column":38},"end":{"line":7,"column":52}},"4":{"start":{"line":9,"column":4},"end":{"line":89,"column":11}},"5":{"start":{"line":10,"column":26},"end":{"line":86,"column":9}},"6":{"start":{"line":11,"column":32},"end":{"line":11,"column":69}},"7":{"start":{"line":13,"column":34},"end":{"line":74,"column":13}},"8":{"start":{"line":76,"column":12},"end":{"line":85,"column":13}},"9":{"start":{"line":77,"column":34},"end":{"line":77,"column":66}},"10":{"start":{"line":78,"column":29},"end":{"line":78,"column":82}},"11":{"start":{"line":78,"column":70},"end":{"line":78,"column":80}},"12":{"start":{"line":80,"column":160},"end":{"line":80,"column":164}},"13":{"start":{"line":81,"column":16},"end":{"line":81,"column":166}},"14":{"start":{"line":82,"column":16},"end":{"line":82,"column":36}},"15":{"start":{"line":84,"column":16},"end":{"line":84,"column":61}},"16":{"start":{"line":88,"column":8},"end":{"line":88,"column":20}},"17":{"start":{"line":91,"column":4},"end":{"line":143,"column":32}},"18":{"start":{"line":92,"column":8},"end":{"line":142,"column":9}},"19":{"start":{"line":93,"column":156},"end":{"line":93,"column":165}},"20":{"start":{"line":95,"column":33},"end":{"line":95,"column":72}},"21":{"start":{"line":96,"column":12},"end":{"line":141,"column":15}},"22":{"start":{"line":145,"column":4},"end":{"line":149,"column":6}}},"fnMap":{"0":{"name":"(anonymous_0)","decl":{"start":{"line":4,"column":29},"end":{"line":4,"column":30}},"loc":{"start":{"line":4,"column":35},"end":{"line":150,"column":1}},"line":4},"1":{"name":"(anonymous_1)","decl":{"start":{"line":9,"column":14},"end":{"line":9,"column":15}},"loc":{"start":{"line":9,"column":20},"end":{"line":89,"column":5}},"line":9},"2":{"name":"(anonymous_2)","decl":{"start":{"line":10,"column":26},"end":{"line":10,"column":27}},"loc":{"start":{"line":10,"column":38},"end":{"line":86,"column":9}},"line":10},"3":{"name":"(anonymous_3)","decl":{"start":{"line":78,"column":61},"end":{"line":78,"column":62}},"loc":{"start":{"line":78,"column":70},"end":{"line":78,"column":80}},"line":78},"4":{"name":"(anonymous_4)","decl":{"start":{"line":91,"column":14},"end":{"line":91,"column":15}},"loc":{"start":{"line":91,"column":20},"end":{"line":143,"column":5}},"line":91}},"branchMap":{"0":{"loc":{"start":{"line":92,"column":8},"end":{"line":142,"column":9}},"type":"if","locations":[{"start":{"line":92,"column":8},"end":{"line":142,"column":9}},{"start":{},"end":{}}],"line":92},"1":{"loc":{"start":{"line":92,"column":12},"end":{"line":92,"column":35}},"type":"binary-expr","locations":[{"start":{"line":92,"column":12},"end":{"line":92,"column":22}},{"start":{"line":92,"column":26},"end":{"line":92,"column":35}}],"line":92}},"s":{"0":1,"1":1,"2":1,"3":1,"4":1,"5":1,"6":1,"7":1,"8":0,"9":0,"10":0,"11":0,"12":0,"13":0,"14":0,"15":0,"16":1,"17":1,"18":1,"19":0,"20":0,"21":0,"22":1},"f":{"0":1,"1":1,"2":1,"3":0,"4":1},"b":{"0":[0,1],"1":[1,0]},"_coverageSchema":"1a1c01bbd47fc00a2c39e90264f33305004495a9","hash":"32f3dc5fa02d6fb57768df86ae287c5863b53d5b"}
,"C:\\Users\\alist\\IdeaProjects\\InfoSafe\\Frontend\\infosafe_frontend\\src\\components\\Charts\\TasksChart.js": {"path":"C:\\Users\\alist\\IdeaProjects\\InfoSafe\\Frontend\\infosafe_frontend\\src\\components\\Charts\\TasksChart.js","statementMap":{"0":{"start":{"line":4,"column":19},"end":{"line":61,"column":1}},"1":{"start":{"line":5,"column":27},"end":{"line":5,"column":39}},"2":{"start":{"line":6,"column":38},"end":{"line":6,"column":49}},"3":{"start":{"line":7,"column":46},"end":{"line":7,"column":60}},"4":{"start":{"line":9,"column":4},"end":{"line":23,"column":11}},"5":{"start":{"line":10,"column":8},"end":{"line":22,"column":15}},"6":{"start":{"line":16,"column":27},"end":{"line":16,"column":37}},"7":{"start":{"line":18,"column":16},"end":{"line":18,"column":37}},"8":{"start":{"line":21,"column":16},"end":{"line":21,"column":66}},"9":{"start":{"line":25,"column":4},"end":{"line":54,"column":20}},"10":{"start":{"line":26,"column":8},"end":{"line":28,"column":9}},"11":{"start":{"line":27,"column":12},"end":{"line":27,"column":36}},"12":{"start":{"line":30,"column":29},"end":{"line":30,"column":68}},"13":{"start":{"line":31,"column":33},"end":{"line":51,"column":10}},"14":{"start":{"line":53,"column":8},"end":{"line":53,"column":43}},"15":{"start":{"line":56,"column":4},"end":{"line":60,"column":6}}},"fnMap":{"0":{"name":"(anonymous_0)","decl":{"start":{"line":4,"column":19},"end":{"line":4,"column":20}},"loc":{"start":{"line":4,"column":25},"end":{"line":61,"column":1}},"line":4},"1":{"name":"(anonymous_1)","decl":{"start":{"line":9,"column":14},"end":{"line":9,"column":15}},"loc":{"start":{"line":9,"column":20},"end":{"line":23,"column":5}},"line":9},"2":{"name":"(anonymous_2)","decl":{"start":{"line":16,"column":18},"end":{"line":16,"column":19}},"loc":{"start":{"line":16,"column":27},"end":{"line":16,"column":37}},"line":16},"3":{"name":"(anonymous_3)","decl":{"start":{"line":17,"column":18},"end":{"line":17,"column":19}},"loc":{"start":{"line":17,"column":30},"end":{"line":19,"column":13}},"line":17},"4":{"name":"(anonymous_4)","decl":{"start":{"line":20,"column":19},"end":{"line":20,"column":20}},"loc":{"start":{"line":20,"column":30},"end":{"line":22,"column":13}},"line":20},"5":{"name":"(anonymous_5)","decl":{"start":{"line":25,"column":14},"end":{"line":25,"column":15}},"loc":{"start":{"line":25,"column":20},"end":{"line":54,"column":5}},"line":25}},"branchMap":{"0":{"loc":{"start":{"line":26,"column":8},"end":{"line":28,"column":9}},"type":"if","locations":[{"start":{"line":26,"column":8},"end":{"line":28,"column":9}},{"start":{},"end":{}}],"line":26}},"s":{"0":1,"1":2,"2":2,"3":2,"4":2,"5":1,"6":0,"7":0,"8":0,"9":2,"10":1,"11":0,"12":1,"13":1,"14":1,"15":2},"f":{"0":2,"1":1,"2":0,"3":0,"4":0,"5":1},"b":{"0":[0,1]},"_coverageSchema":"1a1c01bbd47fc00a2c39e90264f33305004495a9","hash":"90ba4228cbd2649a09887a8c4d392c025e727e57"}
,"C:\\Users\\alist\\IdeaProjects\\InfoSafe\\Frontend\\infosafe_frontend\\src\\components\\Charts\\useCurrentDataScope.js": {"path":"C:\\Users\\alist\\IdeaProjects\\InfoSafe\\Frontend\\infosafe_frontend\\src\\components\\Charts\\useCurrentDataScope.js","statementMap":{"0":{"start":{"line":4,"column":35},"end":{"line":76,"column":1}},"1":{"start":{"line":5,"column":48},"end":{"line":5,"column":59}},"2":{"start":{"line":6,"column":52},"end":{"line":6,"column":63}},"3":{"start":{"line":7,"column":4},"end":{"line":17,"column":11}},"4":{"start":{"line":8,"column":8},"end":{"line":16,"column":15}},"5":{"start":{"line":13,"column":25},"end":{"line":13,"column":35}},"6":{"start":{"line":15,"column":16},"end":{"line":15,"column":42}},"7":{"start":{"line":18,"column":4},"end":{"line":28,"column":11}},"8":{"start":{"line":19,"column":8},"end":{"line":27,"column":15}},"9":{"start":{"line":24,"column":25},"end":{"line":24,"column":35}},"10":{"start":{"line":26,"column":16},"end":{"line":26,"column":44}},"11":{"start":{"line":30,"column":40},"end":{"line":30,"column":51}},"12":{"start":{"line":31,"column":36},"end":{"line":31,"column":48}},"13":{"start":{"line":32,"column":4},"end":{"line":42,"column":11}},"14":{"start":{"line":33,"column":8},"end":{"line":41,"column":15}},"15":{"start":{"line":38,"column":25},"end":{"line":38,"column":35}},"16":{"start":{"line":40,"column":16},"end":{"line":40,"column":38}},"17":{"start":{"line":43,"column":4},"end":{"line":53,"column":11}},"18":{"start":{"line":44,"column":8},"end":{"line":52,"column":15}},"19":{"start":{"line":49,"column":25},"end":{"line":49,"column":35}},"20":{"start":{"line":51,"column":16},"end":{"line":51,"column":36}},"21":{"start":{"line":55,"column":42},"end":{"line":55,"column":53}},"22":{"start":{"line":56,"column":4},"end":{"line":66,"column":11}},"23":{"start":{"line":57,"column":8},"end":{"line":65,"column":15}},"24":{"start":{"line":62,"column":25},"end":{"line":62,"column":35}},"25":{"start":{"line":64,"column":16},"end":{"line":64,"column":39}},"26":{"start":{"line":69,"column":4},"end":{"line":75,"column":5}}},"fnMap":{"0":{"name":"(anonymous_0)","decl":{"start":{"line":4,"column":35},"end":{"line":4,"column":36}},"loc":{"start":{"line":4,"column":41},"end":{"line":76,"column":1}},"line":4},"1":{"name":"(anonymous_1)","decl":{"start":{"line":7,"column":14},"end":{"line":7,"column":15}},"loc":{"start":{"line":7,"column":20},"end":{"line":17,"column":5}},"line":7},"2":{"name":"(anonymous_2)","decl":{"start":{"line":13,"column":16},"end":{"line":13,"column":17}},"loc":{"start":{"line":13,"column":25},"end":{"line":13,"column":35}},"line":13},"3":{"name":"(anonymous_3)","decl":{"start":{"line":14,"column":18},"end":{"line":14,"column":19}},"loc":{"start":{"line":14,"column":30},"end":{"line":16,"column":13}},"line":14},"4":{"name":"(anonymous_4)","decl":{"start":{"line":18,"column":14},"end":{"line":18,"column":15}},"loc":{"start":{"line":18,"column":20},"end":{"line":28,"column":5}},"line":18},"5":{"name":"(anonymous_5)","decl":{"start":{"line":24,"column":16},"end":{"line":24,"column":17}},"loc":{"start":{"line":24,"column":25},"end":{"line":24,"column":35}},"line":24},"6":{"name":"(anonymous_6)","decl":{"start":{"line":25,"column":18},"end":{"line":25,"column":19}},"loc":{"start":{"line":25,"column":30},"end":{"line":27,"column":13}},"line":25},"7":{"name":"(anonymous_7)","decl":{"start":{"line":32,"column":14},"end":{"line":32,"column":15}},"loc":{"start":{"line":32,"column":20},"end":{"line":42,"column":5}},"line":32},"8":{"name":"(anonymous_8)","decl":{"start":{"line":38,"column":16},"end":{"line":38,"column":17}},"loc":{"start":{"line":38,"column":25},"end":{"line":38,"column":35}},"line":38},"9":{"name":"(anonymous_9)","decl":{"start":{"line":39,"column":18},"end":{"line":39,"column":19}},"loc":{"start":{"line":39,"column":30},"end":{"line":41,"column":13}},"line":39},"10":{"name":"(anonymous_10)","decl":{"start":{"line":43,"column":14},"end":{"line":43,"column":15}},"loc":{"start":{"line":43,"column":20},"end":{"line":53,"column":5}},"line":43},"11":{"name":"(anonymous_11)","decl":{"start":{"line":49,"column":16},"end":{"line":49,"column":17}},"loc":{"start":{"line":49,"column":25},"end":{"line":49,"column":35}},"line":49},"12":{"name":"(anonymous_12)","decl":{"start":{"line":50,"column":18},"end":{"line":50,"column":19}},"loc":{"start":{"line":50,"column":30},"end":{"line":52,"column":13}},"line":50},"13":{"name":"(anonymous_13)","decl":{"start":{"line":56,"column":14},"end":{"line":56,"column":15}},"loc":{"start":{"line":56,"column":20},"end":{"line":66,"column":5}},"line":56},"14":{"name":"(anonymous_14)","decl":{"start":{"line":62,"column":16},"end":{"line":62,"column":17}},"loc":{"start":{"line":62,"column":25},"end":{"line":62,"column":35}},"line":62},"15":{"name":"(anonymous_15)","decl":{"start":{"line":63,"column":18},"end":{"line":63,"column":19}},"loc":{"start":{"line":63,"column":30},"end":{"line":65,"column":13}},"line":63}},"branchMap":{},"s":{"0":3,"1":1,"2":1,"3":1,"4":1,"5":0,"6":0,"7":1,"8":1,"9":0,"10":0,"11":1,"12":1,"13":1,"14":1,"15":0,"16":0,"17":1,"18":1,"19":0,"20":0,"21":1,"22":1,"23":1,"24":0,"25":0,"26":1},"f":{"0":1,"1":1,"2":0,"3":0,"4":1,"5":0,"6":0,"7":1,"8":0,"9":0,"10":1,"11":0,"12":0,"13":1,"14":0,"15":0},"b":{},"_coverageSchema":"1a1c01bbd47fc00a2c39e90264f33305004495a9","hash":"b897b3d60d00eacdc3136f88a7d241c8fae60052"}
,"C:\\Users\\alist\\IdeaProjects\\InfoSafe\\Frontend\\infosafe_frontend\\src\\components\\Charts\\useCurrentTasks.js": {"path":"C:\\Users\\alist\\IdeaProjects\\InfoSafe\\Frontend\\infosafe_frontend\\src\\components\\Charts\\useCurrentTasks.js","statementMap":{"0":{"start":{"line":3,"column":31},"end":{"line":46,"column":1}},"1":{"start":{"line":4,"column":38},"end":{"line":4,"column":49}},"2":{"start":{"line":5,"column":34},"end":{"line":5,"column":46}},"3":{"start":{"line":6,"column":40},"end":{"line":6,"column":51}},"4":{"start":{"line":7,"column":4},"end":{"line":17,"column":11}},"5":{"start":{"line":8,"column":8},"end":{"line":16,"column":15}},"6":{"start":{"line":13,"column":25},"end":{"line":13,"column":35}},"7":{"start":{"line":15,"column":16},"end":{"line":15,"column":37}},"8":{"start":{"line":18,"column":4},"end":{"line":28,"column":11}},"9":{"start":{"line":19,"column":8},"end":{"line":27,"column":15}},"10":{"start":{"line":24,"column":25},"end":{"line":24,"column":35}},"11":{"start":{"line":26,"column":16},"end":{"line":26,"column":35}},"12":{"start":{"line":29,"column":4},"end":{"line":39,"column":11}},"13":{"start":{"line":30,"column":8},"end":{"line":38,"column":15}},"14":{"start":{"line":35,"column":25},"end":{"line":35,"column":35}},"15":{"start":{"line":37,"column":16},"end":{"line":37,"column":38}},"16":{"start":{"line":41,"column":4},"end":{"line":45,"column":5}}},"fnMap":{"0":{"name":"(anonymous_0)","decl":{"start":{"line":3,"column":31},"end":{"line":3,"column":32}},"loc":{"start":{"line":3,"column":37},"end":{"line":46,"column":1}},"line":3},"1":{"name":"(anonymous_1)","decl":{"start":{"line":7,"column":14},"end":{"line":7,"column":15}},"loc":{"start":{"line":7,"column":20},"end":{"line":17,"column":5}},"line":7},"2":{"name":"(anonymous_2)","decl":{"start":{"line":13,"column":16},"end":{"line":13,"column":17}},"loc":{"start":{"line":13,"column":25},"end":{"line":13,"column":35}},"line":13},"3":{"name":"(anonymous_3)","decl":{"start":{"line":14,"column":18},"end":{"line":14,"column":19}},"loc":{"start":{"line":14,"column":30},"end":{"line":16,"column":13}},"line":14},"4":{"name":"(anonymous_4)","decl":{"start":{"line":18,"column":14},"end":{"line":18,"column":15}},"loc":{"start":{"line":18,"column":20},"end":{"line":28,"column":5}},"line":18},"5":{"name":"(anonymous_5)","decl":{"start":{"line":24,"column":16},"end":{"line":24,"column":17}},"loc":{"start":{"line":24,"column":25},"end":{"line":24,"column":35}},"line":24},"6":{"name":"(anonymous_6)","decl":{"start":{"line":25,"column":18},"end":{"line":25,"column":19}},"loc":{"start":{"line":25,"column":30},"end":{"line":27,"column":13}},"line":25},"7":{"name":"(anonymous_7)","decl":{"start":{"line":29,"column":14},"end":{"line":29,"column":15}},"loc":{"start":{"line":29,"column":20},"end":{"line":39,"column":5}},"line":29},"8":{"name":"(anonymous_8)","decl":{"start":{"line":35,"column":16},"end":{"line":35,"column":17}},"loc":{"start":{"line":35,"column":25},"end":{"line":35,"column":35}},"line":35},"9":{"name":"(anonymous_9)","decl":{"start":{"line":36,"column":18},"end":{"line":36,"column":19}},"loc":{"start":{"line":36,"column":30},"end":{"line":38,"column":13}},"line":36}},"branchMap":{},"s":{"0":3,"1":1,"2":1,"3":1,"4":1,"5":1,"6":0,"7":0,"8":1,"9":1,"10":0,"11":0,"12":1,"13":1,"14":0,"15":0,"16":1},"f":{"0":1,"1":1,"2":0,"3":0,"4":1,"5":0,"6":0,"7":1,"8":0,"9":0},"b":{},"_coverageSchema":"1a1c01bbd47fc00a2c39e90264f33305004495a9","hash":"dd54f6f325cefb2d4c62f0aa94b3ccd35000c5be"}
,"C:\\Users\\alist\\IdeaProjects\\InfoSafe\\Frontend\\infosafe_frontend\\src\\components\\Create\\CreateDataScopePopup.js": {"path":"C:\\Users\\alist\\IdeaProjects\\InfoSafe\\Frontend\\infosafe_frontend\\src\\components\\Create\\CreateDataScopePopup.js","statementMap":{"0":{"start":{"line":8,"column":36},"end":{"line":146,"column":1}},"1":{"start":{"line":9,"column":33},"end":{"line":9,"column":45}},"2":{"start":{"line":10,"column":40},"end":{"line":10,"column":52}},"3":{"start":{"line":11,"column":31},"end":{"line":11,"column":43}},"4":{"start":{"line":12,"column":46},"end":{"line":12,"column":58}},"5":{"start":{"line":14,"column":24},"end":{"line":62,"column":5}},"6":{"start":{"line":15,"column":28},"end":{"line":15,"column":66}},"7":{"start":{"line":16,"column":8},"end":{"line":16,"column":27}},"8":{"start":{"line":17,"column":8},"end":{"line":17,"column":21}},"9":{"start":{"line":19,"column":8},"end":{"line":22,"column":9}},"10":{"start":{"line":20,"column":12},"end":{"line":20,"column":84}},"11":{"start":{"line":21,"column":12},"end":{"line":21,"column":19}},"12":{"start":{"line":25,"column":26},"end":{"line":25,"column":35}},"13":{"start":{"line":26,"column":26},"end":{"line":26,"column":117}},"14":{"start":{"line":28,"column":8},"end":{"line":61,"column":15}},"15":{"start":{"line":35,"column":32},"end":{"line":35,"column":47}},"16":{"start":{"line":37,"column":16},"end":{"line":57,"column":17}},"17":{"start":{"line":38,"column":20},"end":{"line":38,"column":65}},"18":{"start":{"line":41,"column":20},"end":{"line":55,"column":27}},"19":{"start":{"line":50,"column":28},"end":{"line":50,"column":63}},"20":{"start":{"line":51,"column":28},"end":{"line":51,"column":39}},"21":{"start":{"line":54,"column":28},"end":{"line":54,"column":80}},"22":{"start":{"line":60,"column":16},"end":{"line":60,"column":71}},"23":{"start":{"line":64,"column":4},"end":{"line":75,"column":11}},"24":{"start":{"line":65,"column":8},"end":{"line":74,"column":15}},"25":{"start":{"line":71,"column":25},"end":{"line":71,"column":35}},"26":{"start":{"line":73,"column":16},"end":{"line":73,"column":33}},"27":{"start":{"line":77,"column":25},"end":{"line":81,"column":5}},"28":{"start":{"line":78,"column":31},"end":{"line":78,"column":76}},"29":{"start":{"line":78,"column":63},"end":{"line":78,"column":75}},"30":{"start":{"line":79,"column":8},"end":{"line":79,"column":41}},"31":{"start":{"line":83,"column":4},"end":{"line":145,"column":6}},"32":{"start":{"line":101,"column":61},"end":{"line":101,"column":86}},"33":{"start":{"line":111,"column":61},"end":{"line":111,"column":86}},"34":{"start":{"line":119,"column":75},"end":{"line":119,"column":103}}},"fnMap":{"0":{"name":"(anonymous_0)","decl":{"start":{"line":8,"column":36},"end":{"line":8,"column":37}},"loc":{"start":{"line":8,"column":76},"end":{"line":146,"column":1}},"line":8},"1":{"name":"(anonymous_1)","decl":{"start":{"line":14,"column":24},"end":{"line":14,"column":25}},"loc":{"start":{"line":14,"column":31},"end":{"line":62,"column":5}},"line":14},"2":{"name":"(anonymous_2)","decl":{"start":{"line":35,"column":18},"end":{"line":35,"column":19}},"loc":{"start":{"line":35,"column":32},"end":{"line":35,"column":47}},"line":35},"3":{"name":"(anonymous_3)","decl":{"start":{"line":36,"column":18},"end":{"line":36,"column":19}},"loc":{"start":{"line":36,"column":28},"end":{"line":58,"column":13}},"line":36},"4":{"name":"(anonymous_4)","decl":{"start":{"line":49,"column":30},"end":{"line":49,"column":31}},"loc":{"start":{"line":49,"column":36},"end":{"line":52,"column":25}},"line":49},"5":{"name":"(anonymous_5)","decl":{"start":{"line":53,"column":31},"end":{"line":53,"column":32}},"loc":{"start":{"line":53,"column":42},"end":{"line":55,"column":25}},"line":53},"6":{"name":"(anonymous_6)","decl":{"start":{"line":59,"column":19},"end":{"line":59,"column":20}},"loc":{"start":{"line":59,"column":30},"end":{"line":61,"column":13}},"line":59},"7":{"name":"(anonymous_7)","decl":{"start":{"line":64,"column":14},"end":{"line":64,"column":15}},"loc":{"start":{"line":64,"column":20},"end":{"line":75,"column":5}},"line":64},"8":{"name":"(anonymous_8)","decl":{"start":{"line":71,"column":16},"end":{"line":71,"column":17}},"loc":{"start":{"line":71,"column":25},"end":{"line":71,"column":35}},"line":71},"9":{"name":"(anonymous_9)","decl":{"start":{"line":72,"column":18},"end":{"line":72,"column":19}},"loc":{"start":{"line":72,"column":30},"end":{"line":74,"column":13}},"line":72},"10":{"name":"(anonymous_10)","decl":{"start":{"line":77,"column":25},"end":{"line":77,"column":26}},"loc":{"start":{"line":77,"column":46},"end":{"line":81,"column":5}},"line":77},"11":{"name":"(anonymous_11)","decl":{"start":{"line":78,"column":51},"end":{"line":78,"column":52}},"loc":{"start":{"line":78,"column":63},"end":{"line":78,"column":75}},"line":78},"12":{"name":"(anonymous_12)","decl":{"start":{"line":101,"column":54},"end":{"line":101,"column":55}},"loc":{"start":{"line":101,"column":61},"end":{"line":101,"column":86}},"line":101},"13":{"name":"(anonymous_13)","decl":{"start":{"line":111,"column":54},"end":{"line":111,"column":55}},"loc":{"start":{"line":111,"column":61},"end":{"line":111,"column":86}},"line":111},"14":{"name":"(anonymous_14)","decl":{"start":{"line":119,"column":63},"end":{"line":119,"column":64}},"loc":{"start":{"line":119,"column":75},"end":{"line":119,"column":103}},"line":119}},"branchMap":{"0":{"loc":{"start":{"line":19,"column":8},"end":{"line":22,"column":9}},"type":"if","locations":[{"start":{"line":19,"column":8},"end":{"line":22,"column":9}},{"start":{},"end":{}}],"line":19},"1":{"loc":{"start":{"line":19,"column":12},"end":{"line":19,"column":115}},"type":"binary-expr","locations":[{"start":{"line":19,"column":12},"end":{"line":19,"column":58}},{"start":{"line":19,"column":62},"end":{"line":19,"column":115}}],"line":19},"2":{"loc":{"start":{"line":37,"column":16},"end":{"line":57,"column":17}},"type":"if","locations":[{"start":{"line":37,"column":16},"end":{"line":57,"column":17}},{"start":{"line":39,"column":23},"end":{"line":57,"column":17}}],"line":37},"3":{"loc":{"start":{"line":116,"column":37},"end":{"line":131,"column":37}},"type":"cond-expr","locations":[{"start":{"line":117,"column":40},"end":{"line":128,"column":42}},{"start":{"line":130,"column":40},"end":{"line":130,"column":97}}],"line":116},"4":{"loc":{"start":{"line":116,"column":37},"end":{"line":116,"column":62}},"type":"binary-expr","locations":[{"start":{"line":116,"column":37},"end":{"line":116,"column":42}},{"start":{"line":116,"column":46},"end":{"line":116,"column":62}}],"line":116}},"s":{"0":1,"1":2,"2":2,"3":2,"4":2,"5":2,"6":0,"7":0,"8":0,"9":0,"10":0,"11":0,"12":0,"13":0,"14":0,"15":0,"16":0,"17":0,"18":0,"19":0,"20":0,"21":0,"22":0,"23":2,"24":2,"25":0,"26":0,"27":2,"28":0,"29":0,"30":0,"31":2,"32":0,"33":0,"34":0},"f":{"0":2,"1":0,"2":0,"3":0,"4":0,"5":0,"6":0,"7":2,"8":0,"9":0,"10":0,"11":0,"12":0,"13":0,"14":0},"b":{"0":[0,0],"1":[0,0],"2":[0,0],"3":[0,2],"4":[2,2]},"_coverageSchema":"1a1c01bbd47fc00a2c39e90264f33305004495a9","hash":"ef10e0a63cd89e70cc953ccbab6f2834685febe0"}
,"C:\\Users\\alist\\IdeaProjects\\InfoSafe\\Frontend\\infosafe_frontend\\src\\components\\Create\\CreateDevicePopup.js": {"path":"C:\\Users\\alist\\IdeaProjects\\InfoSafe\\Frontend\\infosafe_frontend\\src\\components\\Create\\CreateDevicePopup.js","statementMap":{"0":{"start":{"line":11,"column":23},"end":{"line":11,"column":50}},"1":{"start":{"line":12,"column":20},"end":{"line":12,"column":35}},"2":{"start":{"line":13,"column":29},"end":{"line":13,"column":42}},"3":{"start":{"line":14,"column":33},"end":{"line":156,"column":1}},"4":{"start":{"line":15,"column":20},"end":{"line":15,"column":30}},"5":{"start":{"line":16,"column":40},"end":{"line":16,"column":52}},"6":{"start":{"line":17,"column":54},"end":{"line":17,"column":66}},"7":{"start":{"line":18,"column":44},"end":{"line":18,"column":59}},"8":{"start":{"line":19,"column":28},"end":{"line":19,"column":43}},"9":{"start":{"line":20,"column":52},"end":{"line":20,"column":64}},"10":{"start":{"line":21,"column":32},"end":{"line":21,"column":49}},"11":{"start":{"line":22,"column":42},"end":{"line":22,"column":54}},"12":{"start":{"line":23,"column":30},"end":{"line":23,"column":42}},"13":{"start":{"line":24,"column":46},"end":{"line":24,"column":60}},"14":{"start":{"line":27,"column":25},"end":{"line":29,"column":5}},"15":{"start":{"line":28,"column":8},"end":{"line":28,"column":42}},"16":{"start":{"line":31,"column":24},"end":{"line":62,"column":5}},"17":{"start":{"line":32,"column":8},"end":{"line":32,"column":26}},"18":{"start":{"line":33,"column":8},"end":{"line":36,"column":9}},"19":{"start":{"line":34,"column":16},"end":{"line":34,"column":85}},"20":{"start":{"line":35,"column":12},"end":{"line":35,"column":19}},"21":{"start":{"line":38,"column":22},"end":{"line":47,"column":9}},"22":{"start":{"line":50,"column":8},"end":{"line":50,"column":20}},"23":{"start":{"line":51,"column":8},"end":{"line":61,"column":10}},"24":{"start":{"line":59,"column":12},"end":{"line":59,"column":42}},"25":{"start":{"line":60,"column":12},"end":{"line":60,"column":28}},"26":{"start":{"line":63,"column":4},"end":{"line":74,"column":11}},"27":{"start":{"line":64,"column":8},"end":{"line":73,"column":15}},"28":{"start":{"line":70,"column":27},"end":{"line":70,"column":37}},"29":{"start":{"line":72,"column":16},"end":{"line":72,"column":33}},"30":{"start":{"line":77,"column":4},"end":{"line":155,"column":6}},"31":{"start":{"line":90,"column":52},"end":{"line":90,"column":81}},"32":{"start":{"line":96,"column":49},"end":{"line":96,"column":79}},"33":{"start":{"line":100,"column":81},"end":{"line":100,"column":117}},"34":{"start":{"line":107,"column":62},"end":{"line":107,"column":91}},"35":{"start":{"line":115,"column":62},"end":{"line":115,"column":93}},"36":{"start":{"line":124,"column":62},"end":{"line":124,"column":99}},"37":{"start":{"line":132,"column":74},"end":{"line":132,"column":114}}},"fnMap":{"0":{"name":"(anonymous_0)","decl":{"start":{"line":14,"column":33},"end":{"line":14,"column":34}},"loc":{"start":{"line":14,"column":78},"end":{"line":156,"column":1}},"line":14},"1":{"name":"(anonymous_1)","decl":{"start":{"line":27,"column":25},"end":{"line":27,"column":26}},"loc":{"start":{"line":27,"column":46},"end":{"line":29,"column":5}},"line":27},"2":{"name":"(anonymous_2)","decl":{"start":{"line":31,"column":24},"end":{"line":31,"column":25}},"loc":{"start":{"line":31,"column":31},"end":{"line":62,"column":5}},"line":31},"3":{"name":"(anonymous_3)","decl":{"start":{"line":58,"column":16},"end":{"line":58,"column":17}},"loc":{"start":{"line":58,"column":22},"end":{"line":61,"column":9}},"line":58},"4":{"name":"(anonymous_4)","decl":{"start":{"line":63,"column":14},"end":{"line":63,"column":15}},"loc":{"start":{"line":63,"column":20},"end":{"line":74,"column":5}},"line":63},"5":{"name":"(anonymous_5)","decl":{"start":{"line":70,"column":18},"end":{"line":70,"column":19}},"loc":{"start":{"line":70,"column":27},"end":{"line":70,"column":37}},"line":70},"6":{"name":"(anonymous_6)","decl":{"start":{"line":71,"column":18},"end":{"line":71,"column":19}},"loc":{"start":{"line":71,"column":30},"end":{"line":73,"column":13}},"line":71},"7":{"name":"(anonymous_7)","decl":{"start":{"line":90,"column":45},"end":{"line":90,"column":46}},"loc":{"start":{"line":90,"column":52},"end":{"line":90,"column":81}},"line":90},"8":{"name":"(anonymous_8)","decl":{"start":{"line":96,"column":42},"end":{"line":96,"column":43}},"loc":{"start":{"line":96,"column":49},"end":{"line":96,"column":79}},"line":96},"9":{"name":"(anonymous_9)","decl":{"start":{"line":100,"column":74},"end":{"line":100,"column":75}},"loc":{"start":{"line":100,"column":81},"end":{"line":100,"column":117}},"line":100},"10":{"name":"(anonymous_10)","decl":{"start":{"line":107,"column":42},"end":{"line":107,"column":43}},"loc":{"start":{"line":107,"column":62},"end":{"line":107,"column":91}},"line":107},"11":{"name":"(anonymous_11)","decl":{"start":{"line":115,"column":42},"end":{"line":115,"column":43}},"loc":{"start":{"line":115,"column":62},"end":{"line":115,"column":93}},"line":115},"12":{"name":"(anonymous_12)","decl":{"start":{"line":124,"column":42},"end":{"line":124,"column":43}},"loc":{"start":{"line":124,"column":62},"end":{"line":124,"column":99}},"line":124},"13":{"name":"(anonymous_13)","decl":{"start":{"line":132,"column":63},"end":{"line":132,"column":64}},"loc":{"start":{"line":132,"column":74},"end":{"line":132,"column":114}},"line":132}},"branchMap":{"0":{"loc":{"start":{"line":33,"column":8},"end":{"line":36,"column":9}},"type":"if","locations":[{"start":{"line":33,"column":8},"end":{"line":36,"column":9}},{"start":{},"end":{}}],"line":33},"1":{"loc":{"start":{"line":33,"column":12},"end":{"line":33,"column":136}},"type":"binary-expr","locations":[{"start":{"line":33,"column":14},"end":{"line":33,"column":31}},{"start":{"line":33,"column":35},"end":{"line":33,"column":59}},{"start":{"line":33,"column":63},"end":{"line":33,"column":81}},{"start":{"line":33,"column":88},"end":{"line":33,"column":109}},{"start":{"line":33,"column":113},"end":{"line":33,"column":135}}],"line":33},"2":{"loc":{"start":{"line":45,"column":30},"end":{"line":45,"column":70}},"type":"cond-expr","locations":[{"start":{"line":45,"column":46},"end":{"line":45,"column":65}},{"start":{"line":45,"column":68},"end":{"line":45,"column":70}}],"line":45},"3":{"loc":{"start":{"line":127,"column":29},"end":{"line":144,"column":29}},"type":"binary-expr","locations":[{"start":{"line":127,"column":29},"end":{"line":127,"column":50}},{"start":{"line":128,"column":32},"end":{"line":143,"column":38}}],"line":127},"4":{"loc":{"start":{"line":130,"column":37},"end":{"line":142,"column":37}},"type":"cond-expr","locations":[{"start":{"line":131,"column":40},"end":{"line":139,"column":42}},{"start":{"line":141,"column":40},"end":{"line":141,"column":57}}],"line":130},"5":{"loc":{"start":{"line":130,"column":37},"end":{"line":130,"column":62}},"type":"binary-expr","locations":[{"start":{"line":130,"column":37},"end":{"line":130,"column":42}},{"start":{"line":130,"column":46},"end":{"line":130,"column":62}}],"line":130}},"s":{"0":1,"1":1,"2":1,"3":1,"4":2,"5":2,"6":2,"7":2,"8":2,"9":2,"10":2,"11":2,"12":2,"13":2,"14":2,"15":0,"16":2,"17":0,"18":0,"19":0,"20":0,"21":0,"22":0,"23":0,"24":0,"25":0,"26":2,"27":2,"28":0,"29":0,"30":2,"31":0,"32":0,"33":0,"34":0,"35":0,"36":0,"37":0},"f":{"0":2,"1":0,"2":0,"3":0,"4":2,"5":0,"6":0,"7":0,"8":0,"9":0,"10":0,"11":0,"12":0,"13":0},"b":{"0":[0,0],"1":[0,0,0,0,0],"2":[0,0],"3":[2,0],"4":[0,0],"5":[0,0]},"_coverageSchema":"1a1c01bbd47fc00a2c39e90264f33305004495a9","hash":"7743d447a06cbad8fdc1c5cae44f93aac1b207dc"}
,"C:\\Users\\alist\\IdeaProjects\\InfoSafe\\Frontend\\infosafe_frontend\\src\\components\\Create\\CreateRiskPopup.js": {"path":"C:\\Users\\alist\\IdeaProjects\\InfoSafe\\Frontend\\infosafe_frontend\\src\\components\\Create\\CreateRiskPopup.js","statementMap":{"0":{"start":{"line":10,"column":20},"end":{"line":10,"column":78}},"1":{"start":{"line":11,"column":15},"end":{"line":11,"column":71}},"2":{"start":{"line":12,"column":15},"end":{"line":12,"column":60}},"3":{"start":{"line":14,"column":26},"end":{"line":123,"column":1}},"4":{"start":{"line":15,"column":37},"end":{"line":15,"column":49}},"5":{"start":{"line":16,"column":44},"end":{"line":16,"column":63}},"6":{"start":{"line":17,"column":54},"end":{"line":17,"column":78}},"7":{"start":{"line":18,"column":50},"end":{"line":18,"column":62}},"8":{"start":{"line":19,"column":58},"end":{"line":19,"column":70}},"9":{"start":{"line":20,"column":38},"end":{"line":20,"column":52}},"10":{"start":{"line":21,"column":30},"end":{"line":21,"column":49}},"11":{"start":{"line":22,"column":40},"end":{"line":22,"column":52}},"12":{"start":{"line":24,"column":36},"end":{"line":26,"column":5}},"13":{"start":{"line":25,"column":8},"end":{"line":25,"column":43}},"14":{"start":{"line":27,"column":29},"end":{"line":29,"column":5}},"15":{"start":{"line":28,"column":8},"end":{"line":28,"column":47}},"16":{"start":{"line":30,"column":29},"end":{"line":32,"column":5}},"17":{"start":{"line":31,"column":8},"end":{"line":31,"column":37}},"18":{"start":{"line":33,"column":24},"end":{"line":54,"column":5}},"19":{"start":{"line":34,"column":8},"end":{"line":34,"column":27}},"20":{"start":{"line":36,"column":8},"end":{"line":39,"column":9}},"21":{"start":{"line":37,"column":12},"end":{"line":37,"column":79}},"22":{"start":{"line":38,"column":12},"end":{"line":38,"column":19}},"23":{"start":{"line":41,"column":21},"end":{"line":41,"column":160}},"24":{"start":{"line":43,"column":8},"end":{"line":52,"column":10}},"25":{"start":{"line":50,"column":12},"end":{"line":50,"column":41}},"26":{"start":{"line":51,"column":12},"end":{"line":51,"column":25}},"27":{"start":{"line":53,"column":8},"end":{"line":53,"column":20}},"28":{"start":{"line":56,"column":4},"end":{"line":122,"column":6}},"29":{"start":{"line":78,"column":62},"end":{"line":78,"column":104}},"30":{"start":{"line":86,"column":62},"end":{"line":86,"column":99}},"31":{"start":{"line":103,"column":76},"end":{"line":103,"column":124}},"32":{"start":{"line":108,"column":66},"end":{"line":108,"column":94}}},"fnMap":{"0":{"name":"(anonymous_0)","decl":{"start":{"line":14,"column":26},"end":{"line":14,"column":27}},"loc":{"start":{"line":14,"column":70},"end":{"line":123,"column":1}},"line":14},"1":{"name":"(anonymous_1)","decl":{"start":{"line":24,"column":36},"end":{"line":24,"column":37}},"loc":{"start":{"line":24,"column":43},"end":{"line":26,"column":5}},"line":24},"2":{"name":"(anonymous_2)","decl":{"start":{"line":27,"column":29},"end":{"line":27,"column":30}},"loc":{"start":{"line":27,"column":36},"end":{"line":29,"column":5}},"line":27},"3":{"name":"(anonymous_3)","decl":{"start":{"line":30,"column":29},"end":{"line":30,"column":30}},"loc":{"start":{"line":30,"column":36},"end":{"line":32,"column":5}},"line":30},"4":{"name":"(anonymous_4)","decl":{"start":{"line":33,"column":24},"end":{"line":33,"column":25}},"loc":{"start":{"line":33,"column":30},"end":{"line":54,"column":5}},"line":33},"5":{"name":"(anonymous_5)","decl":{"start":{"line":49,"column":16},"end":{"line":49,"column":17}},"loc":{"start":{"line":49,"column":20},"end":{"line":52,"column":9}},"line":49},"6":{"name":"(anonymous_6)","decl":{"start":{"line":78,"column":42},"end":{"line":78,"column":43}},"loc":{"start":{"line":78,"column":62},"end":{"line":78,"column":104}},"line":78},"7":{"name":"(anonymous_7)","decl":{"start":{"line":86,"column":42},"end":{"line":86,"column":43}},"loc":{"start":{"line":86,"column":62},"end":{"line":86,"column":99}},"line":86},"8":{"name":"(anonymous_8)","decl":{"start":{"line":103,"column":65},"end":{"line":103,"column":66}},"loc":{"start":{"line":103,"column":76},"end":{"line":103,"column":124}},"line":103},"9":{"name":"(anonymous_9)","decl":{"start":{"line":108,"column":46},"end":{"line":108,"column":47}},"loc":{"start":{"line":108,"column":66},"end":{"line":108,"column":94}},"line":108}},"branchMap":{"0":{"loc":{"start":{"line":36,"column":8},"end":{"line":39,"column":9}},"type":"if","locations":[{"start":{"line":36,"column":8},"end":{"line":39,"column":9}},{"start":{},"end":{}}],"line":36},"1":{"loc":{"start":{"line":36,"column":13},"end":{"line":36,"column":109}},"type":"binary-expr","locations":[{"start":{"line":36,"column":13},"end":{"line":36,"column":29}},{"start":{"line":36,"column":33},"end":{"line":36,"column":56}},{"start":{"line":36,"column":60},"end":{"line":36,"column":87}},{"start":{"line":36,"column":91},"end":{"line":36,"column":109}}],"line":36},"2":{"loc":{"start":{"line":101,"column":29},"end":{"line":112,"column":29}},"type":"cond-expr","locations":[{"start":{"line":102,"column":32},"end":{"line":109,"column":34}},{"start":{"line":111,"column":32},"end":{"line":111,"column":81}}],"line":101},"3":{"loc":{"start":{"line":101,"column":29},"end":{"line":101,"column":74}},"type":"binary-expr","locations":[{"start":{"line":101,"column":29},"end":{"line":101,"column":44}},{"start":{"line":101,"column":48},"end":{"line":101,"column":74}}],"line":101}},"s":{"0":1,"1":1,"2":1,"3":1,"4":2,"5":2,"6":2,"7":2,"8":2,"9":2,"10":2,"11":2,"12":2,"13":0,"14":2,"15":0,"16":2,"17":0,"18":2,"19":0,"20":0,"21":0,"22":0,"23":0,"24":0,"25":0,"26":0,"27":0,"28":2,"29":0,"30":0,"31":0,"32":0},"f":{"0":2,"1":0,"2":0,"3":0,"4":0,"5":0,"6":0,"7":0,"8":0,"9":0},"b":{"0":[0,0],"1":[0,0,0,0],"2":[0,2],"3":[2,2]},"_coverageSchema":"1a1c01bbd47fc00a2c39e90264f33305004495a9","hash":"ff798a8b295b657912ff873780d0ae8b1aca14c9"}
,"C:\\Users\\alist\\IdeaProjects\\InfoSafe\\Frontend\\infosafe_frontend\\src\\components\\Create\\CreateTaskPopup.js": {"path":"C:\\Users\\alist\\IdeaProjects\\InfoSafe\\Frontend\\infosafe_frontend\\src\\components\\Create\\CreateTaskPopup.js","statementMap":{"0":{"start":{"line":12,"column":26},"end":{"line":182,"column":1}},"1":{"start":{"line":13,"column":51},"end":{"line":13,"column":63}},"2":{"start":{"line":14,"column":41},"end":{"line":14,"column":53}},"3":{"start":{"line":15,"column":35},"end":{"line":15,"column":47}},"4":{"start":{"line":16,"column":38},"end":{"line":16,"column":52}},"5":{"start":{"line":17,"column":46},"end":{"line":17,"column":58}},"6":{"start":{"line":18,"column":30},"end":{"line":18,"column":42}},"7":{"start":{"line":19,"column":38},"end":{"line":19,"column":50}},"8":{"start":{"line":20,"column":30},"end":{"line":20,"column":49}},"9":{"start":{"line":21,"column":23},"end":{"line":21,"column":35}},"10":{"start":{"line":24,"column":26},"end":{"line":28,"column":5}},"11":{"start":{"line":29,"column":24},"end":{"line":67,"column":5}},"12":{"start":{"line":30,"column":8},"end":{"line":30,"column":27}},"13":{"start":{"line":32,"column":8},"end":{"line":35,"column":9}},"14":{"start":{"line":33,"column":12},"end":{"line":33,"column":79}},"15":{"start":{"line":34,"column":12},"end":{"line":34,"column":19}},"16":{"start":{"line":38,"column":28},"end":{"line":38,"column":66}},"17":{"start":{"line":39,"column":21},"end":{"line":47,"column":9}},"18":{"start":{"line":46,"column":53},"end":{"line":46,"column":63}},"19":{"start":{"line":49,"column":8},"end":{"line":65,"column":15}},"20":{"start":{"line":57,"column":32},"end":{"line":57,"column":47}},"21":{"start":{"line":59,"column":16},"end":{"line":59,"column":46}},"22":{"start":{"line":60,"column":16},"end":{"line":60,"column":30}},"23":{"start":{"line":63,"column":16},"end":{"line":63,"column":59}},"24":{"start":{"line":66,"column":8},"end":{"line":66,"column":21}},"25":{"start":{"line":69,"column":4},"end":{"line":80,"column":11}},"26":{"start":{"line":70,"column":8},"end":{"line":79,"column":15}},"27":{"start":{"line":76,"column":27},"end":{"line":76,"column":37}},"28":{"start":{"line":78,"column":16},"end":{"line":78,"column":33}},"29":{"start":{"line":82,"column":25},"end":{"line":84,"column":5}},"30":{"start":{"line":83,"column":8},"end":{"line":83,"column":42}},"31":{"start":{"line":86,"column":29},"end":{"line":88,"column":5}},"32":{"start":{"line":87,"column":8},"end":{"line":87,"column":25}},"33":{"start":{"line":90,"column":36},"end":{"line":92,"column":5}},"34":{"start":{"line":91,"column":8},"end":{"line":91,"column":43}},"35":{"start":{"line":94,"column":33},"end":{"line":96,"column":5}},"36":{"start":{"line":95,"column":8},"end":{"line":95,"column":37}},"37":{"start":{"line":98,"column":4},"end":{"line":181,"column":6}},"38":{"start":{"line":126,"column":70},"end":{"line":126,"column":98}},"39":{"start":{"line":130,"column":62},"end":{"line":130,"column":97}},"40":{"start":{"line":137,"column":66},"end":{"line":137,"column":106}},"41":{"start":{"line":153,"column":76},"end":{"line":153,"column":124}},"42":{"start":{"line":158,"column":66},"end":{"line":158,"column":94}},"43":{"start":{"line":167,"column":49},"end":{"line":167,"column":81}}},"fnMap":{"0":{"name":"(anonymous_0)","decl":{"start":{"line":12,"column":26},"end":{"line":12,"column":27}},"loc":{"start":{"line":12,"column":68},"end":{"line":182,"column":1}},"line":12},"1":{"name":"(anonymous_1)","decl":{"start":{"line":29,"column":24},"end":{"line":29,"column":25}},"loc":{"start":{"line":29,"column":31},"end":{"line":67,"column":5}},"line":29},"2":{"name":"(anonymous_2)","decl":{"start":{"line":46,"column":43},"end":{"line":46,"column":44}},"loc":{"start":{"line":46,"column":53},"end":{"line":46,"column":63}},"line":46},"3":{"name":"(anonymous_3)","decl":{"start":{"line":57,"column":18},"end":{"line":57,"column":19}},"loc":{"start":{"line":57,"column":32},"end":{"line":57,"column":47}},"line":57},"4":{"name":"(anonymous_4)","decl":{"start":{"line":58,"column":18},"end":{"line":58,"column":19}},"loc":{"start":{"line":58,"column":28},"end":{"line":61,"column":13}},"line":58},"5":{"name":"(anonymous_5)","decl":{"start":{"line":62,"column":19},"end":{"line":62,"column":20}},"loc":{"start":{"line":62,"column":30},"end":{"line":65,"column":13}},"line":62},"6":{"name":"(anonymous_6)","decl":{"start":{"line":69,"column":14},"end":{"line":69,"column":15}},"loc":{"start":{"line":69,"column":20},"end":{"line":80,"column":5}},"line":69},"7":{"name":"(anonymous_7)","decl":{"start":{"line":76,"column":18},"end":{"line":76,"column":19}},"loc":{"start":{"line":76,"column":27},"end":{"line":76,"column":37}},"line":76},"8":{"name":"(anonymous_8)","decl":{"start":{"line":77,"column":18},"end":{"line":77,"column":19}},"loc":{"start":{"line":77,"column":30},"end":{"line":79,"column":13}},"line":77},"9":{"name":"(anonymous_9)","decl":{"start":{"line":82,"column":25},"end":{"line":82,"column":26}},"loc":{"start":{"line":82,"column":46},"end":{"line":84,"column":5}},"line":82},"10":{"name":"(anonymous_10)","decl":{"start":{"line":86,"column":29},"end":{"line":86,"column":30}},"loc":{"start":{"line":86,"column":39},"end":{"line":88,"column":5}},"line":86},"11":{"name":"(anonymous_11)","decl":{"start":{"line":90,"column":36},"end":{"line":90,"column":37}},"loc":{"start":{"line":90,"column":43},"end":{"line":92,"column":5}},"line":90},"12":{"name":"(anonymous_12)","decl":{"start":{"line":94,"column":33},"end":{"line":94,"column":34}},"loc":{"start":{"line":94,"column":40},"end":{"line":96,"column":5}},"line":94},"13":{"name":"(anonymous_13)","decl":{"start":{"line":126,"column":58},"end":{"line":126,"column":59}},"loc":{"start":{"line":126,"column":70},"end":{"line":126,"column":98}},"line":126},"14":{"name":"(anonymous_14)","decl":{"start":{"line":130,"column":42},"end":{"line":130,"column":43}},"loc":{"start":{"line":130,"column":62},"end":{"line":130,"column":97}},"line":130},"15":{"name":"(anonymous_15)","decl":{"start":{"line":137,"column":55},"end":{"line":137,"column":56}},"loc":{"start":{"line":137,"column":66},"end":{"line":137,"column":106}},"line":137},"16":{"name":"(anonymous_16)","decl":{"start":{"line":153,"column":65},"end":{"line":153,"column":66}},"loc":{"start":{"line":153,"column":76},"end":{"line":153,"column":124}},"line":153},"17":{"name":"(anonymous_17)","decl":{"start":{"line":158,"column":46},"end":{"line":158,"column":47}},"loc":{"start":{"line":158,"column":66},"end":{"line":158,"column":94}},"line":158},"18":{"name":"(anonymous_18)","decl":{"start":{"line":167,"column":42},"end":{"line":167,"column":43}},"loc":{"start":{"line":167,"column":49},"end":{"line":167,"column":81}},"line":167}},"branchMap":{"0":{"loc":{"start":{"line":32,"column":8},"end":{"line":35,"column":9}},"type":"if","locations":[{"start":{"line":32,"column":8},"end":{"line":35,"column":9}},{"start":{},"end":{}}],"line":32},"1":{"loc":{"start":{"line":32,"column":13},"end":{"line":32,"column":142}},"type":"binary-expr","locations":[{"start":{"line":32,"column":13},"end":{"line":32,"column":36}},{"start":{"line":32,"column":40},"end":{"line":32,"column":58}},{"start":{"line":32,"column":62},"end":{"line":32,"column":77}},{"start":{"line":32,"column":80},"end":{"line":32,"column":98}},{"start":{"line":32,"column":102},"end":{"line":32,"column":122}},{"start":{"line":32,"column":126},"end":{"line":32,"column":142}}],"line":32},"2":{"loc":{"start":{"line":134,"column":29},"end":{"line":149,"column":29}},"type":"cond-expr","locations":[{"start":{"line":135,"column":32},"end":{"line":146,"column":34}},{"start":{"line":148,"column":32},"end":{"line":148,"column":81}}],"line":134},"3":{"loc":{"start":{"line":134,"column":29},"end":{"line":134,"column":54}},"type":"binary-expr","locations":[{"start":{"line":134,"column":29},"end":{"line":134,"column":34}},{"start":{"line":134,"column":38},"end":{"line":134,"column":54}}],"line":134},"4":{"loc":{"start":{"line":151,"column":29},"end":{"line":162,"column":29}},"type":"cond-expr","locations":[{"start":{"line":152,"column":32},"end":{"line":159,"column":34}},{"start":{"line":161,"column":32},"end":{"line":161,"column":81}}],"line":151},"5":{"loc":{"start":{"line":151,"column":29},"end":{"line":151,"column":74}},"type":"binary-expr","locations":[{"start":{"line":151,"column":29},"end":{"line":151,"column":44}},{"start":{"line":151,"column":48},"end":{"line":151,"column":74}}],"line":151}},"s":{"0":1,"1":2,"2":2,"3":2,"4":2,"5":2,"6":2,"7":2,"8":2,"9":2,"10":2,"11":2,"12":0,"13":0,"14":0,"15":0,"16":0,"17":0,"18":0,"19":0,"20":0,"21":0,"22":0,"23":0,"24":0,"25":2,"26":2,"27":0,"28":0,"29":2,"30":0,"31":2,"32":0,"33":2,"34":0,"35":2,"36":0,"37":2,"38":6,"39":0,"40":0,"41":0,"42":0,"43":0},"f":{"0":2,"1":0,"2":0,"3":0,"4":0,"5":0,"6":2,"7":0,"8":0,"9":0,"10":0,"11":0,"12":0,"13":6,"14":0,"15":0,"16":0,"17":0,"18":0},"b":{"0":[0,0],"1":[0,0,0,0,0,0],"2":[0,2],"3":[2,2],"4":[0,2],"5":[2,2]},"_coverageSchema":"1a1c01bbd47fc00a2c39e90264f33305004495a9","hash":"7c35615a2b876dde420ea5d185165bbf0c4df4f1"}
,"C:\\Users\\alist\\IdeaProjects\\InfoSafe\\Frontend\\infosafe_frontend\\src\\components\\Create\\CreateUserPopup.js": {"path":"C:\\Users\\alist\\IdeaProjects\\InfoSafe\\Frontend\\infosafe_frontend\\src\\components\\Create\\CreateUserPopup.js","statementMap":{"0":{"start":{"line":9,"column":31},"end":{"line":153,"column":1}},"1":{"start":{"line":10,"column":30},"end":{"line":10,"column":42}},"2":{"start":{"line":11,"column":32},"end":{"line":11,"column":44}},"3":{"start":{"line":12,"column":26},"end":{"line":12,"column":38}},"4":{"start":{"line":13,"column":32},"end":{"line":13,"column":44}},"5":{"start":{"line":14,"column":38},"end":{"line":14,"column":50}},"6":{"start":{"line":15,"column":44},"end":{"line":15,"column":56}},"7":{"start":{"line":17,"column":27},"end":{"line":63,"column":5}},"8":{"start":{"line":18,"column":8},"end":{"line":18,"column":27}},"9":{"start":{"line":19,"column":8},"end":{"line":19,"column":21}},"10":{"start":{"line":20,"column":21},"end":{"line":20,"column":98}},"11":{"start":{"line":22,"column":8},"end":{"line":25,"column":9}},"12":{"start":{"line":23,"column":12},"end":{"line":23,"column":79}},"13":{"start":{"line":24,"column":12},"end":{"line":24,"column":19}},"14":{"start":{"line":27,"column":8},"end":{"line":61,"column":15}},"15":{"start":{"line":34,"column":32},"end":{"line":34,"column":47}},"16":{"start":{"line":36,"column":16},"end":{"line":57,"column":17}},"17":{"start":{"line":37,"column":20},"end":{"line":37,"column":55}},"18":{"start":{"line":40,"column":20},"end":{"line":56,"column":27}},"19":{"start":{"line":49,"column":28},"end":{"line":52,"column":29}},"20":{"start":{"line":50,"column":32},"end":{"line":50,"column":62}},"21":{"start":{"line":51,"column":32},"end":{"line":51,"column":46}},"22":{"start":{"line":55,"column":28},"end":{"line":55,"column":75}},"23":{"start":{"line":60,"column":16},"end":{"line":60,"column":62}},"24":{"start":{"line":66,"column":4},"end":{"line":88,"column":11}},"25":{"start":{"line":67,"column":26},"end":{"line":86,"column":9}},"26":{"start":{"line":68,"column":12},"end":{"line":85,"column":13}},"27":{"start":{"line":69,"column":33},"end":{"line":74,"column":18}},"28":{"start":{"line":76,"column":16},"end":{"line":82,"column":17}},"29":{"start":{"line":77,"column":33},"end":{"line":77,"column":54}},"30":{"start":{"line":78,"column":36},"end":{"line":78,"column":60}},"31":{"start":{"line":79,"column":20},"end":{"line":79,"column":41}},"32":{"start":{"line":81,"column":20},"end":{"line":81,"column":76}},"33":{"start":{"line":84,"column":16},"end":{"line":84,"column":47}},"34":{"start":{"line":87,"column":8},"end":{"line":87,"column":20}},"35":{"start":{"line":90,"column":4},"end":{"line":100,"column":10}},"36":{"start":{"line":91,"column":12},"end":{"line":99,"column":15}},"37":{"start":{"line":96,"column":29},"end":{"line":96,"column":39}},"38":{"start":{"line":98,"column":16},"end":{"line":98,"column":37}},"39":{"start":{"line":102,"column":4},"end":{"line":152,"column":6}},"40":{"start":{"line":115,"column":159},"end":{"line":115,"column":182}},"41":{"start":{"line":119,"column":170},"end":{"line":119,"column":196}},"42":{"start":{"line":123,"column":158},"end":{"line":123,"column":182}},"43":{"start":{"line":132,"column":76},"end":{"line":132,"column":112}},"44":{"start":{"line":136,"column":60},"end":{"line":136,"column":89}}},"fnMap":{"0":{"name":"(anonymous_0)","decl":{"start":{"line":9,"column":31},"end":{"line":9,"column":32}},"loc":{"start":{"line":9,"column":75},"end":{"line":153,"column":1}},"line":9},"1":{"name":"(anonymous_1)","decl":{"start":{"line":17,"column":27},"end":{"line":17,"column":28}},"loc":{"start":{"line":17,"column":34},"end":{"line":63,"column":5}},"line":17},"2":{"name":"(anonymous_2)","decl":{"start":{"line":34,"column":18},"end":{"line":34,"column":19}},"loc":{"start":{"line":34,"column":32},"end":{"line":34,"column":47}},"line":34},"3":{"name":"(anonymous_3)","decl":{"start":{"line":35,"column":18},"end":{"line":35,"column":19}},"loc":{"start":{"line":35,"column":28},"end":{"line":58,"column":13}},"line":35},"4":{"name":"(anonymous_4)","decl":{"start":{"line":48,"column":30},"end":{"line":48,"column":31}},"loc":{"start":{"line":48,"column":44},"end":{"line":53,"column":25}},"line":48},"5":{"name":"(anonymous_5)","decl":{"start":{"line":54,"column":31},"end":{"line":54,"column":32}},"loc":{"start":{"line":54,"column":42},"end":{"line":56,"column":25}},"line":54},"6":{"name":"(anonymous_6)","decl":{"start":{"line":59,"column":19},"end":{"line":59,"column":20}},"loc":{"start":{"line":59,"column":30},"end":{"line":61,"column":13}},"line":59},"7":{"name":"(anonymous_7)","decl":{"start":{"line":66,"column":14},"end":{"line":66,"column":15}},"loc":{"start":{"line":66,"column":20},"end":{"line":88,"column":5}},"line":66},"8":{"name":"(anonymous_8)","decl":{"start":{"line":67,"column":26},"end":{"line":67,"column":27}},"loc":{"start":{"line":67,"column":38},"end":{"line":86,"column":9}},"line":67},"9":{"name":"(anonymous_9)","decl":{"start":{"line":90,"column":14},"end":{"line":90,"column":15}},"loc":{"start":{"line":90,"column":20},"end":{"line":100,"column":5}},"line":90},"10":{"name":"(anonymous_10)","decl":{"start":{"line":96,"column":20},"end":{"line":96,"column":21}},"loc":{"start":{"line":96,"column":29},"end":{"line":96,"column":39}},"line":96},"11":{"name":"(anonymous_11)","decl":{"start":{"line":97,"column":18},"end":{"line":97,"column":19}},"loc":{"start":{"line":97,"column":30},"end":{"line":99,"column":13}},"line":97},"12":{"name":"(anonymous_12)","decl":{"start":{"line":115,"column":154},"end":{"line":115,"column":155}},"loc":{"start":{"line":115,"column":159},"end":{"line":115,"column":182}},"line":115},"13":{"name":"(anonymous_13)","decl":{"start":{"line":119,"column":165},"end":{"line":119,"column":166}},"loc":{"start":{"line":119,"column":170},"end":{"line":119,"column":196}},"line":119},"14":{"name":"(anonymous_14)","decl":{"start":{"line":123,"column":153},"end":{"line":123,"column":154}},"loc":{"start":{"line":123,"column":158},"end":{"line":123,"column":182}},"line":123},"15":{"name":"(anonymous_15)","decl":{"start":{"line":132,"column":63},"end":{"line":132,"column":64}},"loc":{"start":{"line":132,"column":76},"end":{"line":132,"column":112}},"line":132},"16":{"name":"(anonymous_16)","decl":{"start":{"line":136,"column":50},"end":{"line":136,"column":51}},"loc":{"start":{"line":136,"column":60},"end":{"line":136,"column":89}},"line":136}},"branchMap":{"0":{"loc":{"start":{"line":22,"column":8},"end":{"line":25,"column":9}},"type":"if","locations":[{"start":{"line":22,"column":8},"end":{"line":25,"column":9}},{"start":{},"end":{}}],"line":22},"1":{"loc":{"start":{"line":22,"column":13},"end":{"line":22,"column":195}},"type":"binary-expr","locations":[{"start":{"line":22,"column":13},"end":{"line":22,"column":62}},{"start":{"line":22,"column":66},"end":{"line":22,"column":118}},{"start":{"line":22,"column":122},"end":{"line":22,"column":172}},{"start":{"line":22,"column":176},"end":{"line":22,"column":195}}],"line":22},"2":{"loc":{"start":{"line":36,"column":16},"end":{"line":57,"column":17}},"type":"if","locations":[{"start":{"line":36,"column":16},"end":{"line":57,"column":17}},{"start":{"line":38,"column":23},"end":{"line":57,"column":17}}],"line":36},"3":{"loc":{"start":{"line":49,"column":28},"end":{"line":52,"column":29}},"type":"if","locations":[{"start":{"line":49,"column":28},"end":{"line":52,"column":29}},{"start":{},"end":{}}],"line":49},"4":{"loc":{"start":{"line":76,"column":16},"end":{"line":82,"column":17}},"type":"if","locations":[{"start":{"line":76,"column":16},"end":{"line":82,"column":17}},{"start":{"line":80,"column":23},"end":{"line":82,"column":17}}],"line":76},"5":{"loc":{"start":{"line":130,"column":33},"end":{"line":141,"column":33}},"type":"cond-expr","locations":[{"start":{"line":131,"column":36},"end":{"line":138,"column":38}},{"start":{"line":140,"column":36},"end":{"line":140,"column":85}}],"line":130},"6":{"loc":{"start":{"line":130,"column":33},"end":{"line":130,"column":66}},"type":"binary-expr","locations":[{"start":{"line":130,"column":33},"end":{"line":130,"column":42}},{"start":{"line":130,"column":46},"end":{"line":130,"column":66}}],"line":130},"7":{"loc":{"start":{"line":133,"column":48},"end":{"line":133,"column":116}},"type":"cond-expr","locations":[{"start":{"line":133,"column":64},"end":{"line":133,"column":111}},{"start":{"line":133,"column":114},"end":{"line":133,"column":116}}],"line":133}},"s":{"0":1,"1":2,"2":2,"3":2,"4":2,"5":2,"6":2,"7":2,"8":0,"9":0,"10":0,"11":0,"12":0,"13":0,"14":0,"15":0,"16":0,"17":0,"18":0,"19":0,"20":0,"21":0,"22":0,"23":0,"24":2,"25":2,"26":2,"27":2,"28":0,"29":0,"30":0,"31":0,"32":0,"3
[...]
,"C:\\Users\\alist\\IdeaProjects\\InfoSafe\\Frontend\\infosafe_frontend\\src\\components\\getData\\getAllUser.js": {"path":"C:\\Users\\alist\\IdeaProjects\\InfoSafe\\Frontend\\infosafe_frontend\\src\\components\\getData\\getAllUser.js","statementMap":{"0":{"start":{"line":3,"column":29},"end":{"line":32,"column":1}},"1":{"start":{"line":4,"column":36},"end":{"line":4,"column":48}},"2":{"start":{"line":5,"column":34},"end":{"line":5,"column":48}},"3":{"start":{"line":6,"column":26},"end":{"line":23,"column":9}},"4":{"start":{"line":7,"column":16},"end":{"line":22,"column":17}},"5":{"start":{"line":8,"column":37},"end":{"line":13,"column":22}},"6":{"start":{"line":14,"column":20},"end":{"line":16,"column":21}},"7":{"start":{"line":15,"column":24},"end":{"line":15,"column":71}},"8":{"start":{"line":17,"column":35},"end":{"line":17,"column":56}},"9":{"start":{"line":18,"column":20},"end":{"line":18,"column":40}},"10":{"start":{"line":19,"column":20},"end":{"line":19,"column":38}},"11":{"start":{"line":21,"column":20},"end":{"line":21,"column":65}},"12":{"start":{"line":24,"column":26},"end":{"line":26,"column":5}},"13":{"start":{"line":25,"column":8},"end":{"line":25,"column":20}},"14":{"start":{"line":27,"column":4},"end":{"line":31,"column":6}}},"fnMap":{"0":{"name":"(anonymous_0)","decl":{"start":{"line":3,"column":29},"end":{"line":3,"column":30}},"loc":{"start":{"line":3,"column":35},"end":{"line":32,"column":1}},"line":3},"1":{"name":"(anonymous_1)","decl":{"start":{"line":6,"column":26},"end":{"line":6,"column":27}},"loc":{"start":{"line":6,"column":38},"end":{"line":23,"column":9}},"line":6},"2":{"name":"(anonymous_2)","decl":{"start":{"line":24,"column":26},"end":{"line":24,"column":27}},"loc":{"start":{"line":24,"column":32},"end":{"line":26,"column":5}},"line":24}},"branchMap":{"0":{"loc":{"start":{"line":14,"column":20},"end":{"line":16,"column":21}},"type":"if","locations":[{"start":{"line":14,"column":20},"end":{"line":16,"column":21}},{"start":{},"end":{}}],"line":14}},"s":{"0":1,"1":0,"2":0,"3":0,"4":0,"5":0,"6":0,"7":0,"8":0,"9":0,"10":0,"11":0,"12":0,"13":0,"14":0},"f":{"0":0,"1":0,"2":0},"b":{"0":[0,0]},"_coverageSchema":"1a1c01bbd47fc00a2c39e90264f33305004495a9","hash":"092b2a7d4d268846467b16bd996d6fabc1480d9c"}
,"C:\\Users\\alist\\IdeaProjects\\InfoSafe\\Frontend\\infosafe_frontend\\src\\components\\getData\\getAssAR.js": {"path":"C:\\Users\\alist\\IdeaProjects\\InfoSafe\\Frontend\\infosafe_frontend\\src\\components\\getData\\getAssAR.js","statementMap":{"0":{"start":{"line":3,"column":27},"end":{"line":35,"column":1}},"1":{"start":{"line":4,"column":54},"end":{"line":4,"column":66}},"2":{"start":{"line":5,"column":34},"end":{"line":5,"column":48}},"3":{"start":{"line":7,"column":22},"end":{"line":24,"column":5}},"4":{"start":{"line":8,"column":8},"end":{"line":23,"column":9}},"5":{"start":{"line":9,"column":29},"end":{"line":14,"column":14}},"6":{"start":{"line":15,"column":12},"end":{"line":17,"column":13}},"7":{"start":{"line":16,"column":16},"end":{"line":16,"column":63}},"8":{"start":{"line":18,"column":27},"end":{"line":18,"column":48}},"9":{"start":{"line":19,"column":12},"end":{"line":19,"column":41}},"10":{"start":{"line":20,"column":12},"end":{"line":20,"column":30}},"11":{"start":{"line":22,"column":12},"end":{"line":22,"column":57}},"12":{"start":{"line":26,"column":27},"end":{"line":28,"column":5}},"13":{"start":{"line":27,"column":8},"end":{"line":27,"column":20}},"14":{"start":{"line":30,"column":4},"end":{"line":34,"column":5}}},"fnMap":{"0":{"name":"(anonymous_0)","decl":{"start":{"line":3,"column":27},"end":{"line":3,"column":28}},"loc":{"start":{"line":3,"column":33},"end":{"line":35,"column":1}},"line":3},"1":{"name":"(anonymous_1)","decl":{"start":{"line":7,"column":22},"end":{"line":7,"column":23}},"loc":{"start":{"line":7,"column":34},"end":{"line":24,"column":5}},"line":7},"2":{"name":"(anonymous_2)","decl":{"start":{"line":26,"column":27},"end":{"line":26,"column":28}},"loc":{"start":{"line":26,"column":33},"end":{"line":28,"column":5}},"line":26}},"branchMap":{"0":{"loc":{"start":{"line":15,"column":12},"end":{"line":17,"column":13}},"type":"if","locations":[{"start":{"line":15,"column":12},"end":{"line":17,"column":13}},{"start":{},"end":{}}],"line":15}},"s":{"0":0,"1":0,"2":0,"3":0,"4":0,"5":0,"6":0,"7":0,"8":0,"9":0,"10":0,"11":0,"12":0,"13":0,"14":0},"f":{"0":0,"1":0,"2":0},"b":{"0":[0,0]}}
,"C:\\Users\\alist\\IdeaProjects\\InfoSafe\\Frontend\\infosafe_frontend\\src\\components\\getData\\getAsset.js": {"path":"C:\\Users\\alist\\IdeaProjects\\InfoSafe\\Frontend\\infosafe_frontend\\src\\components\\getData\\getAsset.js","statementMap":{"0":{"start":{"line":3,"column":27},"end":{"line":35,"column":1}},"1":{"start":{"line":4,"column":38},"end":{"line":4,"column":50}},"2":{"start":{"line":5,"column":34},"end":{"line":5,"column":48}},"3":{"start":{"line":7,"column":22},"end":{"line":24,"column":5}},"4":{"start":{"line":8,"column":8},"end":{"line":23,"column":9}},"5":{"start":{"line":9,"column":29},"end":{"line":14,"column":14}},"6":{"start":{"line":15,"column":12},"end":{"line":17,"column":13}},"7":{"start":{"line":16,"column":16},"end":{"line":16,"column":63}},"8":{"start":{"line":18,"column":27},"end":{"line":18,"column":48}},"9":{"start":{"line":19,"column":12},"end":{"line":19,"column":33}},"10":{"start":{"line":20,"column":12},"end":{"line":20,"column":30}},"11":{"start":{"line":22,"column":12},"end":{"line":22,"column":57}},"12":{"start":{"line":26,"column":27},"end":{"line":28,"column":5}},"13":{"start":{"line":27,"column":8},"end":{"line":27,"column":20}},"14":{"start":{"line":30,"column":4},"end":{"line":34,"column":5}}},"fnMap":{"0":{"name":"(anonymous_0)","decl":{"start":{"line":3,"column":27},"end":{"line":3,"column":28}},"loc":{"start":{"line":3,"column":33},"end":{"line":35,"column":1}},"line":3},"1":{"name":"(anonymous_1)","decl":{"start":{"line":7,"column":22},"end":{"line":7,"column":23}},"loc":{"start":{"line":7,"column":34},"end":{"line":24,"column":5}},"line":7},"2":{"name":"(anonymous_2)","decl":{"start":{"line":26,"column":27},"end":{"line":26,"column":28}},"loc":{"start":{"line":26,"column":33},"end":{"line":28,"column":5}},"line":26}},"branchMap":{"0":{"loc":{"start":{"line":15,"column":12},"end":{"line":17,"column":13}},"type":"if","locations":[{"start":{"line":15,"column":12},"end":{"line":17,"column":13}},{"start":{},"end":{}}],"line":15}},"s":{"0":0,"1":0,"2":0,"3":0,"4":0,"5":0,"6":0,"7":0,"8":0,"9":0,"10":0,"11":0,"12":0,"13":0,"14":0},"f":{"0":0,"1":0,"2":0},"b":{"0":[0,0]}}
,"C:\\Users\\alist\\IdeaProjects\\InfoSafe\\Frontend\\infosafe_frontend\\src\\components\\getData\\getDs.js": {"path":"C:\\Users\\alist\\IdeaProjects\\InfoSafe\\Frontend\\infosafe_frontend\\src\\components\\getData\\getDs.js","statementMap":{"0":{"start":{"line":3,"column":25},"end":{"line":61,"column":1}},"1":{"start":{"line":4,"column":46},"end":{"line":4,"column":58}},"2":{"start":{"line":5,"column":44},"end":{"line":5,"column":56}},"3":{"start":{"line":6,"column":34},"end":{"line":6,"column":48}},"4":{"start":{"line":8,"column":25},"end":{"line":25,"column":5}},"5":{"start":{"line":9,"column":8},"end":{"line":24,"column":9}},"6":{"start":{"line":10,"column":29},"end":{"line":15,"column":14}},"7":{"start":{"line":16,"column":12},"end":{"line":18,"column":13}},"8":{"start":{"line":17,"column":16},"end":{"line":17,"column":63}},"9":{"start":{"line":19,"column":27},"end":{"line":19,"column":48}},"10":{"start":{"line":20,"column":12},"end":{"line":20,"column":37}},"11":{"start":{"line":21,"column":12},"end":{"line":21,"column":30}},"12":{"start":{"line":23,"column":12},"end":{"line":23,"column":57}},"13":{"start":{"line":27,"column":24},"end":{"line":44,"column":5}},"14":{"start":{"line":28,"column":8},"end":{"line":43,"column":9}},"15":{"start":{"line":29,"column":29},"end":{"line":34,"column":14}},"16":{"start":{"line":35,"column":12},"end":{"line":37,"column":13}},"17":{"start":{"line":36,"column":16},"end":{"line":36,"column":63}},"18":{"start":{"line":38,"column":27},"end":{"line":38,"column":48}},"19":{"start":{"line":39,"column":12},"end":{"line":39,"column":36}},"20":{"start":{"line":40,"column":12},"end":{"line":40,"column":30}},"21":{"start":{"line":42,"column":12},"end":{"line":42,"column":57}},"22":{"start":{"line":46,"column":31},"end":{"line":48,"column":5}},"23":{"start":{"line":47,"column":8},"end":{"line":47,"column":23}},"24":{"start":{"line":50,"column":30},"end":{"line":52,"column":5}},"25":{"start":{"line":51,"column":8},"end":{"line":51,"column":22}},"26":{"start":{"line":54,"column":4},"end":{"line":60,"column":5}}},"fnMap":{"0":{"name":"(anonymous_0)","decl":{"start":{"line":3,"column":25},"end":{"line":3,"column":26}},"loc":{"start":{"line":3,"column":31},"end":{"line":61,"column":1}},"line":3},"1":{"name":"(anonymous_1)","decl":{"start":{"line":8,"column":25},"end":{"line":8,"column":26}},"loc":{"start":{"line":8,"column":37},"end":{"line":25,"column":5}},"line":8},"2":{"name":"(anonymous_2)","decl":{"start":{"line":27,"column":24},"end":{"line":27,"column":25}},"loc":{"start":{"line":27,"column":36},"end":{"line":44,"column":5}},"line":27},"3":{"name":"(anonymous_3)","decl":{"start":{"line":46,"column":31},"end":{"line":46,"column":32}},"loc":{"start":{"line":46,"column":37},"end":{"line":48,"column":5}},"line":46},"4":{"name":"(anonymous_4)","decl":{"start":{"line":50,"column":30},"end":{"line":50,"column":31}},"loc":{"start":{"line":50,"column":36},"end":{"line":52,"column":5}},"line":50}},"branchMap":{"0":{"loc":{"start":{"line":16,"column":12},"end":{"line":18,"column":13}},"type":"if","locations":[{"start":{"line":16,"column":12},"end":{"line":18,"column":13}},{"start":{},"end":{}}],"line":16},"1":{"loc":{"start":{"line":35,"column":12},"end":{"line":37,"column":13}},"type":"if","locations":[{"start":{"line":35,"column":12},"end":{"line":37,"column":13}},{"start":{},"end":{}}],"line":35}},"s":{"0":0,"1":0,"2":0,"3":0,"4":0,"5":0,"6":0,"7":0,"8":0,"9":0,"10":0,"11":0,"12":0,"13":0,"14":0,"15":0,"16":0,"17":0,"18":0,"19":0,"20":0,"21":0,"22":0,"23":0,"24":0,"25":0,"26":0},"f":{"0":0,"1":0,"2":0,"3":0,"4":0},"b":{"0":[0,0],"1":[0,0]}}
,"C:\\Users\\alist\\IdeaProjects\\InfoSafe\\Frontend\\infosafe_frontend\\src\\components\\getData\\getPerms.js": {"path":"C:\\Users\\alist\\IdeaProjects\\InfoSafe\\Frontend\\infosafe_frontend\\src\\components\\getData\\getPerms.js","statementMap":{"0":{"start":{"line":3,"column":27},"end":{"line":22,"column":1}},"1":{"start":{"line":4,"column":30},"end":{"line":4,"column":42}},"2":{"start":{"line":6,"column":4},"end":{"line":17,"column":11}},"3":{"start":{"line":7,"column":8},"end":{"line":16,"column":15}},"4":{"start":{"line":13,"column":27},"end":{"line":13,"column":37}},"5":{"start":{"line":15,"column":16},"end":{"line":15,"column":33}},"6":{"start":{"line":19,"column":4},"end":{"line":21,"column":5}}},"fnMap":{"0":{"name":"(anonymous_0)","decl":{"start":{"line":3,"column":27},"end":{"line":3,"column":28}},"loc":{"start":{"line":3,"column":33},"end":{"line":22,"column":1}},"line":3},"1":{"name":"(anonymous_1)","decl":{"start":{"line":6,"column":14},"end":{"line":6,"column":15}},"loc":{"start":{"line":6,"column":20},"end":{"line":17,"column":5}},"line":6},"2":{"name":"(anonymous_2)","decl":{"start":{"line":13,"column":18},"end":{"line":13,"column":19}},"loc":{"start":{"line":13,"column":27},"end":{"line":13,"column":37}},"line":13},"3":{"name":"(anonymous_3)","decl":{"start":{"line":14,"column":18},"end":{"line":14,"column":19}},"loc":{"start":{"line":14,"column":30},"end":{"line":16,"column":13}},"line":14}},"branchMap":{},"s":{"0":3,"1":1,"2":1,"3":1,"4":0,"5":0,"6":1},"f":{"0":1,"1":1,"2":0,"3":0},"b":{},"_coverageSchema":"1a1c01bbd47fc00a2c39e90264f33305004495a9","hash":"54aab62d800d166bafc6ca0bd152fe25eccc6a99"}
,"C:\\Users\\alist\\IdeaProjects\\InfoSafe\\Frontend\\infosafe_frontend\\src\\components\\getData\\getRisk.js": {"path":"C:\\Users\\alist\\IdeaProjects\\InfoSafe\\Frontend\\infosafe_frontend\\src\\components\\getData\\getRisk.js","statementMap":{"0":{"start":{"line":3,"column":26},"end":{"line":35,"column":1}},"1":{"start":{"line":4,"column":36},"end":{"line":4,"column":48}},"2":{"start":{"line":5,"column":34},"end":{"line":5,"column":48}},"3":{"start":{"line":7,"column":22},"end":{"line":24,"column":5}},"4":{"start":{"line":8,"column":8},"end":{"line":23,"column":9}},"5":{"start":{"line":9,"column":29},"end":{"line":14,"column":14}},"6":{"start":{"line":15,"column":12},"end":{"line":17,"column":13}},"7":{"start":{"line":16,"column":16},"end":{"line":16,"column":63}},"8":{"start":{"line":18,"column":27},"end":{"line":18,"column":48}},"9":{"start":{"line":19,"column":12},"end":{"line":19,"column":32}},"10":{"start":{"line":20,"column":12},"end":{"line":20,"column":30}},"11":{"start":{"line":22,"column":12},"end":{"line":22,"column":57}},"12":{"start":{"line":26,"column":26},"end":{"line":28,"column":5}},"13":{"start":{"line":27,"column":8},"end":{"line":27,"column":20}},"14":{"start":{"line":30,"column":4},"end":{"line":34,"column":5}}},"fnMap":{"0":{"name":"(anonymous_0)","decl":{"start":{"line":3,"column":26},"end":{"line":3,"column":27}},"loc":{"start":{"line":3,"column":32},"end":{"line":35,"column":1}},"line":3},"1":{"name":"(anonymous_1)","decl":{"start":{"line":7,"column":22},"end":{"line":7,"column":23}},"loc":{"start":{"line":7,"column":34},"end":{"line":24,"column":5}},"line":7},"2":{"name":"(anonymous_2)","decl":{"start":{"line":26,"column":26},"end":{"line":26,"column":27}},"loc":{"start":{"line":26,"column":32},"end":{"line":28,"column":5}},"line":26}},"branchMap":{"0":{"loc":{"start":{"line":15,"column":12},"end":{"line":17,"column":13}},"type":"if","locations":[{"start":{"line":15,"column":12},"end":{"line":17,"column":13}},{"start":{},"end":{}}],"line":15}},"s":{"0":0,"1":0,"2":0,"3":0,"4":0,"5":0,"6":0,"7":0,"8":0,"9":0,"10":0,"11":0,"12":0,"13":0,"14":0},"f":{"0":0,"1":0,"2":0},"b":{"0":[0,0]}}
,"C:\\Users\\alist\\IdeaProjects\\InfoSafe\\Frontend\\infosafe_frontend\\src\\components\\getData\\getSR.js": {"path":"C:\\Users\\alist\\IdeaProjects\\InfoSafe\\Frontend\\infosafe_frontend\\src\\components\\getData\\getSR.js","statementMap":{"0":{"start":{"line":3,"column":24},"end":{"line":61,"column":1}},"1":{"start":{"line":4,"column":48},"end":{"line":4,"column":60}},"2":{"start":{"line":5,"column":46},"end":{"line":5,"column":58}},"3":{"start":{"line":6,"column":34},"end":{"line":6,"column":48}},"4":{"start":{"line":8,"column":25},"end":{"line":25,"column":5}},"5":{"start":{"line":9,"column":8},"end":{"line":24,"column":9}},"6":{"start":{"line":10,"column":29},"end":{"line":15,"column":14}},"7":{"start":{"line":16,"column":12},"end":{"line":18,"column":13}},"8":{"start":{"line":17,"column":16},"end":{"line":17,"column":63}},"9":{"start":{"line":19,"column":31},"end":{"line":19,"column":52}},"10":{"start":{"line":20,"column":16},"end":{"line":20,"column":42}},"11":{"start":{"line":21,"column":16},"end":{"line":21,"column":34}},"12":{"start":{"line":23,"column":12},"end":{"line":23,"column":57}},"13":{"start":{"line":27,"column":28},"end":{"line":29,"column":5}},"14":{"start":{"line":28,"column":8},"end":{"line":28,"column":23}},"15":{"start":{"line":31,"column":24},"end":{"line":48,"column":5}},"16":{"start":{"line":32,"column":8},"end":{"line":47,"column":9}},"17":{"start":{"line":33,"column":29},"end":{"line":38,"column":14}},"18":{"start":{"line":39,"column":12},"end":{"line":41,"column":13}},"19":{"start":{"line":40,"column":16},"end":{"line":40,"column":63}},"20":{"start":{"line":42,"column":27},"end":{"line":42,"column":48}},"21":{"start":{"line":43,"column":16},"end":{"line":43,"column":41}},"22":{"start":{"line":44,"column":16},"end":{"line":44,"column":34}},"23":{"start":{"line":46,"column":12},"end":{"line":46,"column":57}},"24":{"start":{"line":50,"column":27},"end":{"line":52,"column":5}},"25":{"start":{"line":51,"column":8},"end":{"line":51,"column":22}},"26":{"start":{"line":54,"column":4},"end":{"line":60,"column":6}}},"fnMap":{"0":{"name":"(anonymous_0)","decl":{"start":{"line":3,"column":24},"end":{"line":3,"column":25}},"loc":{"start":{"line":3,"column":30},"end":{"line":61,"column":1}},"line":3},"1":{"name":"(anonymous_1)","decl":{"start":{"line":8,"column":25},"end":{"line":8,"column":26}},"loc":{"start":{"line":8,"column":37},"end":{"line":25,"column":5}},"line":8},"2":{"name":"(anonymous_2)","decl":{"start":{"line":27,"column":28},"end":{"line":27,"column":29}},"loc":{"start":{"line":27,"column":34},"end":{"line":29,"column":5}},"line":27},"3":{"name":"(anonymous_3)","decl":{"start":{"line":31,"column":24},"end":{"line":31,"column":25}},"loc":{"start":{"line":31,"column":36},"end":{"line":48,"column":5}},"line":31},"4":{"name":"(anonymous_4)","decl":{"start":{"line":50,"column":27},"end":{"line":50,"column":28}},"loc":{"start":{"line":50,"column":33},"end":{"line":52,"column":5}},"line":50}},"branchMap":{"0":{"loc":{"start":{"line":16,"column":12},"end":{"line":18,"column":13}},"type":"if","locations":[{"start":{"line":16,"column":12},"end":{"line":18,"column":13}},{"start":{},"end":{}}],"line":16},"1":{"loc":{"start":{"line":39,"column":12},"end":{"line":41,"column":13}},"type":"if","locations":[{"start":{"line":39,"column":12},"end":{"line":41,"column":13}},{"start":{},"end":{}}],"line":39}},"s":{"0":0,"1":0,"2":0,"3":0,"4":0,"5":0,"6":0,"7":0,"8":0,"9":0,"10":0,"11":0,"12":0,"13":0,"14":0,"15":0,"16":0,"17":0,"18":0,"19":0,"20":0,"21":0,"22":0,"23":0,"24":0,"25":0,"26":0},"f":{"0":0,"1":0,"2":0,"3":0,"4":0},"b":{"0":[0,0],"1":[0,0]}}
,"C:\\Users\\alist\\IdeaProjects\\InfoSafe\\Frontend\\infosafe_frontend\\src\\components\\getData\\getTask.js": {"path":"C:\\Users\\alist\\IdeaProjects\\InfoSafe\\Frontend\\infosafe_frontend\\src\\components\\getData\\getTask.js","statementMap":{"0":{"start":{"line":3,"column":26},"end":{"line":68,"column":1}},"1":{"start":{"line":4,"column":36},"end":{"line":4,"column":48}},"2":{"start":{"line":5,"column":34},"end":{"line":5,"column":48}},"3":{"start":{"line":9,"column":22},"end":{"line":26,"column":5}},"4":{"start":{"line":10,"column":8},"end":{"line":25,"column":9}},"5":{"start":{"line":11,"column":29},"end":{"line":16,"column":14}},"6":{"start":{"line":17,"column":12},"end":{"line":19,"column":13}},"7":{"start":{"line":18,"column":16},"end":{"line":18,"column":63}},"8":{"start":{"line":20,"column":27},"end":{"line":20,"column":48}},"9":{"start":{"line":21,"column":12},"end":{"line":21,"column":32}},"10":{"start":{"line":22,"column":12},"end":{"line":22,"column":30}},"11":{"start":{"line":24,"column":12},"end":{"line":24,"column":57}},"12":{"start":{"line":59,"column":26},"end":{"line":61,"column":5}},"13":{"start":{"line":60,"column":8},"end":{"line":60,"column":20}},"14":{"start":{"line":63,"column":4},"end":{"line":67,"column":5}}},"fnMap":{"0":{"name":"(anonymous_0)","decl":{"start":{"line":3,"column":26},"end":{"line":3,"column":27}},"loc":{"start":{"line":3,"column":32},"end":{"line":68,"column":1}},"line":3},"1":{"name":"(anonymous_1)","decl":{"start":{"line":9,"column":22},"end":{"line":9,"column":23}},"loc":{"start":{"line":9,"column":34},"end":{"line":26,"column":5}},"line":9},"2":{"name":"(anonymous_2)","decl":{"start":{"line":59,"column":26},"end":{"line":59,"column":27}},"loc":{"start":{"line":59,"column":32},"end":{"line":61,"column":5}},"line":59}},"branchMap":{"0":{"loc":{"start":{"line":17,"column":12},"end":{"line":19,"column":13}},"type":"if","locations":[{"start":{"line":17,"column":12},"end":{"line":19,"column":13}},{"start":{},"end":{}}],"line":17}},"s":{"0":1,"1":2,"2":2,"3":2,"4":0,"5":0,"6":0,"7":0,"8":0,"9":0,"10":0,"11":0,"12":2,"13":0,"14":2},"f":{"0":2,"1":0,"2":0},"b":{"0":[0,0]},"_coverageSchema":"1a1c01bbd47fc00a2c39e90264f33305004495a9","hash":"03ac314b73174f14d84f3d8b743c4e7762799afd"}
}
