{"C:\\Users\\chris\\Documents\\GitHub\\InfoSafe\\frontend\\infosafe_frontend\\src\\components\\View\\ViewDevice.js": {"path":"C:\\Users\\chris\\Documents\\GitHub\\InfoSafe\\frontend\\infosafe_frontend\\src\\components\\View\\ViewDevice.js","statementMap":{"0":{"start":{"line":8,"column":26},"end":{"line":38,"column":1}},"1":{"start":{"line":9,"column":4},"end":{"line":37,"column":6}}},"fnMap":{"0":{"name":"(anonymous_0)","decl":{"start":{"line":8,"column":26},"end":{"line":8,"column":27}},"loc":{"start":{"line":8,"column":64},"end":{"line":38,"column":1}},"line":8}},"branchMap":{},"s":{"0":2,"1":2},"f":{"0":2},"b":{},"_coverageSchema":"1a1c01bbd47fc00a2c39e90264f33305004495a9","hash":"f98f523b1e94a9b2ffea9ea59820f7d22495a9f8"}
}
