TN:
SF:src\index.js
FNF:0
FNH:0
DA:11,0
DA:12,0
DA:25,0
LF:3
LH:0
BRF:0
BRH:0
end_of_record
TN:
SF:src\reportWebVitals.js
FN:1,(anonymous_0)
FN:3,(anonymous_1)
FNF:2
FNH:0
FNDA:0,(anonymous_0)
FNDA:0,(anonymous_1)
DA:1,0
DA:2,0
DA:3,0
DA:4,0
DA:5,0
DA:6,0
DA:7,0
DA:8,0
LF:8
LH:0
BRDA:2,0,0,0
BRDA:2,0,1,0
BRDA:2,1,0,0
BRDA:2,1,1,0
BRF:4
BRH:0
end_of_record
TN:
SF:src\components\About.js
FN:5,(anonymous_0)
FNF:1
FNH:0
FNDA:0,(anonymous_0)
DA:5,0
DA:6,0
LF:2
LH:0
BRF:0
BRH:0
end_of_record
TN:
SF:src\components\ConfirmDelete.js
FN:5,(anonymous_0)
FN:6,(anonymous_1)
FNF:2
FNH:0
FNDA:0,(anonymous_0)
FNDA:0,(anonymous_1)
DA:5,0
DA:6,0
DA:7,0
DA:8,0
DA:12,0
LF:5
LH:0
BRF:0
BRH:0
end_of_record
TN:
SF:src\components\CustomStyling.js
FN:3,(anonymous_0)
FN:15,(anonymous_1)
FN:23,(anonymous_2)
FN:29,(anonymous_3)
FN:33,(anonymous_4)
FN:37,(anonymous_5)
FN:42,(anonymous_6)
FNF:7
FNH:0
FNDA:0,(anonymous_0)
FNDA:0,(anonymous_1)
FNDA:0,(anonymous_2)
FNDA:0,(anonymous_3)
FNDA:0,(anonymous_4)
FNDA:0,(anonymous_5)
FNDA:0,(anonymous_6)
DA:2,9
DA:3,0
DA:15,0
DA:23,0
DA:29,0
DA:33,0
DA:37,0
DA:42,0
LF:8
LH:1
BRDA:7,0,0,0
BRDA:7,0,1,0
BRDA:9,1,0,0
BRDA:9,1,1,0
BRDA:12,2,0,0
BRDA:12,2,1,0
BRF:6
BRH:0
end_of_record
TN:
SF:src\components\ForgotPassword.js
FN:4,(anonymous_0)
FN:8,(anonymous_1)
FN:20,(anonymous_2)
FN:25,(anonymous_3)
FN:31,(anonymous_4)
FN:35,(anonymous_5)
FN:44,(anonymous_6)
FN:49,(anonymous_7)
FN:55,(anonymous_8)
FN:59,(anonymous_9)
FN:63,(anonymous_10)
FN:68,(anonymous_11)
FN:72,(anonymous_12)
FN:76,(anonymous_13)
FNF:14
FNH:0
FNDA:0,(anonymous_0)
FNDA:0,(anonymous_1)
FNDA:0,(anonymous_2)
FNDA:0,(anonymous_3)
FNDA:0,(anonymous_4)
FNDA:0,(anonymous_5)
FNDA:0,(anonymous_6)
FNDA:0,(anonymous_7)
FNDA:0,(anonymous_8)
FNDA:0,(anonymous_9)
FNDA:0,(anonymous_10)
FNDA:0,(anonymous_11)
FNDA:0,(anonymous_12)
FNDA:0,(anonymous_13)
DA:4,0
DA:5,0
DA:6,0
DA:7,0
DA:8,0
DA:9,0
DA:10,0
DA:11,0
DA:13,0
DA:21,0
DA:22,0
DA:25,0
DA:27,0
DA:32,0
DA:35,0
DA:36,0
DA:37,0
DA:45,0
DA:46,0
DA:49,0
DA:51,0
DA:56,0
DA:59,0
DA:60,0
DA:61,0
DA:63,0
DA:64,0
DA:65,0
DA:68,0
DA:69,0
DA:72,0
DA:73,0
DA:76,0
DA:77,0
DA:80,0
LF:35
LH:0
BRDA:21,0,0,0
BRDA:21,0,1,0
BRDA:45,1,0,0
BRDA:45,1,1,0
BRF:4
BRH:0
end_of_record
TN:
SF:src\components\Help.js
FN:5,(anonymous_0)
FNF:1
FNH:0
FNDA:0,(anonymous_0)
DA:5,0
DA:7,0
LF:2
LH:0
BRF:0
BRH:0
end_of_record
TN:
SF:src\components\HelpPopup.js
FN:5,(anonymous_0)
FNF:1
FNH:0
FNDA:0,(anonymous_0)
DA:5,1
DA:7,0
LF:2
LH:1
BRF:0
BRH:0
end_of_record
TN:
SF:src\components\Login.js
FN:4,Login
FN:7,(anonymous_1)
FN:14,(anonymous_2)
FN:17,(anonymous_3)
FN:29,(anonymous_4)
FN:37,(anonymous_5)
FN:61,(anonymous_6)
FN:73,(anonymous_7)
FNF:8
FNH:0
FNDA:0,Login
FNDA:0,(anonymous_1)
FNDA:0,(anonymous_2)
FNDA:0,(anonymous_3)
FNDA:0,(anonymous_4)
FNDA:0,(anonymous_5)
FNDA:0,(anonymous_6)
FNDA:0,(anonymous_7)
DA:5,0
DA:6,0
DA:7,0
DA:8,0
DA:9,0
DA:10,0
DA:16,0
DA:17,0
DA:18,0
DA:19,0
DA:20,0
DA:21,0
DA:24,0
DA:29,0
DA:30,0
DA:32,0
DA:37,0
DA:38,0
DA:42,0
DA:61,0
DA:73,0
LF:21
LH:0
BRDA:16,0,0,0
BRDA:16,0,1,0
BRDA:30,1,0,0
BRDA:30,1,1,0
BRF:4
BRH:0
end_of_record
TN:
SF:src\components\TaskApprovalPopup.js
FN:11,(anonymous_0)
FN:23,(anonymous_1)
FN:31,(anonymous_2)
FN:37,(anonymous_3)
FN:41,(anonymous_4)
FN:45,(anonymous_5)
FN:52,(anonymous_6)
FN:72,(anonymous_7)
FNF:8
FNH:0
FNDA:0,(anonymous_0)
FNDA:0,(anonymous_1)
FNDA:0,(anonymous_2)
FNDA:0,(anonymous_3)
FNDA:0,(anonymous_4)
FNDA:0,(anonymous_5)
FNDA:0,(anonymous_6)
FNDA:0,(anonymous_7)
DA:8,0
DA:10,0
DA:11,0
DA:23,0
DA:31,0
DA:37,0
DA:41,0
DA:45,0
DA:52,0
DA:53,0
DA:72,0
LF:11
LH:0
BRDA:15,0,0,0
BRDA:15,0,1,0
BRDA:17,1,0,0
BRDA:17,1,1,0
BRDA:20,2,0,0
BRDA:20,2,1,0
BRDA:69,3,0,0
BRDA:69,3,1,0
BRDA:69,4,0,0
BRDA:69,4,1,0
BRF:10
BRH:0
end_of_record
TN:
SF:src\components\Charts\Dashboard.js
FN:11,(anonymous_0)
FN:20,(anonymous_1)
FN:21,(anonymous_2)
FN:53,(anonymous_3)
FN:133,(anonymous_4)
FN:149,(anonymous_5)
FN:161,(anonymous_6)
FNF:7
FNH:3
FNDA:1,(anonymous_0)
FNDA:1,(anonymous_1)
FNDA:1,(anonymous_2)
FNDA:0,(anonymous_3)
FNDA:0,(anonymous_4)
FNDA:0,(anonymous_5)
FNDA:0,(anonymous_6)
DA:11,1
DA:12,1
DA:13,1
DA:14,1
DA:15,1
DA:16,1
DA:17,1
DA:18,1
DA:20,1
DA:21,1
DA:22,1
DA:24,1
DA:51,0
DA:52,0
DA:53,0
DA:54,0
DA:55,0
DA:56,0
DA:57,0
DA:59,0
DA:63,1
DA:66,1
DA:67,0
DA:69,1
DA:72,1
DA:134,0
DA:150,0
DA:162,0
LF:28
LH:16
BRDA:66,0,0,0
BRDA:66,0,1,1
BRDA:66,1,0,1
BRDA:66,1,1,1
BRDA:66,1,2,1
BRF:5
BRH:4
end_of_record
TN:
SF:src\components\Charts\SystemAnalyticsChart.js
FN:4,(anonymous_0)
FN:9,(anonymous_1)
FN:10,(anonymous_2)
FN:78,(anonymous_3)
FN:91,(anonymous_4)
FNF:5
FNH:4
FNDA:1,(anonymous_0)
FNDA:1,(anonymous_1)
FNDA:1,(anonymous_2)
FNDA:0,(anonymous_3)
FNDA:1,(anonymous_4)
DA:4,1
DA:5,1
DA:6,1
DA:7,1
DA:9,1
DA:10,1
DA:11,1
DA:13,1
DA:76,0
DA:77,0
DA:78,0
DA:80,0
DA:81,0
DA:82,0
DA:84,0
DA:88,1
DA:91,1
DA:92,1
DA:93,0
DA:95,0
DA:96,0
DA:145,1
LF:22
LH:12
BRDA:92,0,0,0
BRDA:92,0,1,1
BRDA:92,1,0,1
BRDA:92,1,1,0
BRF:4
BRH:2
end_of_record
TN:
SF:src\components\Charts\TasksChart.js
FN:4,(anonymous_0)
FN:9,(anonymous_1)
FN:16,(anonymous_2)
FN:17,(anonymous_3)
FN:20,(anonymous_4)
FN:25,(anonymous_5)
FNF:6
FNH:3
FNDA:2,(anonymous_0)
FNDA:1,(anonymous_1)
FNDA:0,(anonymous_2)
FNDA:0,(anonymous_3)
FNDA:0,(anonymous_4)
FNDA:1,(anonymous_5)
DA:4,1
DA:5,2
DA:6,2
DA:7,2
DA:9,2
DA:10,1
DA:16,0
DA:18,0
DA:21,0
DA:25,2
DA:26,1
DA:27,0
DA:30,1
DA:31,1
DA:53,1
DA:56,2
LF:16
LH:12
BRDA:26,0,0,0
BRDA:26,0,1,1
BRF:2
BRH:1
end_of_record
TN:
SF:src\components\Charts\useCurrentDataScope.js
FN:4,(anonymous_0)
FN:7,(anonymous_1)
FN:13,(anonymous_2)
FN:14,(anonymous_3)
FN:18,(anonymous_4)
FN:24,(anonymous_5)
FN:25,(anonymous_6)
FN:32,(anonymous_7)
FN:38,(anonymous_8)
FN:39,(anonymous_9)
FN:43,(anonymous_10)
FN:49,(anonymous_11)
FN:50,(anonymous_12)
FN:56,(anonymous_13)
FN:62,(anonymous_14)
FN:63,(anonymous_15)
FNF:16
FNH:6
FNDA:1,(anonymous_0)
FNDA:1,(anonymous_1)
FNDA:0,(anonymous_2)
FNDA:0,(anonymous_3)
FNDA:1,(anonymous_4)
FNDA:0,(anonymous_5)
FNDA:0,(anonymous_6)
FNDA:1,(anonymous_7)
FNDA:0,(anonymous_8)
FNDA:0,(anonymous_9)
FNDA:1,(anonymous_10)
FNDA:0,(anonymous_11)
FNDA:0,(anonymous_12)
FNDA:1,(anonymous_13)
FNDA:0,(anonymous_14)
FNDA:0,(anonymous_15)
DA:4,3
DA:5,1
DA:6,1
DA:7,1
DA:8,1
DA:13,0
DA:15,0
DA:18,1
DA:19,1
DA:24,0
DA:26,0
DA:30,1
DA:31,1
DA:32,1
DA:33,1
DA:38,0
DA:40,0
DA:43,1
DA:44,1
DA:49,0
DA:51,0
DA:55,1
DA:56,1
DA:57,1
DA:62,0
DA:64,0
DA:69,1
LF:27
LH:17
BRF:0
BRH:0
end_of_record
TN:
SF:src\components\Charts\useCurrentTasks.js
FN:3,(anonymous_0)
FN:7,(anonymous_1)
FN:13,(anonymous_2)
FN:14,(anonymous_3)
FN:18,(anonymous_4)
FN:24,(anonymous_5)
FN:25,(anonymous_6)
FN:29,(anonymous_7)
FN:35,(anonymous_8)
FN:36,(anonymous_9)
FNF:10
FNH:4
FNDA:1,(anonymous_0)
FNDA:1,(anonymous_1)
FNDA:0,(anonymous_2)
FNDA:0,(anonymous_3)
FNDA:1,(anonymous_4)
FNDA:0,(anonymous_5)
FNDA:0,(anonymous_6)
FNDA:1,(anonymous_7)
FNDA:0,(anonymous_8)
FNDA:0,(anonymous_9)
DA:3,3
DA:4,1
DA:5,1
DA:6,1
DA:7,1
DA:8,1
DA:13,0
DA:15,0
DA:18,1
DA:19,1
DA:24,0
DA:26,0
DA:29,1
DA:30,1
DA:35,0
DA:37,0
DA:41,1
LF:17
LH:11
BRF:0
BRH:0
end_of_record
TN:
SF:src\components\Create\CreateDataScopePopup.js
FN:8,(anonymous_0)
FN:14,(anonymous_1)
FN:35,(anonymous_2)
FN:36,(anonymous_3)
FN:49,(anonymous_4)
FN:53,(anonymous_5)
FN:59,(anonymous_6)
FN:64,(anonymous_7)
FN:71,(anonymous_8)
FN:72,(anonymous_9)
FN:77,(anonymous_10)
FN:78,(anonymous_11)
FN:101,(anonymous_12)
FN:111,(anonymous_13)
FN:119,(anonymous_14)
FNF:15
FNH:2
FNDA:2,(anonymous_0)
FNDA:0,(anonymous_1)
FNDA:0,(anonymous_2)
FNDA:0,(anonymous_3)
FNDA:0,(anonymous_4)
FNDA:0,(anonymous_5)
FNDA:0,(anonymous_6)
FNDA:2,(anonymous_7)
FNDA:0,(anonymous_8)
FNDA:0,(anonymous_9)
FNDA:0,(anonymous_10)
FNDA:0,(anonymous_11)
FNDA:0,(anonymous_12)
FNDA:0,(anonymous_13)
FNDA:0,(anonymous_14)
DA:8,1
DA:9,2
DA:10,2
DA:11,2
DA:12,2
DA:14,2
DA:15,0
DA:16,0
DA:17,0
DA:19,0
DA:20,0
DA:21,0
DA:25,0
DA:26,0
DA:28,0
DA:35,0
DA:37,0
DA:38,0
DA:41,0
DA:50,0
DA:51,0
DA:54,0
DA:60,0
DA:64,2
DA:65,2
DA:71,0
DA:73,0
DA:77,2
DA:78,0
DA:79,0
DA:83,2
DA:101,0
DA:111,0
DA:119,0
LF:34
LH:10
BRDA:19,0,0,0
BRDA:19,0,1,0
BRDA:19,1,0,0
BRDA:19,1,1,0
BRDA:37,2,0,0
BRDA:37,2,1,0
BRDA:116,3,0,0
BRDA:116,3,1,2
BRDA:116,4,0,2
BRDA:116,4,1,2
BRF:10
BRH:3
end_of_record
TN:
SF:src\components\Create\CreateDevicePopup.js
FN:14,(anonymous_0)
FN:27,(anonymous_1)
FN:31,(anonymous_2)
FN:58,(anonymous_3)
FN:63,(anonymous_4)
FN:70,(anonymous_5)
FN:71,(anonymous_6)
FN:90,(anonymous_7)
FN:96,(anonymous_8)
FN:100,(anonymous_9)
FN:107,(anonymous_10)
FN:115,(anonymous_11)
FN:124,(anonymous_12)
FN:132,(anonymous_13)
FNF:14
FNH:2
FNDA:2,(anonymous_0)
FNDA:0,(anonymous_1)
FNDA:0,(anonymous_2)
FNDA:0,(anonymous_3)
FNDA:2,(anonymous_4)
FNDA:0,(anonymous_5)
FNDA:0,(anonymous_6)
FNDA:0,(anonymous_7)
FNDA:0,(anonymous_8)
FNDA:0,(anonymous_9)
FNDA:0,(anonymous_10)
FNDA:0,(anonymous_11)
FNDA:0,(anonymous_12)
FNDA:0,(anonymous_13)
DA:11,1
DA:12,1
DA:13,1
DA:14,1
DA:15,2
DA:16,2
DA:17,2
DA:18,2
DA:19,2
DA:20,2
DA:21,2
DA:22,2
DA:23,2
DA:24,2
DA:27,2
DA:28,0
DA:31,2
DA:32,0
DA:33,0
DA:34,0
DA:35,0
DA:38,0
DA:50,0
DA:51,0
DA:59,0
DA:60,0
DA:63,2
DA:64,2
DA:70,0
DA:72,0
DA:77,2
DA:90,0
DA:96,0
DA:100,0
DA:107,0
DA:115,0
DA:124,0
DA:132,0
LF:38
LH:19
BRDA:33,0,0,0
BRDA:33,0,1,0
BRDA:33,1,0,0
BRDA:33,1,1,0
BRDA:33,1,2,0
BRDA:33,1,3,0
BRDA:33,1,4,0
BRDA:45,2,0,0
BRDA:45,2,1,0
BRDA:127,3,0,2
BRDA:127,3,1,0
BRDA:130,4,0,0
BRDA:130,4,1,0
BRDA:130,5,0,0
BRDA:130,5,1,0
BRF:15
BRH:1
end_of_record
TN:
SF:src\components\Create\CreateRiskPopup.js
FN:14,(anonymous_0)
FN:24,(anonymous_1)
FN:27,(anonymous_2)
FN:30,(anonymous_3)
FN:33,(anonymous_4)
FN:49,(anonymous_5)
FN:78,(anonymous_6)
FN:86,(anonymous_7)
FN:103,(anonymous_8)
FN:108,(anonymous_9)
FNF:10
FNH:1
FNDA:2,(anonymous_0)
FNDA:0,(anonymous_1)
FNDA:0,(anonymous_2)
FNDA:0,(anonymous_3)
FNDA:0,(anonymous_4)
FNDA:0,(anonymous_5)
FNDA:0,(anonymous_6)
FNDA:0,(anonymous_7)
FNDA:0,(anonymous_8)
FNDA:0,(anonymous_9)
DA:10,1
DA:11,1
DA:12,1
DA:14,1
DA:15,2
DA:16,2
DA:17,2
DA:18,2
DA:19,2
DA:20,2
DA:21,2
DA:22,2
DA:24,2
DA:25,0
DA:27,2
DA:28,0
DA:30,2
DA:31,0
DA:33,2
DA:34,0
DA:36,0
DA:37,0
DA:38,0
DA:41,0
DA:43,0
DA:50,0
DA:51,0
DA:53,0
DA:56,2
DA:78,0
DA:86,0
DA:103,0
DA:108,0
LF:33
LH:17
BRDA:36,0,0,0
BRDA:36,0,1,0
BRDA:36,1,0,0
BRDA:36,1,1,0
BRDA:36,1,2,0
BRDA:36,1,3,0
BRDA:101,2,0,0
BRDA:101,2,1,2
BRDA:101,3,0,2
BRDA:101,3,1,2
BRF:10
BRH:3
end_of_record
TN:
SF:src\components\Create\CreateTaskPopup.js
FN:12,(anonymous_0)
FN:29,(anonymous_1)
FN:46,(anonymous_2)
FN:57,(anonymous_3)
FN:58,(anonymous_4)
FN:62,(anonymous_5)
FN:69,(anonymous_6)
FN:76,(anonymous_7)
FN:77,(anonymous_8)
FN:82,(anonymous_9)
FN:86,(anonymous_10)
FN:90,(anonymous_11)
FN:94,(anonymous_12)
FN:126,(anonymous_13)
FN:130,(anonymous_14)
FN:137,(anonymous_15)
FN:153,(anonymous_16)
FN:158,(anonymous_17)
FN:167,(anonymous_18)
FNF:19
FNH:3
FNDA:2,(anonymous_0)
FNDA:0,(anonymous_1)
FNDA:0,(anonymous_2)
FNDA:0,(anonymous_3)
FNDA:0,(anonymous_4)
FNDA:0,(anonymous_5)
FNDA:2,(anonymous_6)
FNDA:0,(anonymous_7)
FNDA:0,(anonymous_8)
FNDA:0,(anonymous_9)
FNDA:0,(anonymous_10)
FNDA:0,(anonymous_11)
FNDA:0,(anonymous_12)
FNDA:6,(anonymous_13)
FNDA:0,(anonymous_14)
FNDA:0,(anonymous_15)
FNDA:0,(anonymous_16)
FNDA:0,(anonymous_17)
FNDA:0,(anonymous_18)
DA:12,1
DA:13,2
DA:14,2
DA:15,2
DA:16,2
DA:17,2
DA:18,2
DA:19,2
DA:20,2
DA:21,2
DA:24,2
DA:29,2
DA:30,0
DA:32,0
DA:33,0
DA:34,0
DA:38,0
DA:39,0
DA:46,0
DA:49,0
DA:57,0
DA:59,0
DA:60,0
DA:63,0
DA:66,0
DA:69,2
DA:70,2
DA:76,0
DA:78,0
DA:82,2
DA:83,0
DA:86,2
DA:87,0
DA:90,2
DA:91,0
DA:94,2
DA:95,0
DA:98,2
DA:126,6
DA:130,0
DA:137,0
DA:153,0
DA:158,0
DA:167,0
LF:44
LH:20
BRDA:32,0,0,0
BRDA:32,0,1,0
BRDA:32,1,0,0
BRDA:32,1,1,0
BRDA:32,1,2,0
BRDA:32,1,3,0
BRDA:32,1,4,0
BRDA:32,1,5,0
BRDA:134,2,0,0
BRDA:134,2,1,2
BRDA:134,3,0,2
BRDA:134,3,1,2
BRDA:151,4,0,0
BRDA:151,4,1,2
BRDA:151,5,0,2
BRDA:151,5,1,2
BRF:16
BRH:6
end_of_record
TN:
SF:src\components\Create\CreateUserPopup.js
FN:9,(anonymous_0)
FN:17,(anonymous_1)
FN:34,(anonymous_2)
FN:35,(anonymous_3)
FN:48,(anonymous_4)
FN:54,(anonymous_5)
FN:59,(anonymous_6)
FN:66,(anonymous_7)
FN:67,(anonymous_8)
FN:90,(anonymous_9)
FN:96,(anonymous_10)
FN:97,(anonymous_11)
FN:115,(anonymous_12)
FN:119,(anonymous_13)
FN:123,(anonymous_14)
FN:132,(anonymous_15)
FN:136,(anonymous_16)
FNF:17
FNH:4
FNDA:2,(anonymous_0)
FNDA:0,(anonymous_1)
FNDA:0,(anonymous_2)
FNDA:0,(anonymous_3)
FNDA:0,(anonymous_4)
FNDA:0,(anonymous_5)
FNDA:0,(anonymous_6)
FNDA:2,(anonymous_7)
FNDA:2,(anonymous_8)
FNDA:2,(anonymous_9)
FNDA:0,(anonymous_10)
FNDA:0,(anonymous_11)
FNDA:0,(anonymous_12)
FNDA:0,(anonymous_13)
FNDA:0,(anonymous_14)
FNDA:0,(anonymous_15)
FNDA:0,(anonymous_16)
DA:9,1
DA:10,2
DA:11,2
DA:12,2
DA:13,2
DA:14,2
DA:15,2
DA:17,2
DA:18,0
DA:19,0
DA:20,0
DA:22,0
DA:23,0
DA:24,0
DA:27,0
DA:34,0
DA:36,0
DA:37,0
DA:40,0
DA:49,0
DA:50,0
DA:51,0
DA:55,0
DA:60,0
DA:66,2
DA:67,2
DA:68,2
DA:69,2
DA:76,0
DA:77,0
DA:78,0
DA:79,0
DA:81,0
DA:84,0
DA:87,2
DA:90,2
DA:91,2
DA:96,0
DA:98,0
DA:102,2
DA:115,0
DA:119,0
DA:123,0
DA:132,0
DA:136,0
LF:45
LH:16
BRDA:22,0,0,0
BRDA:22,0,1,0
BRDA:22,1,0,0
BRDA:22,1,1,0
BRDA:22,1,2,0
BRDA:22,1,3,0
BRDA:36,2,0,0
BRDA:36,2,1,0
BRDA:49,3,0,0
BRDA:49,3,1,0
BRDA:76,4,0,0
BRDA:76,4,1,0
BRDA:130,5,0,0
BRDA:130,5,1,2
BRDA:130,6,0,2
BRDA:130,6,1,0
BRDA:133,7,0,0
BRDA:133,7,1,0
BRF:18
BRH:2
end_of_record
TN:
SF:src\components\Edit\ChangePassword.js
FN:7,(anonymous_0)
FN:13,(anonymous_1)
FN:22,(anonymous_2)
FN:28,(anonymous_3)
FN:36,(anonymous_4)
FN:41,(anonymous_5)
FN:83,(anonymous_6)
FN:91,(anonymous_7)
FNF:8
FNH:2
FNDA:2,(anonymous_0)
FNDA:2,(anonymous_1)
FNDA:0,(anonymous_2)
FNDA:0,(anonymous_3)
FNDA:0,(anonymous_4)
FNDA:0,(anonymous_5)
FNDA:0,(anonymous_6)
FNDA:0,(anonymous_7)
DA:7,1
DA:8,2
DA:9,2
DA:10,2
DA:11,2
DA:13,2
DA:15,2
DA:23,0
DA:24,0
DA:26,0
DA:29,0
DA:30,0
DA:33,0
DA:37,0
DA:41,2
DA:42,0
DA:44,0
DA:45,0
DA:46,0
DA:49,0
DA:50,0
DA:59,0
DA:60,0
DA:62,0
DA:66,2
DA:83,0
DA:91,0
LF:27
LH:9
BRDA:23,0,0,0
BRDA:23,0,1,0
BRDA:29,1,0,0
BRDA:29,1,1,0
BRDA:44,2,0,0
BRDA:44,2,1,0
BRF:6
BRH:0
end_of_record
TN:
SF:src\components\Edit\EditAccessRequest.js
FN:8,(anonymous_0)
FN:19,(anonymous_1)
FN:31,(anonymous_2)
FN:40,(anonymous_3)
FN:68,(anonymous_4)
FNF:5
FNH:2
FNDA:4,(anonymous_0)
FNDA:2,(anonymous_1)
FNDA:0,(anonymous_2)
FNDA:0,(anonymous_3)
FNDA:0,(anonymous_4)
DA:8,1
DA:9,4
DA:11,4
DA:19,4
DA:20,2
DA:21,2
DA:31,4
DA:32,0
DA:34,0
DA:41,0
DA:42,0
DA:45,0
DA:48,4
DA:68,0
LF:14
LH:8
BRDA:20,0,0,2
BRDA:20,0,1,0
BRF:2
BRH:1
end_of_record
TN:
SF:src\components\Edit\EditDataScopePopup.js
FN:11,(anonymous_0)
FN:39,(anonymous_1)
FN:41,(anonymous_2)
FN:43,(anonymous_3)
FN:52,(anonymous_4)
FN:63,(anonymous_5)
FN:70,(anonymous_6)
FN:77,(anonymous_7)
FN:78,(anonymous_8)
FN:83,(anonymous_9)
FN:95,(anonymous_10)
FN:100,(anonymous_11)
FN:120,(anonymous_12)
FN:126,(anonymous_13)
FN:136,(anonymous_14)
FN:156,(anonymous_15)
FN:170,(anonymous_16)
FNF:17
FNH:3
FNDA:2,(anonymous_0)
FNDA:0,(anonymous_1)
FNDA:0,(anonymous_2)
FNDA:0,(anonymous_3)
FNDA:1,(anonymous_4)
FNDA:0,(anonymous_5)
FNDA:2,(anonymous_6)
FNDA:0,(anonymous_7)
FNDA:0,(anonymous_8)
FNDA:0,(anonymous_9)
FNDA:0,(anonymous_10)
FNDA:0,(anonymous_11)
FNDA:0,(anonymous_12)
FNDA:0,(anonymous_13)
FNDA:0,(anonymous_14)
FNDA:0,(anonymous_15)
FNDA:0,(anonymous_16)
DA:9,1
DA:11,1
DA:12,2
DA:13,2
DA:14,2
DA:15,2
DA:17,2
DA:39,2
DA:40,0
DA:41,0
DA:43,2
DA:44,0
DA:45,0
DA:46,0
DA:48,0
DA:52,2
DA:53,1
DA:56,1
DA:64,0
DA:65,0
DA:67,1
DA:70,2
DA:71,2
DA:77,0
DA:79,0
DA:83,2
DA:84,0
DA:85,0
DA:87,0
DA:96,0
DA:97,0
DA:98,0
DA:101,0
DA:105,2
DA:120,0
DA:126,0
DA:136,0
DA:156,0
DA:170,0
LF:39
LH:17
BRDA:45,0,0,0
BRDA:45,0,1,0
BRDA:154,1,0,0
BRDA:154,1,1,2
BRDA:154,2,0,2
BRDA:154,2,1,2
BRF:6
BRH:3
end_of_record
TN:
SF:src\components\Edit\EditDevice.js
FN:13,(anonymous_0)
FN:40,(anonymous_1)
FN:54,(anonymous_2)
FN:61,(anonymous_3)
FN:77,(anonymous_4)
FN:84,(anonymous_5)
FN:91,(anonymous_6)
FN:92,(anonymous_7)
FN:111,(anonymous_8)
FN:117,(anonymous_9)
FN:125,(anonymous_10)
FN:133,(anonymous_11)
FN:143,(anonymous_12)
FN:164,(anonymous_13)
FNF:14
FNH:3
FNDA:4,(anonymous_0)
FNDA:2,(anonymous_1)
FNDA:0,(anonymous_2)
FNDA:0,(anonymous_3)
FNDA:0,(anonymous_4)
FNDA:2,(anonymous_5)
FNDA:0,(anonymous_6)
FNDA:0,(anonymous_7)
FNDA:0,(anonymous_8)
FNDA:0,(anonymous_9)
FNDA:0,(anonymous_10)
FNDA:0,(anonymous_11)
FNDA:0,(anonymous_12)
FNDA:0,(anonymous_13)
DA:9,1
DA:10,1
DA:13,1
DA:14,4
DA:15,4
DA:16,4
DA:17,4
DA:18,4
DA:19,4
DA:20,4
DA:22,4
DA:23,4
DA:24,4
DA:27,4
DA:40,4
DA:41,2
DA:42,2
DA:54,4
DA:55,0
DA:57,0
DA:58,0
DA:61,4
DA:62,0
DA:63,0
DA:64,0
DA:65,0
DA:66,0
DA:67,0
DA:68,0
DA:70,0
DA:71,0
DA:78,0
DA:79,0
DA:81,0
DA:84,4
DA:85,2
DA:91,0
DA:93,0
DA:98,4
DA:111,0
DA:117,0
DA:125,0
DA:133,0
DA:143,0
DA:164,0
LF:45
LH:22
BRDA:22,0,0,4
BRDA:22,0,1,0
BRDA:41,1,0,2
BRDA:41,1,1,0
BRDA:64,2,0,0
BRDA:64,2,1,0
BRDA:66,3,0,0
BRDA:66,3,1,0
BRDA:66,4,0,0
BRDA:66,4,1,0
BRDA:66,4,2,0
BRDA:66,4,3,0
BRDA:66,4,4,0
BRDA:135,5,0,4
BRDA:135,5,1,2
BRDA:135,5,2,0
BRDA:140,6,0,0
BRDA:140,6,1,0
BRDA:140,7,0,0
BRDA:140,7,1,0
BRDA:144,8,0,0
BRDA:144,8,1,0
BRDA:156,9,0,4
BRDA:156,9,1,2
BRDA:156,9,2,2
BRDA:161,10,0,0
BRDA:161,10,1,2
BRDA:161,11,0,2
BRDA:161,11,1,2
BRDA:165,12,0,0
BRDA:165,12,1,0
BRF:31
BRH:10
end_of_record
TN:
SF:src\components\Edit\EditRisk.js
FN:11,(anonymous_0)
FN:24,(anonymous_1)
FN:38,(anonymous_2)
FN:48,(anonymous_3)
FN:75,(anonymous_4)
FN:83,(anonymous_5)
FN:94,(anonymous_6)
FN:103,(anonymous_7)
FN:111,(anonymous_8)
FN:116,(anonymous_9)
FN:120,(anonymous_10)
FNF:11
FNH:2
FNDA:4,(anonymous_0)
FNDA:2,(anonymous_1)
FNDA:0,(anonymous_2)
FNDA:0,(anonymous_3)
FNDA:0,(anonymous_4)
FNDA:0,(anonymous_5)
FNDA:0,(anonymous_6)
FNDA:0,(anonymous_7)
FNDA:0,(anonymous_8)
FNDA:0,(anonymous_9)
FNDA:0,(anonymous_10)
DA:8,1
DA:9,1
DA:10,1
DA:11,1
DA:12,4
DA:13,4
DA:14,4
DA:24,4
DA:25,2
DA:26,2
DA:38,4
DA:39,0
DA:40,0
DA:41,0
DA:49,0
DA:50,0
DA:53,0
DA:56,4
DA:75,0
DA:83,0
DA:94,0
DA:103,0
DA:111,0
DA:116,0
DA:120,0
LF:25
LH:12
BRDA:25,0,0,2
BRDA:25,0,1,0
BRDA:114,1,0,0
BRDA:114,1,1,4
BRDA:114,2,0,4
BRDA:114,2,1,4
BRF:6
BRH:4
end_of_record
TN:
SF:src\components\Edit\EditSupportRequest.js
FN:8,(anonymous_0)
FN:20,(anonymous_1)
FN:29,(anonymous_2)
FN:64,(anonymous_3)
FNF:4
FNH:1
FNDA:2,(anonymous_0)
FNDA:0,(anonymous_1)
FNDA:0,(anonymous_2)
FNDA:0,(anonymous_3)
DA:7,1
DA:8,1
DA:9,2
DA:20,2
DA:21,0
DA:22,0
DA:23,0
DA:30,0
DA:31,0
DA:32,0
DA:34,0
DA:37,2
DA:64,0
LF:13
LH:5
BRDA:15,0,0,0
BRDA:15,0,1,2
BRDA:16,1,0,0
BRDA:16,1,1,2
BRDA:17,2,0,0
BRDA:17,2,1,2
BRF:6
BRH:3
end_of_record
TN:
SF:src\components\Edit\EditTaskPopup.js
FN:19,(anonymous_0)
FN:36,(anonymous_1)
FN:43,(anonymous_2)
FN:44,(anonymous_3)
FN:51,(anonymous_4)
FN:67,(anonymous_5)
FN:74,(anonymous_6)
FN:75,(anonymous_7)
FN:80,(anonymous_8)
FN:95,(anonymous_9)
FN:101,(anonymous_10)
FN:102,(anonymous_11)
FN:120,(anonymous_12)
FN:134,(anonymous_13)
FN:139,(anonymous_14)
FN:140,(anonymous_15)
FN:151,(anonymous_16)
FN:152,(anonymous_17)
FN:166,(anonymous_18)
FN:170,(anonymous_19)
FN:177,(anonymous_20)
FNF:21
FNH:0
FNDA:0,(anonymous_0)
FNDA:0,(anonymous_1)
FNDA:0,(anonymous_2)
FNDA:0,(anonymous_3)
FNDA:0,(anonymous_4)
FNDA:0,(anonymous_5)
FNDA:0,(anonymous_6)
FNDA:0,(anonymous_7)
FNDA:0,(anonymous_8)
FNDA:0,(anonymous_9)
FNDA:0,(anonymous_10)
FNDA:0,(anonymous_11)
FNDA:0,(anonymous_12)
FNDA:0,(anonymous_13)
FNDA:0,(anonymous_14)
FNDA:0,(anonymous_15)
FNDA:0,(anonymous_16)
FNDA:0,(anonymous_17)
FNDA:0,(anonymous_18)
FNDA:0,(anonymous_19)
FNDA:0,(anonymous_20)
DA:11,0
DA:12,0
DA:14,0
DA:19,0
DA:20,0
DA:21,0
DA:22,0
DA:23,0
DA:24,0
DA:34,0
DA:36,0
DA:37,0
DA:43,0
DA:45,0
DA:46,0
DA:51,0
DA:53,0
DA:54,0
DA:67,0
DA:68,0
DA:74,0
DA:76,0
DA:80,0
DA:81,0
DA:82,0
DA:83,0
DA:84,0
DA:88,0
DA:96,0
DA:97,0
DA:101,0
DA:102,0
DA:103,0
DA:106,0
DA:120,0
DA:134,0
DA:139,0
DA:140,0
DA:151,0
DA:152,0
DA:166,0
DA:170,0
DA:177,0
LF:43
LH:0
BRDA:53,0,0,0
BRDA:53,0,1,0
BRDA:137,1,0,0
BRDA:137,1,1,0
BRDA:137,2,0,0
BRDA:137,2,1,0
BRDA:149,3,0,0
BRDA:149,3,1,0
BRDA:149,4,0,0
BRDA:149,4,1,0
BRF:10
BRH:0
end_of_record
TN:
SF:src\components\Edit\EditUser.js
FN:8,(anonymous_0)
FN:26,(anonymous_1)
FN:40,(anonymous_2)
FN:49,(anonymous_3)
FN:56,(anonymous_4)
FN:57,fetchRoles
FN:95,(anonymous_6)
FN:106,(anonymous_7)
FN:117,(anonymous_8)
FN:125,(anonymous_9)
FN:129,(anonymous_10)
FNF:11
FNH:4
FNDA:4,(anonymous_0)
FNDA:2,(anonymous_1)
FNDA:0,(anonymous_2)
FNDA:0,(anonymous_3)
FNDA:2,(anonymous_4)
FNDA:2,fetchRoles
FNDA:0,(anonymous_6)
FNDA:0,(anonymous_7)
FNDA:0,(anonymous_8)
FNDA:0,(anonymous_9)
FNDA:0,(anonymous_10)
DA:8,1
DA:9,4
DA:10,4
DA:11,4
DA:26,4
DA:28,2
DA:29,2
DA:40,4
DA:41,0
DA:43,0
DA:50,0
DA:51,0
DA:53,0
DA:56,4
DA:58,2
DA:69,0
DA:70,0
DA:72,2
DA:75,4
DA:95,0
DA:106,0
DA:117,0
DA:125,0
DA:129,0
LF:24
LH:12
BRDA:28,0,0,2
BRDA:28,0,1,0
BRDA:123,1,0,0
BRDA:123,1,1,4
BRDA:123,2,0,4
BRDA:123,2,1,0
BRF:6
BRH:3
end_of_record
TN:
SF:src\components\RequestRequests\AccessRequestRequests.js
FN:3,(anonymous_0)
FN:7,(anonymous_1)
FN:14,(anonymous_2)
FN:15,(anonymous_3)
FN:20,(anonymous_4)
FN:27,(anonymous_5)
FN:28,(anonymous_6)
FNF:7
FNH:3
FNDA:8,(anonymous_0)
FNDA:6,(anonymous_1)
FNDA:0,(anonymous_2)
FNDA:0,(anonymous_3)
FNDA:6,(anonymous_4)
FNDA:0,(anonymous_5)
FNDA:0,(anonymous_6)
DA:3,3
DA:4,8
DA:5,8
DA:7,8
DA:8,6
DA:14,0
DA:16,0
DA:20,8
DA:21,6
DA:27,0
DA:29,0
DA:32,8
LF:12
LH:8
BRF:0
BRH:0
end_of_record
TN:
SF:src\components\RequestRequests\AssetRequestRequests.js
FN:4,(anonymous_0)
FN:7,(anonymous_1)
FN:14,(anonymous_2)
FN:15,(anonymous_3)
FNF:4
FNH:0
FNDA:0,(anonymous_0)
FNDA:0,(anonymous_1)
FNDA:0,(anonymous_2)
FNDA:0,(anonymous_3)
DA:4,0
DA:5,0
DA:7,0
DA:8,0
DA:14,0
DA:16,0
DA:19,0
LF:7
LH:0
BRF:0
BRH:0
end_of_record
TN:
SF:src\components\RequestRequests\SupportRequestRequests.js
FN:4,(anonymous_0)
FN:7,(anonymous_1)
FN:14,(anonymous_2)
FN:15,(anonymous_3)
FN:18,(anonymous_4)
FNF:5
FNH:0
FNDA:0,(anonymous_0)
FNDA:0,(anonymous_1)
FNDA:0,(anonymous_2)
FNDA:0,(anonymous_3)
FNDA:0,(anonymous_4)
DA:4,0
DA:5,0
DA:7,0
DA:8,0
DA:14,0
DA:16,0
DA:19,0
DA:24,0
LF:8
LH:0
BRF:0
BRH:0
end_of_record
TN:
SF:src\components\Reviews\AccessRequestApproval.js
FN:6,(anonymous_0)
FN:8,(anonymous_1)
FN:18,(anonymous_2)
FN:51,(anonymous_3)
FN:58,(anonymous_4)
FNF:5
FNH:1
FNDA:2,(anonymous_0)
FNDA:0,(anonymous_1)
FNDA:0,(anonymous_2)
FNDA:0,(anonymous_3)
FNDA:0,(anonymous_4)
DA:6,1
DA:7,2
DA:8,2
DA:9,0
DA:10,0
DA:19,0
DA:20,0
DA:21,0
DA:25,2
DA:51,0
DA:58,0
LF:11
LH:4
BRF:0
BRH:0
end_of_record
TN:
SF:src\components\Reviews\ReviewAssetRequest.js
FN:6,(anonymous_0)
FN:8,(anonymous_1)
FN:20,(anonymous_2)
FN:49,(anonymous_3)
FN:55,(anonymous_4)
FNF:5
FNH:1
FNDA:2,(anonymous_0)
FNDA:0,(anonymous_1)
FNDA:0,(anonymous_2)
FNDA:0,(anonymous_3)
FNDA:0,(anonymous_4)
DA:6,1
DA:8,2
DA:9,0
DA:10,0
DA:12,0
DA:21,0
DA:22,0
DA:26,2
DA:49,0
DA:55,0
LF:10
LH:3
BRF:0
BRH:0
end_of_record
TN:
SF:src\components\Reviews\ReviewRiskPopup.js
FN:11,(anonymous_0)
FNF:1
FNH:1
FNDA:2,(anonymous_0)
DA:8,1
DA:9,1
DA:10,1
DA:11,1
DA:12,2
LF:5
LH:5
BRF:0
BRH:0
end_of_record
TN:
SF:src\components\Roles\RoleCreation.js
FN:7,(anonymous_0)
FN:9,(anonymous_1)
FN:25,(anonymous_2)
FN:38,(anonymous_3)
FN:39,(anonymous_4)
FN:51,(anonymous_5)
FN:54,(anonymous_6)
FN:63,(anonymous_7)
FN:69,(anonymous_8)
FN:70,(anonymous_9)
FN:80,(anonymous_10)
FN:97,(anonymous_11)
FN:107,(anonymous_12)
FN:117,(anonymous_13)
FN:130,(anonymous_14)
FN:140,(anonymous_15)
FN:150,(anonymous_16)
FN:163,(anonymous_17)
FN:173,(anonymous_18)
FN:188,(anonymous_19)
FN:198,(anonymous_20)
FN:208,(anonymous_21)
FN:218,(anonymous_22)
FN:230,(anonymous_23)
FN:240,(anonymous_24)
FN:250,(anonymous_25)
FN:263,(anonymous_26)
FN:273,(anonymous_27)
FN:283,(anonymous_28)
FN:296,(anonymous_29)
FN:311,(anonymous_30)
FN:321,(anonymous_31)
FN:331,(anonymous_32)
FN:341,(anonymous_33)
FN:354,(anonymous_34)
FN:364,(anonymous_35)
FN:374,(anonymous_36)
FN:384,(anonymous_37)
FN:390,(anonymous_38)
FN:396,(anonymous_39)
FN:402,(anonymous_40)
FN:408,(anonymous_41)
FN:414,(anonymous_42)
FN:419,(anonymous_43)
FN:424,(anonymous_44)
FN:430,(anonymous_45)
FN:436,(anonymous_46)
FN:454,(anonymous_47)
FN:726,(anonymous_48)
FN:734,(anonymous_49)
FN:738,(anonymous_50)
FN:750,(anonymous_51)
FN:755,(anonymous_52)
FN:757,(anonymous_53)
FN:763,(anonymous_54)
FN:764,(anonymous_55)
FN:770,(anonymous_56)
FN:779,(anonymous_57)
FN:780,(anonymous_58)
FN:790,(anonymous_59)
FN:791,(anonymous_60)
FN:801,(anonymous_61)
FN:802,(anonymous_62)
FN:817,(anonymous_63)
FN:818,(anonymous_64)
FN:828,(anonymous_65)
FN:829,(anonymous_66)
FN:839,(anonymous_67)
FN:840,(anonymous_68)
FN:856,(anonymous_69)
FN:857,(anonymous_70)
FN:867,(anonymous_71)
FN:868,(anonymous_72)
FN:883,(anonymous_73)
FN:884,(anonymous_74)
FN:894,(anonymous_75)
FN:895,(anonymous_76)
FN:905,(anonymous_77)
FN:906,(anonymous_78)
FN:916,(anonymous_79)
FN:917,(anonymous_80)
FN:932,(anonymous_81)
FN:933,(anonymous_82)
FN:943,(anonymous_83)
FN:944,(anonymous_84)
FN:954,(anonymous_85)
FN:955,(anonymous_86)
FN:971,(anonymous_87)
FN:972,(anonymous_88)
FN:982,(anonymous_89)
FN:983,(anonymous_90)
FN:993,(anonymous_91)
FN:994,(anonymous_92)
FN:1009,(anonymous_93)
FN:1010,(anonymous_94)
FN:1025,(anonymous_95)
FN:1026,(anonymous_96)
FN:1036,(anonymous_97)
FN:1037,(anonymous_98)
FN:1047,(anonymous_99)
FN:1048,(anonymous_100)
FN:1058,(anonymous_101)
FN:1059,(anonymous_102)
FN:1075,(anonymous_103)
FN:1076,(anonymous_104)
FN:1086,(anonymous_105)
FN:1087,(anonymous_106)
FN:1097,(anonymous_107)
FN:1098,(anonymous_108)
FN:1129,(anonymous_109)
FN:1133,(anonymous_110)
FNF:111
FNH:33
FNDA:1,(anonymous_0)
FNDA:9,(anonymous_1)
FNDA:0,(anonymous_2)
FNDA:0,(anonymous_3)
FNDA:0,(anonymous_4)
FNDA:0,(anonymous_5)
FNDA:0,(anonymous_6)
FNDA:1,(anonymous_7)
FNDA:0,(anonymous_8)
FNDA:0,(anonymous_9)
FNDA:0,(anonymous_10)
FNDA:0,(anonymous_11)
FNDA:0,(anonymous_12)
FNDA:0,(anonymous_13)
FNDA:0,(anonymous_14)
FNDA:0,(anonymous_15)
FNDA:0,(anonymous_16)
FNDA:0,(anonymous_17)
FNDA:0,(anonymous_18)
FNDA:0,(anonymous_19)
FNDA:0,(anonymous_20)
FNDA:0,(anonymous_21)
FNDA:0,(anonymous_22)
FNDA:0,(anonymous_23)
FNDA:0,(anonymous_24)
FNDA:0,(anonymous_25)
FNDA:0,(anonymous_26)
FNDA:0,(anonymous_27)
FNDA:0,(anonymous_28)
FNDA:0,(anonymous_29)
FNDA:0,(anonymous_30)
FNDA:0,(anonymous_31)
FNDA:0,(anonymous_32)
FNDA:0,(anonymous_33)
FNDA:0,(anonymous_34)
FNDA:0,(anonymous_35)
FNDA:0,(anonymous_36)
FNDA:0,(anonymous_37)
FNDA:0,(anonymous_38)
FNDA:0,(anonymous_39)
FNDA:0,(anonymous_40)
FNDA:0,(anonymous_41)
FNDA:0,(anonymous_42)
FNDA:0,(anonymous_43)
FNDA:0,(anonymous_44)
FNDA:0,(anonymous_45)
FNDA:0,(anonymous_46)
FNDA:0,(anonymous_47)
FNDA:0,(anonymous_48)
FNDA:0,(anonymous_49)
FNDA:0,(anonymous_50)
FNDA:0,(anonymous_51)
FNDA:9,(anonymous_52)
FNDA:9,(anonymous_53)
FNDA:9,(anonymous_54)
FNDA:0,(anonymous_55)
FNDA:9,(anonymous_56)
FNDA:0,(anonymous_57)
FNDA:1,(anonymous_58)
FNDA:0,(anonymous_59)
FNDA:1,(anonymous_60)
FNDA:0,(anonymous_61)
FNDA:1,(anonymous_62)
FNDA:0,(anonymous_63)
FNDA:1,(anonymous_64)
FNDA:0,(anonymous_65)
FNDA:1,(anonymous_66)
FNDA:0,(anonymous_67)
FNDA:1,(anonymous_68)
FNDA:0,(anonymous_69)
FNDA:1,(anonymous_70)
FNDA:0,(anonymous_71)
FNDA:1,(anonymous_72)
FNDA:0,(anonymous_73)
FNDA:1,(anonymous_74)
FNDA:0,(anonymous_75)
FNDA:1,(anonymous_76)
FNDA:0,(anonymous_77)
FNDA:1,(anonymous_78)
FNDA:0,(anonymous_79)
FNDA:1,(anonymous_80)
FNDA:0,(anonymous_81)
FNDA:1,(anonymous_82)
FNDA:0,(anonymous_83)
FNDA:1,(anonymous_84)
FNDA:0,(anonymous_85)
FNDA:1,(anonymous_86)
FNDA:0,(anonymous_87)
FNDA:1,(anonymous_88)
FNDA:0,(anonymous_89)
FNDA:1,(anonymous_90)
FNDA:0,(anonymous_91)
FNDA:1,(anonymous_92)
FNDA:0,(anonymous_93)
FNDA:1,(anonymous_94)
FNDA:0,(anonymous_95)
FNDA:1,(anonymous_96)
FNDA:0,(anonymous_97)
FNDA:1,(anonymous_98)
FNDA:0,(anonymous_99)
FNDA:1,(anonymous_100)
FNDA:0,(anonymous_101)
FNDA:1,(anonymous_102)
FNDA:0,(anonymous_103)
FNDA:1,(anonymous_104)
FNDA:0,(anonymous_105)
FNDA:1,(anonymous_106)
FNDA:0,(anonymous_107)
FNDA:1,(anonymous_108)
FNDA:0,(anonymous_109)
FNDA:0,(anonymous_110)
DA:7,1
DA:8,1
DA:9,9
DA:10,1
DA:11,1
DA:12,1
DA:13,1
DA:14,1
DA:15,1
DA:16,1
DA:17,1
DA:18,1
DA:19,1
DA:20,1
DA:21,1
DA:22,1
DA:23,1
DA:25,1
DA:26,0
DA:27,0
DA:28,0
DA:31,0
DA:38,0
DA:40,0
DA:41,0
DA:44,0
DA:52,0
DA:55,0
DA:58,0
DA:63,1
DA:64,1
DA:69,0
DA:71,0
DA:75,1
DA:76,1
DA:77,0
DA:80,1
DA:81,0
DA:82,0
DA:83,0
DA:85,0
DA:86,0
DA:87,0
DA:89,0
DA:91,0
DA:92,0
DA:93,0
DA:95,0
DA:97,0
DA:101,0
DA:102,0
DA:103,0
DA:105,0
DA:107,0
DA:111,0
DA:112,0
DA:113,0
DA:115,0
DA:117,0
DA:122,0
DA:124,0
DA:125,0
DA:126,0
DA:128,0
DA:130,0
DA:134,0
DA:135,0
DA:136,0
DA:138,0
DA:140,0
DA:144,0
DA:145,0
DA:146,0
DA:148,0
DA:150,0
DA:155,0
DA:157,0
DA:158,0
DA:159,0
DA:161,0
DA:163,0
DA:167,0
DA:168,0
DA:169,0
DA:171,0
DA:173,0
DA:179,0
DA:182,0
DA:183,0
DA:184,0
DA:186,0
DA:188,0
DA:192,0
DA:193,0
DA:194,0
DA:196,0
DA:198,0
DA:202,0
DA:203,0
DA:204,0
DA:206,0
DA:208,0
DA:212,0
DA:213,0
DA:214,0
DA:216,0
DA:218,0
DA:222,0
DA:224,0
DA:225,0
DA:226,0
DA:228,0
DA:230,0
DA:234,0
DA:235,0
DA:236,0
DA:238,0
DA:240,0
DA:244,0
DA:245,0
DA:246,0
DA:248,0
DA:250,0
DA:255,0
DA:257,0
DA:258,0
DA:259,0
DA:261,0
DA:263,0
DA:267,0
DA:268,0
DA:269,0
DA:271,0
DA:273,0
DA:277,0
DA:278,0
DA:279,0
DA:281,0
DA:283,0
DA:288,0
DA:290,0
DA:291,0
DA:292,0
DA:294,0
DA:296,0
DA:303,0
DA:305,0
DA:306,0
DA:307,0
DA:309,0
DA:311,0
DA:315,0
DA:316,0
DA:317,0
DA:319,0
DA:321,0
DA:325,0
DA:326,0
DA:327,0
DA:329,0
DA:331,0
DA:335,0
DA:336,0
DA:337,0
DA:339,0
DA:341,0
DA:346,0
DA:348,0
DA:349,0
DA:350,0
DA:352,0
DA:354,0
DA:358,0
DA:359,0
DA:360,0
DA:362,0
DA:364,0
DA:368,0
DA:369,0
DA:370,0
DA:372,0
DA:374,0
DA:384,1
DA:385,0
DA:386,0
DA:387,0
DA:390,1
DA:391,0
DA:392,0
DA:393,0
DA:396,1
DA:397,0
DA:398,0
DA:399,0
DA:402,1
DA:403,0
DA:404,0
DA:405,0
DA:408,1
DA:409,0
DA:410,0
DA:411,0
DA:414,1
DA:415,0
DA:416,0
DA:417,0
DA:419,1
DA:420,0
DA:421,0
DA:422,0
DA:424,1
DA:425,0
DA:426,0
DA:427,0
DA:430,1
DA:431,0
DA:432,0
DA:433,0
DA:436,1
DA:438,0
DA:439,0
DA:454,1
DA:456,0
DA:459,0
DA:460,0
DA:461,0
DA:463,0
DA:464,0
DA:469,0
DA:470,0
DA:471,0
DA:473,0
DA:474,0
DA:479,0
DA:480,0
DA:481,0
DA:483,0
DA:484,0
DA:489,0
DA:490,0
DA:491,0
DA:493,0
DA:494,0
DA:500,0
DA:501,0
DA:502,0
DA:504,0
DA:505,0
DA:510,0
DA:511,0
DA:512,0
DA:514,0
DA:515,0
DA:520,0
DA:521,0
DA:522,0
DA:524,0
DA:525,0
DA:530,0
DA:531,0
DA:532,0
DA:534,0
DA:535,0
DA:540,0
DA:541,0
DA:542,0
DA:544,0
DA:545,0
DA:550,0
DA:551,0
DA:552,0
DA:554,0
DA:555,0
DA:560,0
DA:561,0
DA:562,0
DA:564,0
DA:565,0
DA:570,0
DA:571,0
DA:572,0
DA:574,0
DA:575,0
DA:580,0
DA:581,0
DA:582,0
DA:584,0
DA:585,0
DA:590,0
DA:591,0
DA:592,0
DA:594,0
DA:595,0
DA:600,0
DA:601,0
DA:602,0
DA:604,0
DA:605,0
DA:610,0
DA:611,0
DA:612,0
DA:614,0
DA:615,0
DA:620,0
DA:621,0
DA:622,0
DA:624,0
DA:625,0
DA:630,0
DA:631,0
DA:632,0
DA:634,0
DA:635,0
DA:640,0
DA:641,0
DA:642,0
DA:644,0
DA:645,0
DA:650,0
DA:651,0
DA:652,0
DA:654,0
DA:655,0
DA:660,0
DA:661,0
DA:662,0
DA:664,0
DA:665,0
DA:670,0
DA:671,0
DA:672,0
DA:674,0
DA:675,0
DA:680,0
DA:681,0
DA:682,0
DA:684,0
DA:685,0
DA:690,0
DA:691,0
DA:692,0
DA:694,0
DA:695,0
DA:700,0
DA:701,0
DA:702,0
DA:704,0
DA:705,0
DA:710,0
DA:711,0
DA:712,0
DA:714,0
DA:715,0
DA:722,1
DA:723,1
DA:724,1
DA:725,1
DA:726,1
DA:727,0
DA:728,0
DA:730,1
DA:734,0
DA:738,0
DA:750,0
DA:757,9
DA:763,9
DA:764,0
DA:771,9
DA:772,1
DA:779,0
DA:780,1
DA:790,0
DA:791,1
DA:801,0
DA:802,1
DA:809,8
DA:810,1
DA:817,0
DA:818,1
DA:828,0
DA:829,1
DA:839,0
DA:840,1
DA:848,7
DA:849,1
DA:856,0
DA:857,1
DA:867,0
DA:868,1
DA:875,6
DA:876,1
DA:883,0
DA:884,1
DA:894,0
DA:895,1
DA:905,0
DA:906,1
DA:916,0
DA:917,1
DA:924,5
DA:925,1
DA:932,0
DA:933,1
DA:943,0
DA:944,1
DA:954,0
DA:955,1
DA:963,4
DA:964,1
DA:971,0
DA:972,1
DA:982,0
DA:983,1
DA:993,0
DA:994,1
DA:1001,3
DA:1002,1
DA:1009,0
DA:1010,1
DA:1017,2
DA:1018,1
DA:1025,0
DA:1026,1
DA:1036,0
DA:1037,1
DA:1047,0
DA:1048,1
DA:1058,0
DA:1059,1
DA:1067,1
DA:1068,1
DA:1075,0
DA:1076,1
DA:1086,0
DA:1087,1
DA:1097,0
DA:1098,1
DA:1129,0
DA:1133,0
LF:439
LH:86
BRDA:40,0,0,0
BRDA:40,0,1,0
BRDA:89,1,0,0
BRDA:89,1,1,0
BRDA:89,2,0,0
BRDA:89,2,1,0
BRDA:92,3,0,0
BRDA:92,3,1,0
BRDA:95,4,0,0
BRDA:95,4,1,0
BRDA:102,5,0,0
BRDA:102,5,1,0
BRDA:105,6,0,0
BRDA:105,6,1,0
BRDA:112,7,0,0
BRDA:112,7,1,0
BRDA:115,8,0,0
BRDA:115,8,1,0
BRDA:122,9,0,0
BRDA:122,9,1,0
BRDA:122,10,0,0
BRDA:122,10,1,0
BRDA:125,11,0,0
BRDA:125,11,1,0
BRDA:128,12,0,0
BRDA:128,12,1,0
BRDA:135,13,0,0
BRDA:135,13,1,0
BRDA:138,14,0,0
BRDA:138,14,1,0
BRDA:145,15,0,0
BRDA:145,15,1,0
BRDA:148,16,0,0
BRDA:148,16,1,0
BRDA:155,17,0,0
BRDA:155,17,1,0
BRDA:155,18,0,0
BRDA:155,18,1,0
BRDA:158,19,0,0
BRDA:158,19,1,0
BRDA:161,20,0,0
BRDA:161,20,1,0
BRDA:168,21,0,0
BRDA:168,21,1,0
BRDA:171,22,0,0
BRDA:171,22,1,0
BRDA:179,23,0,0
BRDA:179,23,1,0
BRDA:179,24,0,0
BRDA:179,24,1,0
BRDA:183,25,0,0
BRDA:183,25,1,0
BRDA:186,26,0,0
BRDA:186,26,1,0
BRDA:193,27,0,0
BRDA:193,27,1,0
BRDA:196,28,0,0
BRDA:196,28,1,0
BRDA:203,29,0,0
BRDA:203,29,1,0
BRDA:206,30,0,0
BRDA:206,30,1,0
BRDA:213,31,0,0
BRDA:213,31,1,0
BRDA:216,32,0,0
BRDA:216,32,1,0
BRDA:222,33,0,0
BRDA:222,33,1,0
BRDA:222,34,0,0
BRDA:222,34,1,0
BRDA:225,35,0,0
BRDA:225,35,1,0
BRDA:228,36,0,0
BRDA:228,36,1,0
BRDA:235,37,0,0
BRDA:235,37,1,0
BRDA:238,38,0,0
BRDA:238,38,1,0
BRDA:245,39,0,0
BRDA:245,39,1,0
BRDA:248,40,0,0
BRDA:248,40,1,0
BRDA:255,41,0,0
BRDA:255,41,1,0
BRDA:255,42,0,0
BRDA:255,42,1,0
BRDA:258,43,0,0
BRDA:258,43,1,0
BRDA:261,44,0,0
BRDA:261,44,1,0
BRDA:268,45,0,0
BRDA:268,45,1,0
BRDA:271,46,0,0
BRDA:271,46,1,0
BRDA:278,47,0,0
BRDA:278,47,1,0
BRDA:281,48,0,0
BRDA:281,48,1,0
BRDA:288,49,0,0
BRDA:288,49,1,0
BRDA:288,50,0,0
BRDA:288,50,1,0
BRDA:291,51,0,0
BRDA:291,51,1,0
BRDA:294,52,0,0
BRDA:294,52,1,0
BRDA:303,53,0,0
BRDA:303,53,1,0
BRDA:303,54,0,0
BRDA:303,54,1,0
BRDA:306,55,0,0
BRDA:306,55,1,0
BRDA:309,56,0,0
BRDA:309,56,1,0
BRDA:316,57,0,0
BRDA:316,57,1,0
BRDA:319,58,0,0
BRDA:319,58,1,0
BRDA:326,59,0,0
BRDA:326,59,1,0
BRDA:329,60,0,0
BRDA:329,60,1,0
BRDA:336,61,0,0
BRDA:336,61,1,0
BRDA:339,62,0,0
BRDA:339,62,1,0
BRDA:346,63,0,0
BRDA:346,63,1,0
BRDA:346,64,0,0
BRDA:346,64,1,0
BRDA:349,65,0,0
BRDA:349,65,1,0
BRDA:352,66,0,0
BRDA:352,66,1,0
BRDA:359,67,0,0
BRDA:359,67,1,0
BRDA:362,68,0,0
BRDA:362,68,1,0
BRDA:369,69,0,0
BRDA:369,69,1,0
BRDA:372,70,0,0
BRDA:372,70,1,0
BRDA:460,71,0,0
BRDA:460,71,1,0
BRDA:461,72,0,0
BRDA:461,72,1,0
BRDA:470,73,0,0
BRDA:470,73,1,0
BRDA:471,74,0,0
BRDA:471,74,1,0
BRDA:480,75,0,0
BRDA:480,75,1,0
BRDA:481,76,0,0
BRDA:481,76,1,0
BRDA:490,77,0,0
BRDA:490,77,1,0
BRDA:491,78,0,0
BRDA:491,78,1,0
BRDA:501,79,0,0
BRDA:501,79,1,0
BRDA:502,80,0,0
BRDA:502,80,1,0
BRDA:511,81,0,0
BRDA:511,81,1,0
BRDA:512,82,0,0
BRDA:512,82,1,0
BRDA:521,83,0,0
BRDA:521,83,1,0
BRDA:522,84,0,0
BRDA:522,84,1,0
BRDA:531,85,0,0
BRDA:531,85,1,0
BRDA:532,86,0,0
BRDA:532,86,1,0
BRDA:541,87,0,0
BRDA:541,87,1,0
BRDA:542,88,0,0
BRDA:542,88,1,0
BRDA:551,89,0,0
BRDA:551,89,1,0
BRDA:552,90,0,0
BRDA:552,90,1,0
BRDA:561,91,0,0
BRDA:561,91,1,0
BRDA:562,92,0,0
BRDA:562,92,1,0
BRDA:571,93,0,0
BRDA:571,93,1,0
BRDA:572,94,0,0
BRDA:572,94,1,0
BRDA:581,95,0,0
BRDA:581,95,1,0
BRDA:582,96,0,0
BRDA:582,96,1,0
BRDA:591,97,0,0
BRDA:591,97,1,0
BRDA:592,98,0,0
BRDA:592,98,1,0
BRDA:601,99,0,0
BRDA:601,99,1,0
BRDA:602,100,0,0
BRDA:602,100,1,0
BRDA:611,101,0,0
BRDA:611,101,1,0
BRDA:612,102,0,0
BRDA:612,102,1,0
BRDA:621,103,0,0
BRDA:621,103,1,0
BRDA:622,104,0,0
BRDA:622,104,1,0
BRDA:631,105,0,0
BRDA:631,105,1,0
BRDA:632,106,0,0
BRDA:632,106,1,0
BRDA:641,107,0,0
BRDA:641,107,1,0
BRDA:642,108,0,0
BRDA:642,108,1,0
BRDA:651,109,0,0
BRDA:651,109,1,0
BRDA:652,110,0,0
BRDA:652,110,1,0
BRDA:661,111,0,0
BRDA:661,111,1,0
BRDA:662,112,0,0
BRDA:662,112,1,0
BRDA:671,113,0,0
BRDA:671,113,1,0
BRDA:672,114,0,0
BRDA:672,114,1,0
BRDA:681,115,0,0
BRDA:681,115,1,0
BRDA:682,116,0,0
BRDA:682,116,1,0
BRDA:691,117,0,0
BRDA:691,117,1,0
BRDA:692,118,0,0
BRDA:692,118,1,0
BRDA:701,119,0,0
BRDA:701,119,1,0
BRDA:702,120,0,0
BRDA:702,120,1,0
BRDA:711,121,0,0
BRDA:711,121,1,0
BRDA:712,122,0,0
BRDA:712,122,1,0
BRDA:732,123,0,1
BRDA:732,123,1,1
BRDA:736,124,0,0
BRDA:736,124,1,1
BRDA:769,125,0,0
BRDA:769,125,1,9
BRDA:771,126,0,1
BRDA:771,126,1,8
BRDA:809,127,0,1
BRDA:809,127,1,7
BRDA:848,128,0,1
BRDA:848,128,1,6
BRDA:875,129,0,1
BRDA:875,129,1,5
BRDA:924,130,0,1
BRDA:924,130,1,4
BRDA:963,131,0,1
BRDA:963,131,1,3
BRDA:1001,132,0,1
BRDA:1001,132,1,2
BRDA:1017,133,0,1
BRDA:1017,133,1,1
BRDA:1067,134,0,1
BRDA:1067,134,1,0
BRDA:1127,135,0,1
BRDA:1127,135,1,0
BRDA:1131,136,0,0
BRDA:1131,136,1,0
BRF:274
BRH:22
end_of_record
TN:
SF:src\components\Subsystems\AccessRequests.js
FN:15,(anonymous_0)
FN:19,(anonymous_1)
FN:23,(anonymous_2)
FN:29,(anonymous_3)
FN:34,(anonymous_4)
FN:46,(anonymous_5)
FN:51,(anonymous_6)
FN:55,(anonymous_7)
FN:70,(anonymous_8)
FN:78,(anonymous_9)
FN:84,(anonymous_10)
FN:98,(anonymous_11)
FN:111,(anonymous_12)
FN:115,(anonymous_13)
FNF:14
FNH:0
FNDA:0,(anonymous_0)
FNDA:0,(anonymous_1)
FNDA:0,(anonymous_2)
FNDA:0,(anonymous_3)
FNDA:0,(anonymous_4)
FNDA:0,(anonymous_5)
FNDA:0,(anonymous_6)
FNDA:0,(anonymous_7)
FNDA:0,(anonymous_8)
FNDA:0,(anonymous_9)
FNDA:0,(anonymous_10)
FNDA:0,(anonymous_11)
FNDA:0,(anonymous_12)
FNDA:0,(anonymous_13)
DA:15,0
DA:16,0
DA:17,0
DA:19,0
DA:20,0
DA:23,0
DA:24,0
DA:25,0
DA:26,0
DA:29,0
DA:34,0
DA:43,0
DA:46,0
DA:47,0
DA:48,0
DA:49,0
DA:51,0
DA:55,0
DA:66,0
DA:70,0
DA:71,0
DA:72,0
DA:73,0
DA:78,0
DA:84,0
DA:93,0
DA:97,0
DA:98,0
DA:99,0
DA:101,0
DA:103,0
DA:106,0
DA:108,0
DA:111,0
DA:115,0
LF:35
LH:0
BRDA:25,0,0,0
BRDA:25,0,1,0
BRDA:32,1,0,0
BRDA:32,1,1,0
BRDA:48,2,0,0
BRDA:48,2,1,0
BRDA:48,3,0,0
BRDA:48,3,1,0
BRDA:53,4,0,0
BRDA:53,4,1,0
BRDA:72,5,0,0
BRDA:72,5,1,0
BRDA:82,6,0,0
BRDA:82,6,1,0
BRDA:101,7,0,0
BRDA:101,7,1,0
BRDA:113,8,0,0
BRDA:113,8,1,0
BRDA:133,9,0,0
BRDA:133,9,1,0
BRF:20
BRH:0
end_of_record
TN:
SF:src\components\Subsystems\AssetRequest.js
FN:12,(anonymous_0)
FN:16,(anonymous_1)
FN:20,(anonymous_2)
FN:26,(anonymous_3)
FN:33,(anonymous_4)
FN:46,(anonymous_5)
FN:51,(anonymous_6)
FN:55,(anonymous_7)
FN:70,(anonymous_8)
FN:83,(anonymous_9)
FN:87,(anonymous_10)
FNF:11
FNH:0
FNDA:0,(anonymous_0)
FNDA:0,(anonymous_1)
FNDA:0,(anonymous_2)
FNDA:0,(anonymous_3)
FNDA:0,(anonymous_4)
FNDA:0,(anonymous_5)
FNDA:0,(anonymous_6)
FNDA:0,(anonymous_7)
FNDA:0,(anonymous_8)
FNDA:0,(anonymous_9)
FNDA:0,(anonymous_10)
DA:12,0
DA:13,0
DA:14,0
DA:16,0
DA:17,0
DA:20,0
DA:21,0
DA:22,0
DA:23,0
DA:26,0
DA:33,0
DA:42,0
DA:46,0
DA:47,0
DA:48,0
DA:49,0
DA:51,0
DA:55,0
DA:65,0
DA:69,0
DA:70,0
DA:71,0
DA:73,0
DA:75,0
DA:78,0
DA:80,0
DA:83,0
DA:87,0
LF:28
LH:0
BRDA:22,0,0,0
BRDA:22,0,1,0
BRDA:31,1,0,0
BRDA:31,1,1,0
BRDA:48,2,0,0
BRDA:48,2,1,0
BRDA:53,3,0,0
BRDA:53,3,1,0
BRDA:73,4,0,0
BRDA:73,4,1,0
BRDA:85,5,0,0
BRDA:85,5,1,0
BRDA:105,6,0,0
BRDA:105,6,1,0
BRF:14
BRH:0
end_of_record
TN:
SF:src\components\Subsystems\DataScopes.js
FN:17,(anonymous_0)
FN:24,(anonymous_1)
FN:29,(anonymous_2)
FN:34,(anonymous_3)
FN:37,(anonymous_4)
FN:50,(anonymous_5)
FN:73,(anonymous_6)
FN:78,(anonymous_7)
FN:81,(anonymous_8)
FN:83,(anonymous_9)
FN:93,(anonymous_10)
FN:99,(anonymous_11)
FN:104,(anonymous_12)
FN:119,(anonymous_13)
FN:126,(anonymous_14)
FN:132,(anonymous_15)
FN:147,(anonymous_16)
FN:155,(anonymous_17)
FN:172,(anonymous_18)
FN:176,(anonymous_19)
FNF:20
FNH:0
FNDA:0,(anonymous_0)
FNDA:0,(anonymous_1)
FNDA:0,(anonymous_2)
FNDA:0,(anonymous_3)
FNDA:0,(anonymous_4)
FNDA:0,(anonymous_5)
FNDA:0,(anonymous_6)
FNDA:0,(anonymous_7)
FNDA:0,(anonymous_8)
FNDA:0,(anonymous_9)
FNDA:0,(anonymous_10)
FNDA:0,(anonymous_11)
FNDA:0,(anonymous_12)
FNDA:0,(anonymous_13)
FNDA:0,(anonymous_14)
FNDA:0,(anonymous_15)
FNDA:0,(anonymous_16)
FNDA:0,(anonymous_17)
FNDA:0,(anonymous_18)
FNDA:0,(anonymous_19)
DA:17,0
DA:19,0
DA:20,0
DA:21,0
DA:22,0
DA:24,0
DA:25,0
DA:26,0
DA:29,0
DA:30,0
DA:31,0
DA:32,0
DA:34,0
DA:37,0
DA:46,0
DA:50,0
DA:51,0
DA:52,0
DA:59,0
DA:60,0
DA:62,0
DA:63,0
DA:68,0
DA:69,0
DA:73,0
DA:74,0
DA:75,0
DA:76,0
DA:78,0
DA:81,0
DA:83,0
DA:89,0
DA:93,0
DA:94,0
DA:95,0
DA:96,0
DA:97,0
DA:99,0
DA:104,0
DA:115,0
DA:119,0
DA:120,0
DA:121,0
DA:126,0
DA:132,0
DA:140,0
DA:144,0
DA:145,0
DA:146,0
DA:147,0
DA:148,0
DA:152,0
DA:153,0
DA:155,0
DA:156,0
DA:160,0
DA:162,0
DA:166,0
DA:169,0
DA:172,0
DA:176,0
LF:61
LH:0
BRDA:31,0,0,0
BRDA:31,0,1,0
BRDA:35,1,0,0
BRDA:35,1,1,0
BRDA:59,2,0,0
BRDA:59,2,1,0
BRDA:75,3,0,0
BRDA:75,3,1,0
BRDA:79,4,0,0
BRDA:79,4,1,0
BRDA:96,5,0,0
BRDA:96,5,1,0
BRDA:96,6,0,0
BRDA:96,6,1,0
BRDA:96,6,2,0
BRDA:96,6,3,0
BRDA:102,7,0,0
BRDA:102,7,1,0
BRDA:120,8,0,0
BRDA:120,8,1,0
BRDA:130,9,0,0
BRDA:130,9,1,0
BRDA:145,10,0,0
BRDA:145,10,1,0
BRDA:145,11,0,0
BRDA:145,11,1,0
BRDA:145,11,2,0
BRDA:146,12,0,0
BRDA:146,12,1,0
BRDA:146,13,0,0
BRDA:146,13,1,0
BRDA:152,14,0,0
BRDA:152,14,1,0
BRDA:152,15,0,0
BRDA:152,15,1,0
BRDA:160,16,0,0
BRDA:160,16,1,0
BRDA:174,17,0,0
BRDA:174,17,1,0
BRDA:194,18,0,0
BRDA:194,18,1,0
BRF:41
BRH:0
end_of_record
TN:
SF:src\components\Subsystems\Devices.js
FN:14,(anonymous_0)
FN:19,(anonymous_1)
FN:23,(anonymous_2)
FN:28,(anonymous_3)
FN:31,(anonymous_4)
FN:44,(anonymous_5)
FN:67,(anonymous_6)
FN:72,(anonymous_7)
FN:75,(anonymous_8)
FN:77,(anonymous_9)
FN:87,(anonymous_10)
FN:92,(anonymous_11)
FN:96,(anonymous_12)
FN:111,(anonymous_13)
FN:117,(anonymous_14)
FN:123,(anonymous_15)
FN:136,(anonymous_16)
FN:150,(anonymous_17)
FN:154,(anonymous_18)
FNF:19
FNH:0
FNDA:0,(anonymous_0)
FNDA:0,(anonymous_1)
FNDA:0,(anonymous_2)
FNDA:0,(anonymous_3)
FNDA:0,(anonymous_4)
FNDA:0,(anonymous_5)
FNDA:0,(anonymous_6)
FNDA:0,(anonymous_7)
FNDA:0,(anonymous_8)
FNDA:0,(anonymous_9)
FNDA:0,(anonymous_10)
FNDA:0,(anonymous_11)
FNDA:0,(anonymous_12)
FNDA:0,(anonymous_13)
FNDA:0,(anonymous_14)
FNDA:0,(anonymous_15)
FNDA:0,(anonymous_16)
FNDA:0,(anonymous_17)
FNDA:0,(anonymous_18)
DA:14,0
DA:15,0
DA:16,0
DA:17,0
DA:19,0
DA:20,0
DA:23,0
DA:24,0
DA:25,0
DA:26,0
DA:28,0
DA:31,0
DA:40,0
DA:44,0
DA:45,0
DA:46,0
DA:53,0
DA:54,0
DA:56,0
DA:57,0
DA:62,0
DA:63,0
DA:67,0
DA:68,0
DA:69,0
DA:70,0
DA:72,0
DA:75,0
DA:77,0
DA:83,0
DA:87,0
DA:88,0
DA:89,0
DA:90,0
DA:92,0
DA:96,0
DA:107,0
DA:111,0
DA:112,0
DA:113,0
DA:117,0
DA:123,0
DA:131,0
DA:135,0
DA:136,0
DA:137,0
DA:139,0
DA:141,0
DA:144,0
DA:147,0
DA:150,0
DA:154,0
LF:52
LH:0
BRDA:25,0,0,0
BRDA:25,0,1,0
BRDA:29,1,0,0
BRDA:29,1,1,0
BRDA:53,2,0,0
BRDA:53,2,1,0
BRDA:69,3,0,0
BRDA:69,3,1,0
BRDA:73,4,0,0
BRDA:73,4,1,0
BRDA:89,5,0,0
BRDA:89,5,1,0
BRDA:89,6,0,0
BRDA:89,6,1,0
BRDA:89,6,2,0
BRDA:94,7,0,0
BRDA:94,7,1,0
BRDA:112,8,0,0
BRDA:112,8,1,0
BRDA:121,9,0,0
BRDA:121,9,1,0
BRDA:139,10,0,0
BRDA:139,10,1,0
BRDA:152,11,0,0
BRDA:152,11,1,0
BRDA:172,12,0,0
BRDA:172,12,1,0
BRF:27
BRH:0
end_of_record
TN:
SF:src\components\Subsystems\Home.js
FN:5,(anonymous_0)
FNF:1
FNH:0
FNDA:0,(anonymous_0)
DA:5,0
DA:6,0
LF:2
LH:0
BRF:0
BRH:0
end_of_record
TN:
SF:src\components\Subsystems\Navbar.js
FN:20,(anonymous_0)
FN:71,(anonymous_1)
FN:78,(anonymous_2)
FN:89,(anonymous_3)
FN:96,(anonymous_4)
FN:101,(anonymous_5)
FN:113,(anonymous_6)
FN:120,(anonymous_7)
FN:121,(anonymous_8)
FN:125,(anonymous_9)
FN:139,(anonymous_10)
FN:160,(anonymous_11)
FN:183,(anonymous_12)
FN:185,(anonymous_13)
FN:191,(anonymous_14)
FN:207,(anonymous_15)
FN:210,(anonymous_16)
FN:214,(anonymous_17)
FNF:18
FNH:0
FNDA:0,(anonymous_0)
FNDA:0,(anonymous_1)
FNDA:0,(anonymous_2)
FNDA:0,(anonymous_3)
FNDA:0,(anonymous_4)
FNDA:0,(anonymous_5)
FNDA:0,(anonymous_6)
FNDA:0,(anonymous_7)
FNDA:0,(anonymous_8)
FNDA:0,(anonymous_9)
FNDA:0,(anonymous_10)
FNDA:0,(anonymous_11)
FNDA:0,(anonymous_12)
FNDA:0,(anonymous_13)
FNDA:0,(anonymous_14)
FNDA:0,(anonymous_15)
FNDA:0,(anonymous_16)
FNDA:0,(anonymous_17)
DA:20,0
DA:21,0
DA:22,0
DA:23,0
DA:24,0
DA:25,0
DA:26,0
DA:27,0
DA:28,0
DA:29,0
DA:30,0
DA:31,0
DA:32,0
DA:33,0
DA:36,0
DA:37,0
DA:38,0
DA:41,0
DA:42,0
DA:44,0
DA:45,0
DA:47,0
DA:48,0
DA:50,0
DA:51,0
DA:53,0
DA:54,0
DA:56,0
DA:57,0
DA:59,0
DA:60,0
DA:61,0
DA:63,0
DA:64,0
DA:66,0
DA:67,0
DA:69,0
DA:70,0
DA:71,0
DA:72,0
DA:73,0
DA:76,0
DA:78,0
DA:79,0
DA:81,0
DA:90,0
DA:91,0
DA:93,0
DA:97,0
DA:98,0
DA:102,0
DA:107,0
DA:108,0
DA:109,0
DA:110,0
DA:111,0
DA:113,0
DA:114,0
DA:120,0
DA:122,0
DA:125,0
DA:126,0
DA:127,0
DA:129,0
DA:130,0
DA:131,0
DA:132,0
DA:134,0
DA:135,0
DA:139,0
DA:140,0
DA:141,0
DA:143,0
DA:145,0
DA:146,0
DA:148,0
DA:149,0
DA:150,0
DA:152,0
DA:153,0
DA:154,0
DA:155,0
DA:160,0
DA:161,0
DA:183,0
DA:186,0
DA:187,0
DA:191,0
DA:207,0
DA:208,0
DA:211,0
DA:214,0
DA:224,0
LF:93
LH:0
BRDA:31,0,0,0
BRDA:31,0,1,0
BRDA:31,1,0,0
BRDA:31,1,1,0
BRDA:31,1,2,0
BRDA:32,2,0,0
BRDA:32,2,1,0
BRDA:36,3,0,0
BRDA:36,3,1,0
BRDA:36,4,0,0
BRDA:36,4,1,0
BRDA:36,4,2,0
BRDA:36,4,3,0
BRDA:37,5,0,0
BRDA:37,5,1,0
BRDA:41,6,0,0
BRDA:41,6,1,0
BRDA:44,7,0,0
BRDA:44,7,1,0
BRDA:44,8,0,0
BRDA:44,8,1,0
BRDA:44,8,2,0
BRDA:47,9,0,0
BRDA:47,9,1,0
BRDA:47,10,0,0
BRDA:47,10,1,0
BRDA:47,10,2,0
BRDA:47,10,3,0
BRDA:50,11,0,0
BRDA:50,11,1,0
BRDA:50,12,0,0
BRDA:50,12,1,0
BRDA:50,12,2,0
BRDA:50,12,3,0
BRDA:53,13,0,0
BRDA:53,13,1,0
BRDA:53,14,0,0
BRDA:53,14,1,0
BRDA:53,14,2,0
BRDA:53,14,3,0
BRDA:56,15,0,0
BRDA:56,15,1,0
BRDA:56,16,0,0
BRDA:56,16,1,0
BRDA:56,16,2,0
BRDA:60,17,0,0
BRDA:60,17,1,0
BRDA:60,18,0,0
BRDA:60,18,1,0
BRDA:63,19,0,0
BRDA:63,19,1,0
BRDA:66,20,0,0
BRDA:66,20,1,0
BRDA:66,21,0,0
BRDA:66,21,1,0
BRDA:66,21,2,0
BRDA:66,21,3,0
BRDA:90,22,0,0
BRDA:90,22,1,0
BRDA:97,23,0,0
BRDA:97,23,1,0
BRDA:126,24,0,0
BRDA:126,24,1,0
BRDA:130,25,0,0
BRDA:130,25,1,0
BRDA:140,26,0,0
BRDA:140,26,1,0
BRDA:145,27,0,0
BRDA:145,27,1,0
BRDA:181,28,0,0
BRDA:181,28,1,0
BRDA:189,29,0,0
BRDA:189,29,1,0
BRDA:213,30,0,0
BRDA:213,30,1,0
BRF:75
BRH:0
end_of_record
TN:
SF:src\components\Subsystems\Requests.js
FN:15,(anonymous_0)
FN:33,(anonymous_1)
FN:39,(anonymous_2)
FN:47,(anonymous_3)
FN:54,(anonymous_4)
FN:55,(anonymous_5)
FN:58,(anonymous_6)
FN:62,(anonymous_7)
FN:72,(anonymous_8)
FN:79,(anonymous_9)
FN:84,(anonymous_10)
FN:96,(anonymous_11)
FN:101,(anonymous_12)
FN:113,(anonymous_13)
FN:118,(anonymous_14)
FN:134,(anonymous_15)
FN:144,(anonymous_16)
FN:147,(anonymous_17)
FN:158,(anonymous_18)
FN:163,(anonymous_19)
FN:181,(anonymous_20)
FN:191,(anonymous_21)
FN:203,(anonymous_22)
FN:206,(anonymous_23)
FN:213,(anonymous_24)
FN:218,(anonymous_25)
FN:230,(anonymous_26)
FN:237,(anonymous_27)
FN:245,(anonymous_28)
FN:260,(anonymous_29)
FN:264,(anonymous_30)
FNF:31
FNH:0
FNDA:0,(anonymous_0)
FNDA:0,(anonymous_1)
FNDA:0,(anonymous_2)
FNDA:0,(anonymous_3)
FNDA:0,(anonymous_4)
FNDA:0,(anonymous_5)
FNDA:0,(anonymous_6)
FNDA:0,(anonymous_7)
FNDA:0,(anonymous_8)
FNDA:0,(anonymous_9)
FNDA:0,(anonymous_10)
FNDA:0,(anonymous_11)
FNDA:0,(anonymous_12)
FNDA:0,(anonymous_13)
FNDA:0,(anonymous_14)
FNDA:0,(anonymous_15)
FNDA:0,(anonymous_16)
FNDA:0,(anonymous_17)
FNDA:0,(anonymous_18)
FNDA:0,(anonymous_19)
FNDA:0,(anonymous_20)
FNDA:0,(anonymous_21)
FNDA:0,(anonymous_22)
FNDA:0,(anonymous_23)
FNDA:0,(anonymous_24)
FNDA:0,(anonymous_25)
FNDA:0,(anonymous_26)
FNDA:0,(anonymous_27)
FNDA:0,(anonymous_28)
FNDA:0,(anonymous_29)
FNDA:0,(anonymous_30)
DA:15,0
DA:16,0
DA:20,0
DA:21,0
DA:23,0
DA:24,0
DA:26,0
DA:27,0
DA:29,0
DA:30,0
DA:33,0
DA:34,0
DA:37,0
DA:39,0
DA:42,0
DA:43,0
DA:44,0
DA:45,0
DA:47,0
DA:48,0
DA:54,0
DA:56,0
DA:59,0
DA:62,0
DA:63,0
DA:65,0
DA:72,0
DA:79,0
DA:84,0
DA:96,0
DA:101,0
DA:113,0
DA:118,0
DA:134,0
DA:144,0
DA:145,0
DA:146,0
DA:147,0
DA:148,0
DA:151,0
DA:158,0
DA:163,0
DA:181,0
DA:191,0
DA:199,0
DA:201,0
DA:203,0
DA:204,0
DA:206,0
DA:207,0
DA:209,0
DA:213,0
DA:218,0
DA:230,0
DA:237,0
DA:245,0
DA:246,0
DA:247,0
DA:248,0
DA:249,0
DA:250,0
DA:251,0
DA:253,0
DA:256,0
DA:258,0
DA:260,0
DA:264,0
LF:67
LH:0
BRDA:23,0,0,0
BRDA:23,0,1,0
BRDA:26,1,0,0
BRDA:26,1,1,0
BRDA:29,2,0,0
BRDA:29,2,1,0
BRDA:74,3,0,0
BRDA:74,3,1,0
BRDA:77,4,0,0
BRDA:77,4,1,0
BRDA:77,5,0,0
BRDA:77,5,1,0
BRDA:91,6,0,0
BRDA:91,6,1,0
BRDA:94,7,0,0
BRDA:94,7,1,0
BRDA:94,8,0,0
BRDA:94,8,1,0
BRDA:108,9,0,0
BRDA:108,9,1,0
BRDA:111,10,0,0
BRDA:111,10,1,0
BRDA:111,11,0,0
BRDA:111,11,1,0
BRDA:155,12,0,0
BRDA:155,12,1,0
BRDA:156,13,0,0
BRDA:156,13,1,0
BRDA:212,14,0,0
BRDA:212,14,1,0
BRDA:212,15,0,0
BRDA:212,15,1,0
BRDA:246,16,0,0
BRDA:246,16,1,0
BRDA:248,17,0,0
BRDA:248,17,1,0
BRDA:250,18,0,0
BRDA:250,18,1,0
BRDA:262,19,0,0
BRDA:262,19,1,0
BRF:40
BRH:0
end_of_record
TN:
SF:src\components\Subsystems\Risks.js
FN:15,(anonymous_0)
FN:20,(anonymous_1)
FN:24,(anonymous_2)
FN:31,(anonymous_3)
FN:37,(anonymous_4)
FN:49,(anonymous_5)
FN:55,(anonymous_6)
FN:59,(anonymous_7)
FN:72,(anonymous_8)
FN:78,(anonymous_9)
FN:83,(anonymous_10)
FN:96,(anonymous_11)
FN:101,(anonymous_12)
FN:105,(anonymous_13)
FN:118,(anonymous_14)
FN:131,(anonymous_15)
FN:135,(anonymous_16)
FNF:17
FNH:0
FNDA:0,(anonymous_0)
FNDA:0,(anonymous_1)
FNDA:0,(anonymous_2)
FNDA:0,(anonymous_3)
FNDA:0,(anonymous_4)
FNDA:0,(anonymous_5)
FNDA:0,(anonymous_6)
FNDA:0,(anonymous_7)
FNDA:0,(anonymous_8)
FNDA:0,(anonymous_9)
FNDA:0,(anonymous_10)
FNDA:0,(anonymous_11)
FNDA:0,(anonymous_12)
FNDA:0,(anonymous_13)
FNDA:0,(anonymous_14)
FNDA:0,(anonymous_15)
FNDA:0,(anonymous_16)
DA:15,0
DA:16,0
DA:17,0
DA:18,0
DA:20,0
DA:21,0
DA:24,0
DA:25,0
DA:26,0
DA:31,0
DA:37,0
DA:45,0
DA:49,0
DA:50,0
DA:51,0
DA:52,0
DA:55,0
DA:59,0
DA:68,0
DA:72,0
DA:73,0
DA:74,0
DA:75,0
DA:78,0
DA:83,0
DA:92,0
DA:96,0
DA:97,0
DA:98,0
DA:99,0
DA:101,0
DA:105,0
DA:117,0
DA:118,0
DA:119,0
DA:121,0
DA:123,0
DA:126,0
DA:128,0
DA:131,0
DA:135,0
LF:41
LH:0
BRDA:25,0,0,0
BRDA:25,0,1,0
BRDA:35,1,0,0
BRDA:35,1,1,0
BRDA:51,2,0,0
BRDA:51,2,1,0
BRDA:57,3,0,0
BRDA:57,3,1,0
BRDA:74,4,0,0
BRDA:74,4,1,0
BRDA:81,5,0,0
BRDA:81,5,1,0
BRDA:98,6,0,0
BRDA:98,6,1,0
BRDA:98,7,0,0
BRDA:98,7,1,0
BRDA:98,7,2,0
BRDA:103,8,0,0
BRDA:103,8,1,0
BRDA:121,9,0,0
BRDA:121,9,1,0
BRDA:133,10,0,0
BRDA:133,10,1,0
BRDA:153,11,0,0
BRDA:153,11,1,0
BRF:25
BRH:0
end_of_record
TN:
SF:src\components\Subsystems\SupportRequests.js
FN:12,(anonymous_0)
FN:17,(anonymous_1)
FN:22,(anonymous_2)
FN:29,(anonymous_3)
FN:33,(anonymous_4)
FN:48,(anonymous_5)
FN:54,(anonymous_6)
FN:58,(anonymous_7)
FN:69,(anonymous_8)
FN:74,(anonymous_9)
FN:78,(anonymous_10)
FN:92,(anonymous_11)
FN:96,(anonymous_12)
FN:100,(anonymous_13)
FN:113,(anonymous_14)
FN:121,(anonymous_15)
FN:123,(anonymous_16)
FN:153,(anonymous_17)
FN:173,(anonymous_18)
FN:190,(anonymous_19)
FN:194,(anonymous_20)
FNF:21
FNH:0
FNDA:0,(anonymous_0)
FNDA:0,(anonymous_1)
FNDA:0,(anonymous_2)
FNDA:0,(anonymous_3)
FNDA:0,(anonymous_4)
FNDA:0,(anonymous_5)
FNDA:0,(anonymous_6)
FNDA:0,(anonymous_7)
FNDA:0,(anonymous_8)
FNDA:0,(anonymous_9)
FNDA:0,(anonymous_10)
FNDA:0,(anonymous_11)
FNDA:0,(anonymous_12)
FNDA:0,(anonymous_13)
FNDA:0,(anonymous_14)
FNDA:0,(anonymous_15)
FNDA:0,(anonymous_16)
FNDA:0,(anonymous_17)
FNDA:0,(anonymous_18)
FNDA:0,(anonymous_19)
FNDA:0,(anonymous_20)
DA:12,0
DA:13,0
DA:14,0
DA:15,0
DA:17,0
DA:18,0
DA:19,0
DA:22,0
DA:23,0
DA:24,0
DA:25,0
DA:29,0
DA:33,0
DA:44,0
DA:48,0
DA:49,0
DA:50,0
DA:54,0
DA:58,0
DA:69,0
DA:70,0
DA:71,0
DA:72,0
DA:74,0
DA:78,0
DA:88,0
DA:92,0
DA:93,0
DA:94,0
DA:96,0
DA:100,0
DA:112,0
DA:113,0
DA:114,0
DA:116,0
DA:118,0
DA:121,0
DA:122,0
DA:123,0
DA:124,0
DA:126,0
DA:128,0
DA:131,0
DA:132,0
DA:147,0
DA:150,0
DA:151,0
DA:153,0
DA:154,0
DA:173,0
DA:174,0
DA:175,0
DA:176,0
DA:177,0
DA:179,0
DA:180,0
DA:184,0
DA:187,0
DA:190,0
DA:194,0
LF:60
LH:0
BRDA:24,0,0,0
BRDA:24,0,1,0
BRDA:31,1,0,0
BRDA:31,1,1,0
BRDA:56,2,0,0
BRDA:56,2,1,0
BRDA:71,3,0,0
BRDA:71,3,1,0
BRDA:76,4,0,0
BRDA:76,4,1,0
BRDA:98,5,0,0
BRDA:98,5,1,0
BRDA:116,6,0,0
BRDA:116,6,1,0
BRDA:126,7,0,0
BRDA:126,7,1,0
BRDA:131,8,0,0
BRDA:131,8,1,0
BRDA:135,9,0,0
BRDA:135,9,1,0
BRDA:159,10,0,0
BRDA:159,10,1,0
BRDA:175,11,0,0
BRDA:175,11,1,0
BRDA:192,12,0,0
BRDA:192,12,1,0
BRDA:212,13,0,0
BRDA:212,13,1,0
BRF:28
BRH:0
end_of_record
TN:
SF:src\components\Subsystems\TabView.js
FN:16,(anonymous_0)
FNF:1
FNH:0
FNDA:0,(anonymous_0)
DA:16,0
DA:17,0
DA:20,0
DA:24,0
DA:28,0
DA:32,0
DA:36,0
DA:40,0
DA:44,0
DA:48,0
DA:52,0
DA:56,0
DA:60,0
DA:64,0
DA:68,0
DA:72,0
LF:16
LH:0
BRDA:17,0,0,0
BRDA:17,0,1,0
BRDA:17,0,2,0
BRDA:17,0,3,0
BRDA:17,0,4,0
BRDA:17,0,5,0
BRDA:17,0,6,0
BRDA:17,0,7,0
BRDA:17,0,8,0
BRDA:17,0,9,0
BRDA:17,0,10,0
BRDA:17,0,11,0
BRDA:17,0,12,0
BRDA:17,0,13,0
BRF:14
BRH:0
end_of_record
TN:
SF:src\components\Subsystems\Tasks.js
FN:17,(anonymous_0)
FN:24,(anonymous_1)
FN:28,(anonymous_2)
FN:33,(anonymous_3)
FN:36,(anonymous_4)
FN:49,(anonymous_5)
FN:54,(anonymous_6)
FN:58,(anonymous_7)
FN:72,(anonymous_8)
FN:78,(anonymous_9)
FN:84,(anonymous_10)
FN:96,(anonymous_11)
FN:102,(anonymous_12)
FN:107,(anonymous_13)
FN:122,(anonymous_14)
FN:131,(anonymous_15)
FN:143,(anonymous_16)
FN:147,(anonymous_17)
FNF:18
FNH:0
FNDA:0,(anonymous_0)
FNDA:0,(anonymous_1)
FNDA:0,(anonymous_2)
FNDA:0,(anonymous_3)
FNDA:0,(anonymous_4)
FNDA:0,(anonymous_5)
FNDA:0,(anonymous_6)
FNDA:0,(anonymous_7)
FNDA:0,(anonymous_8)
FNDA:0,(anonymous_9)
FNDA:0,(anonymous_10)
FNDA:0,(anonymous_11)
FNDA:0,(anonymous_12)
FNDA:0,(anonymous_13)
FNDA:0,(anonymous_14)
FNDA:0,(anonymous_15)
FNDA:0,(anonymous_16)
FNDA:0,(anonymous_17)
DA:17,0
DA:18,0
DA:19,0
DA:20,0
DA:21,0
DA:22,0
DA:24,0
DA:25,0
DA:28,0
DA:29,0
DA:30,0
DA:31,0
DA:33,0
DA:36,0
DA:45,0
DA:49,0
DA:50,0
DA:51,0
DA:52,0
DA:54,0
DA:58,0
DA:68,0
DA:72,0
DA:73,0
DA:74,0
DA:78,0
DA:84,0
DA:92,0
DA:96,0
DA:97,0
DA:98,0
DA:99,0
DA:102,0
DA:107,0
DA:115,0
DA:119,0
DA:120,0
DA:121,0
DA:122,0
DA:123,0
DA:126,0
DA:129,0
DA:130,0
DA:131,0
DA:132,0
DA:138,0
DA:140,0
DA:143,0
DA:147,0
LF:49
LH:0
BRDA:30,0,0,0
BRDA:30,0,1,0
BRDA:34,1,0,0
BRDA:34,1,1,0
BRDA:51,2,0,0
BRDA:51,2,1,0
BRDA:51,3,0,0
BRDA:51,3,1,0
BRDA:51,3,2,0
BRDA:51,3,3,0
BRDA:51,3,4,0
BRDA:56,4,0,0
BRDA:56,4,1,0
BRDA:73,5,0,0
BRDA:73,5,1,0
BRDA:82,6,0,0
BRDA:82,6,1,0
BRDA:98,7,0,0
BRDA:98,7,1,0
BRDA:105,8,0,0
BRDA:105,8,1,0
BRDA:120,9,0,0
BRDA:120,9,1,0
BRDA:120,10,0,0
BRDA:120,10,1,0
BRDA:120,10,2,0
BRDA:120,10,3,0
BRDA:121,11,0,0
BRDA:121,11,1,0
BRDA:121,12,0,0
BRDA:121,12,1,0
BRDA:129,13,0,0
BRDA:129,13,1,0
BRDA:129,14,0,0
BRDA:129,14,1,0
BRDA:145,15,0,0
BRDA:145,15,1,0
BRDA:165,16,0,0
BRDA:165,16,1,0
BRF:39
BRH:0
end_of_record
TN:
SF:src\components\Subsystems\Users.js
FN:16,(anonymous_0)
FN:21,(anonymous_1)
FN:25,(anonymous_2)
FN:31,(anonymous_3)
FN:35,(anonymous_4)
FN:50,(anonymous_5)
FN:76,(anonymous_6)
FN:81,(anonymous_7)
FN:84,(anonymous_8)
FN:86,(anonymous_9)
FN:96,(anonymous_10)
FN:101,(anonymous_11)
FN:105,(anonymous_12)
FN:120,(anonymous_13)
FN:127,(anonymous_14)
FN:134,(anonymous_15)
FN:146,(anonymous_16)
FN:158,(anonymous_17)
FN:162,(anonymous_18)
FNF:19
FNH:0
FNDA:0,(anonymous_0)
FNDA:0,(anonymous_1)
FNDA:0,(anonymous_2)
FNDA:0,(anonymous_3)
FNDA:0,(anonymous_4)
FNDA:0,(anonymous_5)
FNDA:0,(anonymous_6)
FNDA:0,(anonymous_7)
FNDA:0,(anonymous_8)
FNDA:0,(anonymous_9)
FNDA:0,(anonymous_10)
FNDA:0,(anonymous_11)
FNDA:0,(anonymous_12)
FNDA:0,(anonymous_13)
FNDA:0,(anonymous_14)
FNDA:0,(anonymous_15)
FNDA:0,(anonymous_16)
FNDA:0,(anonymous_17)
FNDA:0,(anonymous_18)
DA:16,0
DA:17,0
DA:18,0
DA:19,0
DA:21,0
DA:22,0
DA:25,0
DA:26,0
DA:27,0
DA:28,0
DA:31,0
DA:35,0
DA:46,0
DA:50,0
DA:51,0
DA:52,0
DA:53,0
DA:62,0
DA:63,0
DA:65,0
DA:67,0
DA:70,0
DA:71,0
DA:76,0
DA:77,0
DA:78,0
DA:79,0
DA:81,0
DA:84,0
DA:86,0
DA:92,0
DA:96,0
DA:97,0
DA:98,0
DA:99,0
DA:101,0
DA:105,0
DA:116,0
DA:120,0
DA:121,0
DA:122,0
DA:127,0
DA:134,0
DA:141,0
DA:145,0
DA:146,0
DA:147,0
DA:148,0
DA:151,0
DA:155,0
DA:158,0
DA:162,0
LF:52
LH:0
BRDA:27,0,0,0
BRDA:27,0,1,0
BRDA:33,1,0,0
BRDA:33,1,1,0
BRDA:62,2,0,0
BRDA:62,2,1,0
BRDA:78,3,0,0
BRDA:78,3,1,0
BRDA:82,4,0,0
BRDA:82,4,1,0
BRDA:98,5,0,0
BRDA:98,5,1,0
BRDA:98,6,0,0
BRDA:98,6,1,0
BRDA:98,6,2,0
BRDA:103,7,0,0
BRDA:103,7,1,0
BRDA:121,8,0,0
BRDA:121,8,1,0
BRDA:131,9,0,0
BRDA:131,9,1,0
BRDA:147,10,0,0
BRDA:147,10,1,0
BRDA:160,11,0,0
BRDA:160,11,1,0
BRDA:181,12,0,0
BRDA:181,12,1,0
BRF:27
BRH:0
end_of_record
TN:
SF:src\components\Subsystems\useRequestMaker.js
FN:5,(anonymous_0)
FN:27,(anonymous_1)
FN:76,(anonymous_2)
FN:81,(anonymous_3)
FN:88,(anonymous_4)
FN:89,(anonymous_5)
FNF:6
FNH:0
FNDA:0,(anonymous_0)
FNDA:0,(anonymous_1)
FNDA:0,(anonymous_2)
FNDA:0,(anonymous_3)
FNDA:0,(anonymous_4)
FNDA:0,(anonymous_5)
DA:5,2
DA:6,0
DA:8,0
DA:9,0
DA:10,0
DA:12,0
DA:14,0
DA:15,0
DA:17,0
DA:18,0
DA:19,0
DA:20,0
DA:21,0
DA:24,0
DA:25,0
DA:27,0
DA:28,0
DA:30,0
DA:31,0
DA:33,0
DA:34,0
DA:37,0
DA:38,0
DA:40,0
DA:41,0
DA:43,0
DA:44,0
DA:46,0
DA:47,0
DA:48,0
DA:49,0
DA:51,0
DA:53,0
DA:54,0
DA:55,0
DA:57,0
DA:58,0
DA:59,0
DA:61,0
DA:62,0
DA:63,0
DA:65,0
DA:66,0
DA:69,0
DA:77,0
DA:81,0
DA:82,0
DA:88,0
DA:90,0
DA:96,0
LF:50
LH:1
BRDA:31,0,0,0
BRDA:31,0,1,0
BRDA:31,0,2,0
BRDA:31,0,3,0
BRDA:51,1,0,0
BRDA:51,1,1,0
BRDA:51,1,2,0
BRDA:51,1,3,0
BRF:8
BRH:0
end_of_record
TN:
SF:src\components\View\ViewAccessRequest.js
FN:8,(anonymous_0)
FNF:1
FNH:1
FNDA:2,(anonymous_0)
DA:8,2
DA:9,2
LF:2
LH:2
BRF:0
BRH:0
end_of_record
TN:
SF:src\components\View\ViewAssetRequest.js
FN:8,(anonymous_0)
FNF:1
FNH:1
FNDA:2,(anonymous_0)
DA:8,1
DA:9,2
LF:2
LH:2
BRF:0
BRH:0
end_of_record
TN:
SF:src\components\View\ViewDataScope.js
FN:9,(anonymous_0)
FN:14,(anonymous_1)
FN:23,(anonymous_2)
FN:30,(anonymous_3)
FN:31,(anonymous_4)
FN:65,(anonymous_5)
FN:81,(anonymous_6)
FN:95,(anonymous_7)
FNF:8
FNH:2
FNDA:2,(anonymous_0)
FNDA:0,(anonymous_1)
FNDA:2,(anonymous_2)
FNDA:0,(anonymous_3)
FNDA:0,(anonymous_4)
FNDA:0,(anonymous_5)
FNDA:0,(anonymous_6)
FNDA:0,(anonymous_7)
DA:9,4
DA:10,2
DA:11,2
DA:12,2
DA:14,2
DA:15,0
DA:16,0
DA:17,0
DA:19,0
DA:23,2
DA:24,2
DA:30,0
DA:32,0
DA:36,2
DA:65,0
DA:81,0
DA:95,0
LF:17
LH:8
BRDA:16,0,0,0
BRDA:16,0,1,0
BRDA:63,1,0,0
BRDA:63,1,1,2
BRDA:63,2,0,2
BRDA:63,2,1,2
BRDA:79,3,0,0
BRDA:79,3,1,2
BRDA:79,4,0,2
BRDA:79,4,1,2
BRF:10
BRH:6
end_of_record
TN:
SF:src\components\View\ViewDevice.js
FN:8,(anonymous_0)
FNF:1
FNH:1
FNDA:2,(anonymous_0)
DA:8,2
DA:10,2
DA:11,2
DA:12,2
DA:14,0
DA:18,2
DA:20,2
DA:22,0
DA:26,2
DA:29,2
LF:10
LH:8
BRDA:12,0,0,0
BRDA:12,0,1,2
BRDA:20,1,0,0
BRDA:20,1,1,2
BRF:4
BRH:2
end_of_record
TN:
SF:src\components\View\ViewRisk.js
FN:8,(anonymous_0)
FNF:1
FNH:1
FNDA:2,(anonymous_0)
DA:8,1
DA:9,2
LF:2
LH:2
BRF:0
BRH:0
end_of_record
TN:
SF:src\components\View\ViewSupportRequest.js
FN:6,(anonymous_0)
FNF:1
FNH:1
FNDA:2,(anonymous_0)
DA:6,1
DA:7,2
LF:2
LH:2
BRDA:27,0,0,0
BRDA:27,0,1,2
BRDA:32,1,0,0
BRDA:32,1,1,2
BRDA:37,2,0,0
BRDA:37,2,1,2
BRF:6
BRH:3
end_of_record
TN:
SF:src\components\View\ViewTaskPopup.js
FN:9,(anonymous_0)
FN:21,(anonymous_1)
FN:28,(anonymous_2)
FN:29,(anonymous_3)
FN:36,(anonymous_4)
FN:52,(anonymous_5)
FN:62,(anonymous_6)
FN:63,(anonymous_7)
FN:67,(anonymous_8)
FN:73,(anonymous_9)
FN:83,(anonymous_10)
FN:84,(anonymous_11)
FN:88,(anonymous_12)
FN:112,(anonymous_13)
FN:113,(anonymous_14)
FNF:15
FNH:3
FNDA:4,(anonymous_0)
FNDA:2,(anonymous_1)
FNDA:0,(anonymous_2)
FNDA:0,(anonymous_3)
FNDA:2,(anonymous_4)
FNDA:0,(anonymous_5)
FNDA:0,(anonymous_6)
FNDA:0,(anonymous_7)
FNDA:0,(anonymous_8)
FNDA:0,(anonymous_9)
FNDA:0,(anonymous_10)
FNDA:0,(anonymous_11)
FNDA:0,(anonymous_12)
FNDA:0,(anonymous_13)
FNDA:0,(anonymous_14)
DA:9,1
DA:10,4
DA:11,4
DA:12,4
DA:21,4
DA:22,2
DA:28,0
DA:30,0
DA:31,0
DA:36,4
DA:38,2
DA:39,2
DA:52,4
DA:53,0
DA:54,0
DA:55,0
DA:62,0
DA:64,0
DA:65,0
DA:68,0
DA:70,0
DA:73,4
DA:74,0
DA:75,0
DA:76,0
DA:83,0
DA:85,0
DA:86,0
DA:89,0
DA:91,0
DA:94,4
DA:112,0
DA:113,0
LF:33
LH:12
BRDA:38,0,0,2
BRDA:38,0,1,0
BRDA:110,1,0,0
BRDA:110,1,1,4
BRDA:110,2,0,4
BRDA:110,2,1,4
BRF:6
BRH:4
end_of_record
TN:
SF:src\components\View\ViewUser.js
FN:6,(anonymous_0)
FNF:1
FNH:1
FNDA:2,(anonymous_0)
DA:6,1
DA:7,2
LF:2
LH:2
BRF:0
BRH:0
end_of_record
TN:
SF:src\components\getData\getAR.js
FN:3,(anonymous_0)
FN:7,(anonymous_1)
FN:26,(anonymous_2)
FNF:3
FNH:0
FNDA:0,(anonymous_0)
FNDA:0,(anonymous_1)
FNDA:0,(anonymous_2)
DA:3,0
DA:4,0
DA:5,0
DA:7,0
DA:8,0
DA:9,0
DA:15,0
DA:16,0
DA:18,0
DA:19,0
DA:20,0
DA:22,0
DA:26,0
DA:27,0
DA:30,0
LF:15
LH:0
BRDA:15,0,0,0
BRDA:15,0,1,0
BRF:2
BRH:0
end_of_record
TN:
SF:src\components\getData\getAllUser.js
FN:3,(anonymous_0)
FN:6,(anonymous_1)
FN:24,(anonymous_2)
FNF:3
FNH:0
FNDA:0,(anonymous_0)
FNDA:0,(anonymous_1)
FNDA:0,(anonymous_2)
DA:3,1
DA:4,0
DA:5,0
DA:6,0
DA:7,0
DA:8,0
DA:14,0
DA:15,0
DA:17,0
DA:18,0
DA:19,0
DA:21,0
DA:24,0
DA:25,0
DA:27,0
LF:15
LH:1
BRDA:14,0,0,0
BRDA:14,0,1,0
BRF:2
BRH:0
end_of_record
TN:
SF:src\components\getData\getAssAR.js
FN:3,(anonymous_0)
FN:7,(anonymous_1)
FN:26,(anonymous_2)
FNF:3
FNH:0
FNDA:0,(anonymous_0)
FNDA:0,(anonymous_1)
FNDA:0,(anonymous_2)
DA:3,0
DA:4,0
DA:5,0
DA:7,0
DA:8,0
DA:9,0
DA:15,0
DA:16,0
DA:18,0
DA:19,0
DA:20,0
DA:22,0
DA:26,0
DA:27,0
DA:30,0
LF:15
LH:0
BRDA:15,0,0,0
BRDA:15,0,1,0
BRF:2
BRH:0
end_of_record
TN:
SF:src\components\getData\getAsset.js
FN:3,(anonymous_0)
FN:7,(anonymous_1)
FN:26,(anonymous_2)
FNF:3
FNH:0
FNDA:0,(anonymous_0)
FNDA:0,(anonymous_1)
FNDA:0,(anonymous_2)
DA:3,0
DA:4,0
DA:5,0
DA:7,0
DA:8,0
DA:9,0
DA:15,0
DA:16,0
DA:18,0
DA:19,0
DA:20,0
DA:22,0
DA:26,0
DA:27,0
DA:30,0
LF:15
LH:0
BRDA:15,0,0,0
BRDA:15,0,1,0
BRF:2
BRH:0
end_of_record
TN:
SF:src\components\getData\getDs.js
FN:3,(anonymous_0)
FN:8,(anonymous_1)
FN:27,(anonymous_2)
FN:46,(anonymous_3)
FN:50,(anonymous_4)
FNF:5
FNH:0
FNDA:0,(anonymous_0)
FNDA:0,(anonymous_1)
FNDA:0,(anonymous_2)
FNDA:0,(anonymous_3)
FNDA:0,(anonymous_4)
DA:3,0
DA:4,0
DA:5,0
DA:6,0
DA:8,0
DA:9,0
DA:10,0
DA:16,0
DA:17,0
DA:19,0
DA:20,0
DA:21,0
DA:23,0
DA:27,0
DA:28,0
DA:29,0
DA:35,0
DA:36,0
DA:38,0
DA:39,0
DA:40,0
DA:42,0
DA:46,0
DA:47,0
DA:50,0
DA:51,0
DA:54,0
LF:27
LH:0
BRDA:16,0,0,0
BRDA:16,0,1,0
BRDA:35,1,0,0
BRDA:35,1,1,0
BRF:4
BRH:0
end_of_record
TN:
SF:src\components\getData\getPerms.js
FN:3,(anonymous_0)
FN:6,(anonymous_1)
FN:13,(anonymous_2)
FN:14,(anonymous_3)
FNF:4
FNH:2
FNDA:1,(anonymous_0)
FNDA:1,(anonymous_1)
FNDA:0,(anonymous_2)
FNDA:0,(anonymous_3)
DA:3,3
DA:4,1
DA:6,1
DA:7,1
DA:13,0
DA:15,0
DA:19,1
LF:7
LH:5
BRF:0
BRH:0
end_of_record
TN:
SF:src\components\getData\getRisk.js
FN:3,(anonymous_0)
FN:7,(anonymous_1)
FN:26,(anonymous_2)
FNF:3
FNH:0
FNDA:0,(anonymous_0)
FNDA:0,(anonymous_1)
FNDA:0,(anonymous_2)
DA:3,0
DA:4,0
DA:5,0
DA:7,0
DA:8,0
DA:9,0
DA:15,0
DA:16,0
DA:18,0
DA:19,0
DA:20,0
DA:22,0
DA:26,0
DA:27,0
DA:30,0
LF:15
LH:0
BRDA:15,0,0,0
BRDA:15,0,1,0
BRF:2
BRH:0
end_of_record
TN:
SF:src\components\getData\getSR.js
FN:3,(anonymous_0)
FN:8,(anonymous_1)
FN:27,(anonymous_2)
FN:31,(anonymous_3)
FN:50,(anonymous_4)
FNF:5
FNH:0
FNDA:0,(anonymous_0)
FNDA:0,(anonymous_1)
FNDA:0,(anonymous_2)
FNDA:0,(anonymous_3)
FNDA:0,(anonymous_4)
DA:3,0
DA:4,0
DA:5,0
DA:6,0
DA:8,0
DA:9,0
DA:10,0
DA:16,0
DA:17,0
DA:19,0
DA:20,0
DA:21,0
DA:23,0
DA:27,0
DA:28,0
DA:31,0
DA:32,0
DA:33,0
DA:39,0
DA:40,0
DA:42,0
DA:43,0
DA:44,0
DA:46,0
DA:50,0
DA:51,0
DA:54,0
LF:27
LH:0
BRDA:16,0,0,0
BRDA:16,0,1,0
BRDA:39,1,0,0
BRDA:39,1,1,0
BRF:4
BRH:0
end_of_record
TN:
SF:src\components\getData\getTask.js
FN:3,(anonymous_0)
FN:9,(anonymous_1)
FN:59,(anonymous_2)
FNF:3
FNH:1
FNDA:2,(anonymous_0)
FNDA:0,(anonymous_1)
FNDA:0,(anonymous_2)
DA:3,1
DA:4,2
DA:5,2
DA:9,2
DA:10,0
DA:11,0
DA:17,0
DA:18,0
DA:20,0
DA:21,0
DA:22,0
DA:24,0
DA:59,2
DA:60,0
DA:63,2
LF:15
LH:6
BRDA:17,0,0,0
BRDA:17,0,1,0
BRF:2
BRH:0
end_of_record
