TN:
SF:src\index.js
FNF:0
FNH:0
DA:11,0
DA:12,0
DA:25,0
LF:3
LH:0
BRF:0
BRH:0
end_of_record
TN:
SF:src\reportWebVitals.js
FN:1,(anonymous_0)
FN:3,(anonymous_1)
FNF:2
FNH:0
FNDA:0,(anonymous_0)
FNDA:0,(anonymous_1)
DA:1,0
DA:2,0
DA:3,0
DA:4,0
DA:5,0
DA:6,0
DA:7,0
DA:8,0
LF:8
LH:0
BRDA:2,0,0,0
BRDA:2,0,1,0
BRDA:2,1,0,0
BRDA:2,1,1,0
BRF:4
BRH:0
end_of_record
TN:
SF:src\components\Dashboard.js
FN:7,(anonymous_0)
FN:69,(anonymous_1)
FN:93,(anonymous_2)
FN:105,(anonymous_3)
FNF:4
FNH:0
FNDA:0,(anonymous_0)
FNDA:0,(anonymous_1)
FNDA:0,(anonymous_2)
FNDA:0,(anonymous_3)
DA:7,0
DA:8,0
DA:9,0
DA:10,0
DA:11,0
DA:13,0
DA:70,0
DA:94,0
DA:106,0
LF:9
LH:0
BRDA:72,0,0,0
BRDA:72,0,1,0
BRDA:75,1,0,0
BRDA:75,1,1,0
BRDA:78,2,0,0
BRDA:78,2,1,0
BRF:6
BRH:0
end_of_record
TN:
SF:src\components\ForgotPassword.js
FN:4,(anonymous_0)
FN:8,(anonymous_1)
FN:20,(anonymous_2)
FN:25,(anonymous_3)
FN:31,(anonymous_4)
FN:35,(anonymous_5)
FN:44,(anonymous_6)
FN:49,(anonymous_7)
FN:55,(anonymous_8)
FN:59,(anonymous_9)
FN:63,(anonymous_10)
FN:68,(anonymous_11)
FN:72,(anonymous_12)
FN:76,(anonymous_13)
FNF:14
FNH:0
FNDA:0,(anonymous_0)
FNDA:0,(anonymous_1)
FNDA:0,(anonymous_2)
FNDA:0,(anonymous_3)
FNDA:0,(anonymous_4)
FNDA:0,(anonymous_5)
FNDA:0,(anonymous_6)
FNDA:0,(anonymous_7)
FNDA:0,(anonymous_8)
FNDA:0,(anonymous_9)
FNDA:0,(anonymous_10)
FNDA:0,(anonymous_11)
FNDA:0,(anonymous_12)
FNDA:0,(anonymous_13)
DA:4,0
DA:5,0
DA:6,0
DA:7,0
DA:8,0
DA:9,0
DA:10,0
DA:11,0
DA:13,0
DA:21,0
DA:22,0
DA:25,0
DA:27,0
DA:32,0
DA:35,0
DA:36,0
DA:37,0
DA:45,0
DA:46,0
DA:49,0
DA:51,0
DA:56,0
DA:59,0
DA:60,0
DA:61,0
DA:63,0
DA:64,0
DA:65,0
DA:68,0
DA:69,0
DA:72,0
DA:73,0
DA:76,0
DA:77,0
DA:80,0
LF:35
LH:0
BRDA:21,0,0,0
BRDA:21,0,1,0
BRDA:45,1,0,0
BRDA:45,1,1,0
BRF:4
BRH:0
end_of_record
TN:
SF:src\components\Login.js
FN:4,Login
FN:7,(anonymous_1)
FN:14,(anonymous_2)
FN:17,(anonymous_3)
FN:29,(anonymous_4)
FN:37,(anonymous_5)
FN:61,(anonymous_6)
FN:73,(anonymous_7)
FNF:8
FNH:0
FNDA:0,Login
FNDA:0,(anonymous_1)
FNDA:0,(anonymous_2)
FNDA:0,(anonymous_3)
FNDA:0,(anonymous_4)
FNDA:0,(anonymous_5)
FNDA:0,(anonymous_6)
FNDA:0,(anonymous_7)
DA:5,0
DA:6,0
DA:7,0
DA:8,0
DA:9,0
DA:10,0
DA:16,0
DA:17,0
DA:18,0
DA:19,0
DA:20,0
DA:21,0
DA:24,0
DA:29,0
DA:30,0
DA:32,0
DA:37,0
DA:38,0
DA:42,0
DA:61,0
DA:73,0
LF:21
LH:0
BRDA:16,0,0,0
BRDA:16,0,1,0
BRDA:30,1,0,0
BRDA:30,1,1,0
BRF:4
BRH:0
end_of_record
TN:
SF:src\components\ReviewAssetRequest.js
FN:8,(anonymous_0)
FN:28,(anonymous_1)
FN:29,(anonymous_2)
FNF:3
FNH:0
FNDA:0,(anonymous_0)
FNDA:0,(anonymous_1)
FNDA:0,(anonymous_2)
DA:8,0
DA:9,0
DA:28,0
DA:29,0
LF:4
LH:0
BRF:0
BRH:0
end_of_record
TN:
SF:src\components\ReviewRiskPopup.js
FN:11,(anonymous_0)
FNF:1
FNH:0
FNDA:0,(anonymous_0)
DA:8,0
DA:9,0
DA:10,0
DA:11,0
DA:12,0
LF:5
LH:0
BRF:0
BRH:0
end_of_record
TN:
SF:src\components\TaskApprovalPopup.js
FN:9,(anonymous_0)
FNF:1
FNH:0
FNDA:0,(anonymous_0)
DA:8,0
DA:9,0
DA:10,0
LF:3
LH:0
BRF:0
BRH:0
end_of_record
TN:
SF:src\components\Charts\ChartData.js
FNF:0
FNH:0
LF:0
LH:0
BRF:0
BRH:0
end_of_record
TN:
SF:src\components\Charts\SystemAnalyticsChart.js
FN:4,(anonymous_0)
FN:7,(anonymous_1)
FNF:2
FNH:0
FNDA:0,(anonymous_0)
FNDA:0,(anonymous_1)
DA:4,0
DA:5,0
DA:7,0
DA:8,0
DA:9,0
DA:57,0
LF:6
LH:0
BRF:0
BRH:0
end_of_record
TN:
SF:src\components\Charts\TasksChart.js
FN:4,(anonymous_0)
FN:7,(anonymous_1)
FNF:2
FNH:0
FNDA:0,(anonymous_0)
FNDA:0,(anonymous_1)
DA:4,0
DA:5,0
DA:7,0
DA:8,0
DA:10,0
DA:34,0
LF:6
LH:0
BRF:0
BRH:0
end_of_record
TN:
SF:src\components\Create\CreateDataScopePopup.js
FN:6,(anonymous_0)
FN:19,(anonymous_1)
FN:21,(anonymous_2)
FN:24,(anonymous_3)
FN:27,(anonymous_4)
FN:45,(anonymous_5)
FN:57,(anonymous_6)
FN:58,(anonymous_7)
FN:71,(anonymous_8)
FN:74,(anonymous_9)
FN:86,(anonymous_10)
FN:89,(anonymous_11)
FN:96,(anonymous_12)
FN:101,(anonymous_13)
FN:108,(anonymous_14)
FN:109,(anonymous_15)
FN:114,(anonymous_16)
FN:121,(anonymous_17)
FN:122,(anonymous_18)
FN:141,(anonymous_19)
FN:146,(anonymous_20)
FN:161,(anonymous_21)
FNF:22
FNH:0
FNDA:0,(anonymous_0)
FNDA:0,(anonymous_1)
FNDA:0,(anonymous_2)
FNDA:0,(anonymous_3)
FNDA:0,(anonymous_4)
FNDA:0,(anonymous_5)
FNDA:0,(anonymous_6)
FNDA:0,(anonymous_7)
FNDA:0,(anonymous_8)
FNDA:0,(anonymous_9)
FNDA:0,(anonymous_10)
FNDA:0,(anonymous_11)
FNDA:0,(anonymous_12)
FNDA:0,(anonymous_13)
FNDA:0,(anonymous_14)
FNDA:0,(anonymous_15)
FNDA:0,(anonymous_16)
FNDA:0,(anonymous_17)
FNDA:0,(anonymous_18)
FNDA:0,(anonymous_19)
FNDA:0,(anonymous_20)
FNDA:0,(anonymous_21)
DA:6,0
DA:7,0
DA:8,0
DA:9,0
DA:10,0
DA:11,0
DA:12,0
DA:13,0
DA:14,0
DA:15,0
DA:17,0
DA:18,0
DA:19,0
DA:20,0
DA:21,0
DA:24,0
DA:25,0
DA:26,0
DA:27,0
DA:28,0
DA:45,0
DA:46,0
DA:47,0
DA:48,0
DA:50,0
DA:57,0
DA:59,0
DA:60,0
DA:62,0
DA:63,0
DA:72,0
DA:75,0
DA:78,0
DA:87,0
DA:90,0
DA:93,0
DA:97,0
DA:101,0
DA:102,0
DA:108,0
DA:110,0
DA:114,0
DA:115,0
DA:121,0
DA:123,0
DA:127,0
DA:141,0
DA:146,0
DA:162,0
LF:49
LH:0
BRDA:26,0,0,0
BRDA:26,0,1,0
BRDA:26,1,0,0
BRDA:26,1,1,0
BRDA:59,2,0,0
BRDA:59,2,1,0
BRF:6
BRH:0
end_of_record
TN:
SF:src\components\Create\CreateDevicePopup.js
FN:12,(anonymous_0)
FN:28,(anonymous_1)
FN:48,(anonymous_2)
FN:53,(anonymous_3)
FN:60,(anonymous_4)
FN:61,(anonymous_5)
FN:65,(anonymous_6)
FN:68,(anonymous_7)
FN:75,(anonymous_8)
FN:86,(anonymous_9)
FN:87,(anonymous_10)
FN:107,(anonymous_11)
FN:112,(anonymous_12)
FN:116,(anonymous_13)
FN:123,(anonymous_14)
FN:131,(anonymous_15)
FN:139,(anonymous_16)
FN:145,(anonymous_17)
FN:153,(anonymous_18)
FNF:19
FNH:0
FNDA:0,(anonymous_0)
FNDA:0,(anonymous_1)
FNDA:0,(anonymous_2)
FNDA:0,(anonymous_3)
FNDA:0,(anonymous_4)
FNDA:0,(anonymous_5)
FNDA:0,(anonymous_6)
FNDA:0,(anonymous_7)
FNDA:0,(anonymous_8)
FNDA:0,(anonymous_9)
FNDA:0,(anonymous_10)
FNDA:0,(anonymous_11)
FNDA:0,(anonymous_12)
FNDA:0,(anonymous_13)
FNDA:0,(anonymous_14)
FNDA:0,(anonymous_15)
FNDA:0,(anonymous_16)
FNDA:0,(anonymous_17)
FNDA:0,(anonymous_18)
DA:9,0
DA:10,0
DA:11,0
DA:12,0
DA:15,0
DA:16,0
DA:17,0
DA:18,0
DA:19,0
DA:21,0
DA:22,0
DA:24,0
DA:25,0
DA:26,0
DA:28,0
DA:29,0
DA:30,0
DA:40,0
DA:41,0
DA:49,0
DA:51,0
DA:53,0
DA:54,0
DA:60,0
DA:62,0
DA:65,0
DA:66,0
DA:67,0
DA:68,0
DA:73,0
DA:74,0
DA:75,0
DA:83,0
DA:84,0
DA:86,0
DA:87,0
DA:88,0
DA:96,0
DA:107,0
DA:112,0
DA:116,0
DA:123,0
DA:131,0
DA:139,0
DA:145,0
DA:153,0
LF:46
LH:0
BRDA:66,0,0,0
BRDA:66,0,1,0
BRDA:67,1,0,0
BRDA:67,1,1,0
BRDA:73,2,0,0
BRDA:73,2,1,0
BRDA:74,3,0,0
BRDA:74,3,1,0
BRDA:143,4,0,0
BRDA:143,4,1,0
BRF:10
BRH:0
end_of_record
TN:
SF:src\components\Create\CreateRiskPopup.js
FN:13,(anonymous_0)
FN:22,(anonymous_1)
FN:26,(anonymous_2)
FN:29,(anonymous_3)
FN:39,(anonymous_4)
FN:60,(anonymous_5)
FN:68,(anonymous_6)
FN:82,(anonymous_7)
FN:93,(anonymous_8)
FN:98,(anonymous_9)
FNF:10
FNH:0
FNDA:0,(anonymous_0)
FNDA:0,(anonymous_1)
FNDA:0,(anonymous_2)
FNDA:0,(anonymous_3)
FNDA:0,(anonymous_4)
FNDA:0,(anonymous_5)
FNDA:0,(anonymous_6)
FNDA:0,(anonymous_7)
FNDA:0,(anonymous_8)
FNDA:0,(anonymous_9)
DA:8,0
DA:10,0
DA:11,0
DA:13,0
DA:14,0
DA:15,0
DA:16,0
DA:17,0
DA:18,0
DA:19,0
DA:20,0
DA:22,0
DA:23,0
DA:26,0
DA:27,0
DA:29,0
DA:30,0
DA:31,0
DA:32,0
DA:33,0
DA:40,0
DA:42,0
DA:45,0
DA:60,0
DA:68,0
DA:82,0
DA:93,0
DA:98,0
LF:28
LH:0
BRDA:91,0,0,0
BRDA:91,0,1,0
BRDA:91,1,0,0
BRDA:91,1,1,0
BRF:4
BRH:0
end_of_record
TN:
SF:src\components\Create\CreateTaskPopup.js
FN:8,(anonymous_0)
FN:23,(anonymous_1)
FN:33,(anonymous_2)
FN:44,(anonymous_3)
FN:45,(anonymous_4)
FN:49,(anonymous_5)
FN:54,(anonymous_6)
FN:61,(anonymous_7)
FN:62,(anonymous_8)
FN:67,(anonymous_9)
FN:71,(anonymous_10)
FN:75,(anonymous_11)
FN:79,(anonymous_12)
FN:107,(anonymous_13)
FN:111,(anonymous_14)
FN:116,(anonymous_15)
FN:131,(anonymous_16)
FN:136,(anonymous_17)
FN:145,(anonymous_18)
FNF:19
FNH:0
FNDA:0,(anonymous_0)
FNDA:0,(anonymous_1)
FNDA:0,(anonymous_2)
FNDA:0,(anonymous_3)
FNDA:0,(anonymous_4)
FNDA:0,(anonymous_5)
FNDA:0,(anonymous_6)
FNDA:0,(anonymous_7)
FNDA:0,(anonymous_8)
FNDA:0,(anonymous_9)
FNDA:0,(anonymous_10)
FNDA:0,(anonymous_11)
FNDA:0,(anonymous_12)
FNDA:0,(anonymous_13)
FNDA:0,(anonymous_14)
FNDA:0,(anonymous_15)
FNDA:0,(anonymous_16)
FNDA:0,(anonymous_17)
FNDA:0,(anonymous_18)
DA:8,0
DA:9,0
DA:10,0
DA:11,0
DA:12,0
DA:13,0
DA:14,0
DA:15,0
DA:16,0
DA:18,0
DA:23,0
DA:24,0
DA:25,0
DA:26,0
DA:33,0
DA:35,0
DA:36,0
DA:44,0
DA:46,0
DA:47,0
DA:50,0
DA:54,0
DA:55,0
DA:61,0
DA:63,0
DA:67,0
DA:68,0
DA:71,0
DA:72,0
DA:75,0
DA:76,0
DA:79,0
DA:80,0
DA:83,0
DA:107,0
DA:111,0
DA:116,0
DA:131,0
DA:136,0
DA:145,0
LF:40
LH:0
BRDA:114,0,0,0
BRDA:114,0,1,0
BRDA:114,1,0,0
BRDA:114,1,1,0
BRDA:129,2,0,0
BRDA:129,2,1,0
BRDA:129,3,0,0
BRDA:129,3,1,0
BRF:8
BRH:0
end_of_record
TN:
SF:src\components\Create\CreateUserPopup.js
FN:8,(anonymous_0)
FN:15,(anonymous_1)
FN:27,(anonymous_2)
FN:28,(anonymous_3)
FN:41,(anonymous_4)
FN:44,(anonymous_5)
FN:50,(anonymous_6)
FN:56,(anonymous_7)
FN:57,(anonymous_8)
FN:80,(anonymous_9)
FN:86,(anonymous_10)
FN:87,(anonymous_11)
FN:102,(anonymous_12)
FN:104,(anonymous_13)
FN:106,(anonymous_14)
FN:112,(anonymous_15)
FN:116,(anonymous_16)
FNF:17
FNH:0
FNDA:0,(anonymous_0)
FNDA:0,(anonymous_1)
FNDA:0,(anonymous_2)
FNDA:0,(anonymous_3)
FNDA:0,(anonymous_4)
FNDA:0,(anonymous_5)
FNDA:0,(anonymous_6)
FNDA:0,(anonymous_7)
FNDA:0,(anonymous_8)
FNDA:0,(anonymous_9)
FNDA:0,(anonymous_10)
FNDA:0,(anonymous_11)
FNDA:0,(anonymous_12)
FNDA:0,(anonymous_13)
FNDA:0,(anonymous_14)
FNDA:0,(anonymous_15)
FNDA:0,(anonymous_16)
DA:8,0
DA:9,0
DA:10,0
DA:11,0
DA:12,0
DA:13,0
DA:14,0
DA:15,0
DA:16,0
DA:17,0
DA:20,0
DA:27,0
DA:29,0
DA:30,0
DA:32,0
DA:33,0
DA:42,0
DA:45,0
DA:47,0
DA:51,0
DA:56,0
DA:57,0
DA:58,0
DA:59,0
DA:66,0
DA:67,0
DA:68,0
DA:69,0
DA:71,0
DA:74,0
DA:77,0
DA:80,0
DA:81,0
DA:86,0
DA:88,0
DA:92,0
DA:102,0
DA:104,0
DA:106,0
DA:112,0
DA:116,0
LF:41
LH:0
BRDA:29,0,0,0
BRDA:29,0,1,0
BRDA:66,1,0,0
BRDA:66,1,1,0
BRDA:110,2,0,0
BRDA:110,2,1,0
BRDA:110,3,0,0
BRDA:110,3,1,0
BRDA:113,4,0,0
BRDA:113,4,1,0
BRF:10
BRH:0
end_of_record
TN:
SF:src\components\Create\Requests.js
FN:5,(anonymous_0)
FN:29,(anonymous_1)
FN:34,(anonymous_2)
FN:38,(anonymous_3)
FN:41,(anonymous_4)
FN:67,(anonymous_5)
FN:79,(anonymous_6)
FN:85,(anonymous_7)
FN:98,(anonymous_8)
FN:103,(anonymous_9)
FN:118,(anonymous_10)
FN:126,(anonymous_11)
FN:132,(anonymous_12)
FN:145,(anonymous_13)
FN:174,(anonymous_14)
FN:177,(anonymous_15)
FN:181,(anonymous_16)
FN:184,(anonymous_17)
FN:210,(anonymous_18)
FN:222,(anonymous_19)
FN:228,(anonymous_20)
FN:241,(anonymous_21)
FN:246,(anonymous_22)
FN:268,(anonymous_23)
FN:274,(anonymous_24)
FN:288,(anonymous_25)
FN:293,(anonymous_26)
FN:307,(anonymous_27)
FN:315,(anonymous_28)
FN:321,(anonymous_29)
FN:334,(anonymous_30)
FNF:31
FNH:0
FNDA:0,(anonymous_0)
FNDA:0,(anonymous_1)
FNDA:0,(anonymous_2)
FNDA:0,(anonymous_3)
FNDA:0,(anonymous_4)
FNDA:0,(anonymous_5)
FNDA:0,(anonymous_6)
FNDA:0,(anonymous_7)
FNDA:0,(anonymous_8)
FNDA:0,(anonymous_9)
FNDA:0,(anonymous_10)
FNDA:0,(anonymous_11)
FNDA:0,(anonymous_12)
FNDA:0,(anonymous_13)
FNDA:0,(anonymous_14)
FNDA:0,(anonymous_15)
FNDA:0,(anonymous_16)
FNDA:0,(anonymous_17)
FNDA:0,(anonymous_18)
FNDA:0,(anonymous_19)
FNDA:0,(anonymous_20)
FNDA:0,(anonymous_21)
FNDA:0,(anonymous_22)
FNDA:0,(anonymous_23)
FNDA:0,(anonymous_24)
FNDA:0,(anonymous_25)
FNDA:0,(anonymous_26)
FNDA:0,(anonymous_27)
FNDA:0,(anonymous_28)
FNDA:0,(anonymous_29)
FNDA:0,(anonymous_30)
DA:5,0
DA:6,0
DA:7,0
DA:28,0
DA:29,0
DA:30,0
DA:32,0
DA:33,0
DA:34,0
DA:35,0
DA:38,0
DA:39,0
DA:41,0
DA:42,0
DA:45,0
DA:67,0
DA:79,0
DA:85,0
DA:98,0
DA:103,0
DA:118,0
DA:126,0
DA:132,0
DA:145,0
DA:146,0
DA:147,0
DA:154,0
DA:155,0
DA:156,0
DA:173,0
DA:174,0
DA:175,0
DA:177,0
DA:178,0
DA:181,0
DA:182,0
DA:184,0
DA:185,0
DA:186,0
DA:188,0
DA:210,0
DA:222,0
DA:228,0
DA:241,0
DA:246,0
DA:268,0
DA:274,0
DA:288,0
DA:293,0
DA:307,0
DA:315,0
DA:321,0
DA:334,0
DA:336,0
DA:337,0
DA:340,0
DA:341,0
LF:57
LH:0
BRDA:59,0,0,0
BRDA:59,0,1,0
BRDA:92,1,0,0
BRDA:92,1,1,0
BRDA:96,2,0,0
BRDA:96,2,1,0
BRDA:96,3,0,0
BRDA:96,3,1,0
BRDA:202,4,0,0
BRDA:202,4,1,0
BRDA:235,5,0,0
BRDA:235,5,1,0
BRDA:239,6,0,0
BRDA:239,6,1,0
BRDA:239,7,0,0
BRDA:239,7,1,0
BRDA:282,8,0,0
BRDA:282,8,1,0
BRDA:286,9,0,0
BRDA:286,9,1,0
BRDA:286,10,0,0
BRDA:286,10,1,0
BRDA:336,11,0,0
BRDA:336,11,1,0
BRDA:336,12,0,0
BRDA:336,12,1,0
BRDA:336,12,2,0
BRDA:336,12,3,0
BRDA:336,12,4,0
BRDA:340,13,0,0
BRDA:340,13,1,0
BRF:31
BRH:0
end_of_record
TN:
SF:src\components\Create\useRequestMaker.js
FN:3,(anonymous_0)
FN:22,(anonymous_1)
FN:55,(anonymous_2)
FN:60,(anonymous_3)
FN:67,(anonymous_4)
FN:68,(anonymous_5)
FN:73,(anonymous_6)
FN:80,(anonymous_7)
FN:81,(anonymous_8)
FN:86,(anonymous_9)
FN:92,(anonymous_10)
FN:93,(anonymous_11)
FNF:12
FNH:0
FNDA:0,(anonymous_0)
FNDA:0,(anonymous_1)
FNDA:0,(anonymous_2)
FNDA:0,(anonymous_3)
FNDA:0,(anonymous_4)
FNDA:0,(anonymous_5)
FNDA:0,(anonymous_6)
FNDA:0,(anonymous_7)
FNDA:0,(anonymous_8)
FNDA:0,(anonymous_9)
FNDA:0,(anonymous_10)
FNDA:0,(anonymous_11)
DA:3,0
DA:4,0
DA:5,0
DA:7,0
DA:8,0
DA:9,0
DA:11,0
DA:12,0
DA:14,0
DA:15,0
DA:16,0
DA:18,0
DA:19,0
DA:20,0
DA:22,0
DA:23,0
DA:24,0
DA:25,0
DA:26,0
DA:27,0
DA:28,0
DA:30,0
DA:32,0
DA:33,0
DA:34,0
DA:36,0
DA:37,0
DA:38,0
DA:39,0
DA:41,0
DA:42,0
DA:43,0
DA:45,0
DA:47,0
DA:48,0
DA:56,0
DA:60,0
DA:61,0
DA:67,0
DA:69,0
DA:73,0
DA:74,0
DA:80,0
DA:82,0
DA:86,0
DA:87,0
DA:92,0
DA:94,0
DA:98,0
LF:49
LH:0
BRDA:30,0,0,0
BRDA:30,0,1,0
BRDA:30,0,2,0
BRDA:30,0,3,0
BRF:4
BRH:0
end_of_record
TN:
SF:src\components\Edit\AccessRequestApproval.js
FN:6,(anonymous_0)
FN:39,(anonymous_1)
FN:40,(anonymous_2)
FNF:3
FNH:1
FNDA:1,(anonymous_0)
FNDA:0,(anonymous_1)
FNDA:0,(anonymous_2)
DA:6,1
DA:9,1
DA:39,0
DA:40,0
LF:4
LH:2
BRF:0
BRH:0
end_of_record
TN:
SF:src\components\Edit\ChangePassword.js
FN:6,(anonymous_0)
FN:12,(anonymous_1)
FN:21,(anonymous_2)
FN:27,(anonymous_3)
FN:35,(anonymous_4)
FN:40,(anonymous_5)
FN:80,(anonymous_6)
FN:88,(anonymous_7)
FNF:8
FNH:2
FNDA:2,(anonymous_0)
FNDA:2,(anonymous_1)
FNDA:0,(anonymous_2)
FNDA:0,(anonymous_3)
FNDA:0,(anonymous_4)
FNDA:0,(anonymous_5)
FNDA:0,(anonymous_6)
FNDA:0,(anonymous_7)
DA:6,1
DA:7,2
DA:8,2
DA:9,2
DA:10,2
DA:12,2
DA:14,2
DA:22,0
DA:23,0
DA:25,0
DA:28,0
DA:29,0
DA:30,0
DA:32,0
DA:36,0
DA:40,2
DA:41,0
DA:43,0
DA:44,0
DA:45,0
DA:48,0
DA:49,0
DA:58,0
DA:59,0
DA:61,0
DA:65,2
DA:80,0
DA:88,0
LF:28
LH:9
BRDA:22,0,0,0
BRDA:22,0,1,0
BRDA:28,1,0,0
BRDA:28,1,1,0
BRDA:43,2,0,0
BRDA:43,2,1,0
BRF:6
BRH:0
end_of_record
TN:
SF:src\components\Edit\EditAccessRequest.js
FN:8,(anonymous_0)
FN:19,(anonymous_1)
FN:28,(anonymous_2)
FN:58,(anonymous_3)
FNF:4
FNH:1
FNDA:2,(anonymous_0)
FNDA:0,(anonymous_1)
FNDA:0,(anonymous_2)
FNDA:0,(anonymous_3)
DA:8,1
DA:9,2
DA:11,2
DA:19,2
DA:20,0
DA:21,0
DA:22,0
DA:29,0
DA:32,0
DA:35,2
DA:58,0
LF:11
LH:5
BRF:0
BRH:0
end_of_record
TN:
SF:src\components\Edit\EditDataScopePopup.js
FN:11,(anonymous_0)
FN:21,(anonymous_1)
FN:30,(anonymous_2)
FN:49,(anonymous_3)
FN:54,(anonymous_4)
FN:63,(anonymous_5)
FNF:6
FNH:2
FNDA:2,(anonymous_0)
FNDA:1,(anonymous_1)
FNDA:0,(anonymous_2)
FNDA:0,(anonymous_3)
FNDA:0,(anonymous_4)
FNDA:0,(anonymous_5)
DA:8,1
DA:11,1
DA:12,2
DA:21,2
DA:22,1
DA:23,1
DA:24,1
DA:31,0
DA:34,1
DA:37,2
DA:49,0
DA:54,0
DA:63,0
LF:13
LH:9
BRF:0
BRH:0
end_of_record
TN:
SF:src\components\Edit\EditDevice.js
FN:10,(anonymous_0)
FN:29,(anonymous_1)
FN:38,(anonymous_2)
FN:60,(anonymous_3)
FN:69,(anonymous_4)
FN:78,(anonymous_5)
FN:85,(anonymous_6)
FN:91,(anonymous_7)
FNF:8
FNH:1
FNDA:2,(anonymous_0)
FNDA:0,(anonymous_1)
FNDA:0,(anonymous_2)
FNDA:0,(anonymous_3)
FNDA:0,(anonymous_4)
FNDA:0,(anonymous_5)
FNDA:0,(anonymous_6)
FNDA:0,(anonymous_7)
DA:7,1
DA:9,1
DA:10,1
DA:17,2
DA:29,2
DA:30,0
DA:31,0
DA:32,0
DA:39,0
DA:42,0
DA:45,2
DA:60,0
DA:69,0
DA:78,0
DA:85,0
DA:91,0
LF:16
LH:6
BRF:0
BRH:0
end_of_record
TN:
SF:src\components\Edit\EditRisk.js
FN:10,(anonymous_0)
FN:22,(anonymous_1)
FN:31,(anonymous_2)
FN:55,(anonymous_3)
FN:63,(anonymous_4)
FN:69,(anonymous_5)
FNF:6
FNH:1
FNDA:2,(anonymous_0)
FNDA:0,(anonymous_1)
FNDA:0,(anonymous_2)
FNDA:0,(anonymous_3)
FNDA:0,(anonymous_4)
FNDA:0,(anonymous_5)
DA:8,1
DA:9,1
DA:10,1
DA:12,2
DA:22,2
DA:23,0
DA:24,0
DA:25,0
DA:32,0
DA:35,0
DA:38,2
DA:55,0
DA:63,0
DA:69,0
LF:14
LH:6
BRF:0
BRH:0
end_of_record
TN:
SF:src\components\Edit\EditSupportRequest.js
FN:9,(anonymous_0)
FN:18,(anonymous_1)
FN:27,(anonymous_2)
FN:66,(anonymous_3)
FNF:4
FNH:1
FNDA:2,(anonymous_0)
FNDA:0,(anonymous_1)
FNDA:0,(anonymous_2)
FNDA:0,(anonymous_3)
DA:8,1
DA:9,1
DA:10,2
DA:18,2
DA:19,0
DA:20,0
DA:21,0
DA:28,0
DA:31,0
DA:34,2
DA:66,0
LF:11
LH:5
BRF:0
BRH:0
end_of_record
TN:
SF:src\components\Edit\EditUser.js
FN:7,(anonymous_0)
FN:21,(anonymous_1)
FN:34,(anonymous_2)
FN:43,(anonymous_3)
FN:49,(anonymous_4)
FN:55,(anonymous_5)
FN:56,(anonymous_6)
FN:77,(anonymous_7)
FN:87,(anonymous_8)
FN:97,(anonymous_9)
FN:104,(anonymous_10)
FN:108,(anonymous_11)
FNF:12
FNH:3
FNDA:4,(anonymous_0)
FNDA:2,(anonymous_1)
FNDA:0,(anonymous_2)
FNDA:0,(anonymous_3)
FNDA:2,(anonymous_4)
FNDA:0,(anonymous_5)
FNDA:0,(anonymous_6)
FNDA:0,(anonymous_7)
FNDA:0,(anonymous_8)
FNDA:0,(anonymous_9)
FNDA:0,(anonymous_10)
FNDA:0,(anonymous_11)
DA:7,1
DA:8,4
DA:9,4
DA:11,4
DA:21,4
DA:22,2
DA:23,2
DA:34,4
DA:35,0
DA:36,0
DA:37,0
DA:44,0
DA:46,0
DA:49,4
DA:50,2
DA:55,0
DA:57,0
DA:60,4
DA:77,0
DA:87,0
DA:97,0
DA:104,0
DA:108,0
LF:23
LH:11
BRDA:22,0,0,2
BRDA:22,0,1,0
BRDA:102,1,0,0
BRDA:102,1,1,4
BRDA:102,2,0,4
BRDA:102,2,1,0
BRF:6
BRH:3
end_of_record
TN:
SF:src\components\Edit\UpdateTaskPopup.js
FN:10,(anonymous_0)
FN:19,(anonymous_1)
FN:28,(anonymous_2)
FNF:3
FNH:1
FNDA:2,(anonymous_0)
FNDA:0,(anonymous_1)
FNDA:0,(anonymous_2)
DA:8,1
DA:9,1
DA:10,1
DA:11,2
DA:19,2
DA:20,0
DA:21,0
DA:22,0
DA:29,0
DA:32,0
DA:35,2
LF:11
LH:6
BRF:0
BRH:0
end_of_record
TN:
SF:src\components\Roles\AccessAndDisplay.js
FN:3,(anonymous_0)
FN:16,(anonymous_1)
FN:23,(anonymous_2)
FN:24,(anonymous_3)
FN:29,(anonymous_4)
FN:36,(anonymous_5)
FN:37,(anonymous_6)
FN:43,(anonymous_7)
FN:50,(anonymous_8)
FN:51,(anonymous_9)
FN:56,(anonymous_10)
FN:63,(anonymous_11)
FN:64,(anonymous_12)
FN:69,(anonymous_13)
FN:76,(anonymous_14)
FN:77,(anonymous_15)
FN:82,(anonymous_16)
FN:89,(anonymous_17)
FN:90,(anonymous_18)
FN:95,(anonymous_19)
FN:102,(anonymous_20)
FN:103,(anonymous_21)
FN:108,(anonymous_22)
FN:115,(anonymous_23)
FN:116,(anonymous_24)
FN:121,(anonymous_25)
FN:128,(anonymous_26)
FN:129,(anonymous_27)
FN:138,(anonymous_28)
FN:139,(anonymous_29)
FN:145,(anonymous_30)
FN:152,(anonymous_31)
FN:153,(anonymous_32)
FN:158,(anonymous_33)
FN:165,(anonymous_34)
FN:166,(anonymous_35)
FNF:36
FNH:0
FNDA:0,(anonymous_0)
FNDA:0,(anonymous_1)
FNDA:0,(anonymous_2)
FNDA:0,(anonymous_3)
FNDA:0,(anonymous_4)
FNDA:0,(anonymous_5)
FNDA:0,(anonymous_6)
FNDA:0,(anonymous_7)
FNDA:0,(anonymous_8)
FNDA:0,(anonymous_9)
FNDA:0,(anonymous_10)
FNDA:0,(anonymous_11)
FNDA:0,(anonymous_12)
FNDA:0,(anonymous_13)
FNDA:0,(anonymous_14)
FNDA:0,(anonymous_15)
FNDA:0,(anonymous_16)
FNDA:0,(anonymous_17)
FNDA:0,(anonymous_18)
FNDA:0,(anonymous_19)
FNDA:0,(anonymous_20)
FNDA:0,(anonymous_21)
FNDA:0,(anonymous_22)
FNDA:0,(anonymous_23)
FNDA:0,(anonymous_24)
FNDA:0,(anonymous_25)
FNDA:0,(anonymous_26)
FNDA:0,(anonymous_27)
FNDA:0,(anonymous_28)
FNDA:0,(anonymous_29)
FNDA:0,(anonymous_30)
FNDA:0,(anonymous_31)
FNDA:0,(anonymous_32)
FNDA:0,(anonymous_33)
FNDA:0,(anonymous_34)
FNDA:0,(anonymous_35)
DA:3,0
DA:4,0
DA:5,0
DA:6,0
DA:7,0
DA:8,0
DA:9,0
DA:10,0
DA:11,0
DA:12,0
DA:13,0
DA:14,0
DA:16,0
DA:17,0
DA:23,0
DA:25,0
DA:29,0
DA:30,0
DA:36,0
DA:38,0
DA:43,0
DA:44,0
DA:50,0
DA:52,0
DA:56,0
DA:57,0
DA:63,0
DA:65,0
DA:69,0
DA:70,0
DA:76,0
DA:78,0
DA:82,0
DA:83,0
DA:89,0
DA:91,0
DA:95,0
DA:96,0
DA:102,0
DA:104,0
DA:108,0
DA:109,0
DA:115,0
DA:117,0
DA:121,0
DA:122,0
DA:128,0
DA:130,0
DA:132,0
DA:138,0
DA:140,0
DA:145,0
DA:146,0
DA:152,0
DA:154,0
DA:158,0
DA:159,0
DA:165,0
DA:167,0
DA:174,0
LF:60
LH:0
BRF:0
BRH:0
end_of_record
TN:
SF:src\components\Roles\RoleCreation.js
FN:4,(anonymous_0)
FN:6,(anonymous_1)
FN:22,(anonymous_2)
FN:35,(anonymous_3)
FN:36,(anonymous_4)
FN:48,(anonymous_5)
FN:51,(anonymous_6)
FN:61,(anonymous_7)
FN:78,(anonymous_8)
FN:88,(anonymous_9)
FN:98,(anonymous_10)
FN:111,(anonymous_11)
FN:121,(anonymous_12)
FN:131,(anonymous_13)
FN:144,(anonymous_14)
FN:154,(anonymous_15)
FN:169,(anonymous_16)
FN:179,(anonymous_17)
FN:189,(anonymous_18)
FN:199,(anonymous_19)
FN:211,(anonymous_20)
FN:221,(anonymous_21)
FN:231,(anonymous_22)
FN:244,(anonymous_23)
FN:254,(anonymous_24)
FN:264,(anonymous_25)
FN:277,(anonymous_26)
FN:292,(anonymous_27)
FN:302,(anonymous_28)
FN:312,(anonymous_29)
FN:322,(anonymous_30)
FN:335,(anonymous_31)
FN:345,(anonymous_32)
FN:355,(anonymous_33)
FN:365,(anonymous_34)
FN:371,(anonymous_35)
FN:377,(anonymous_36)
FN:383,(anonymous_37)
FN:389,(anonymous_38)
FN:395,(anonymous_39)
FN:400,(anonymous_40)
FN:405,(anonymous_41)
FN:411,(anonymous_42)
FN:417,(anonymous_43)
FN:435,(anonymous_44)
FN:712,(anonymous_45)
FN:717,(anonymous_46)
FN:719,(anonymous_47)
FN:725,(anonymous_48)
FN:726,(anonymous_49)
FN:732,(anonymous_50)
FN:741,(anonymous_51)
FN:742,(anonymous_52)
FN:752,(anonymous_53)
FN:753,(anonymous_54)
FN:763,(anonymous_55)
FN:764,(anonymous_56)
FN:779,(anonymous_57)
FN:780,(anonymous_58)
FN:790,(anonymous_59)
FN:791,(anonymous_60)
FN:801,(anonymous_61)
FN:802,(anonymous_62)
FN:818,(anonymous_63)
FN:819,(anonymous_64)
FN:829,(anonymous_65)
FN:830,(anonymous_66)
FN:845,(anonymous_67)
FN:846,(anonymous_68)
FN:856,(anonymous_69)
FN:857,(anonymous_70)
FN:867,(anonymous_71)
FN:868,(anonymous_72)
FN:878,(anonymous_73)
FN:879,(anonymous_74)
FN:894,(anonymous_75)
FN:895,(anonymous_76)
FN:905,(anonymous_77)
FN:906,(anonymous_78)
FN:916,(anonymous_79)
FN:917,(anonymous_80)
FN:933,(anonymous_81)
FN:934,(anonymous_82)
FN:944,(anonymous_83)
FN:945,(anonymous_84)
FN:955,(anonymous_85)
FN:956,(anonymous_86)
FN:971,(anonymous_87)
FN:972,(anonymous_88)
FN:987,(anonymous_89)
FN:988,(anonymous_90)
FN:998,(anonymous_91)
FN:999,(anonymous_92)
FN:1009,(anonymous_93)
FN:1010,(anonymous_94)
FN:1020,(anonymous_95)
FN:1021,(anonymous_96)
FN:1037,(anonymous_97)
FN:1038,(anonymous_98)
FN:1048,(anonymous_99)
FN:1049,(anonymous_100)
FN:1059,(anonymous_101)
FN:1060,(anonymous_102)
FNF:103
FNH:0
FNDA:0,(anonymous_0)
FNDA:0,(anonymous_1)
FNDA:0,(anonymous_2)
FNDA:0,(anonymous_3)
FNDA:0,(anonymous_4)
FNDA:0,(anonymous_5)
FNDA:0,(anonymous_6)
FNDA:0,(anonymous_7)
FNDA:0,(anonymous_8)
FNDA:0,(anonymous_9)
FNDA:0,(anonymous_10)
FNDA:0,(anonymous_11)
FNDA:0,(anonymous_12)
FNDA:0,(anonymous_13)
FNDA:0,(anonymous_14)
FNDA:0,(anonymous_15)
FNDA:0,(anonymous_16)
FNDA:0,(anonymous_17)
FNDA:0,(anonymous_18)
FNDA:0,(anonymous_19)
FNDA:0,(anonymous_20)
FNDA:0,(anonymous_21)
FNDA:0,(anonymous_22)
FNDA:0,(anonymous_23)
FNDA:0,(anonymous_24)
FNDA:0,(anonymous_25)
FNDA:0,(anonymous_26)
FNDA:0,(anonymous_27)
FNDA:0,(anonymous_28)
FNDA:0,(anonymous_29)
FNDA:0,(anonymous_30)
FNDA:0,(anonymous_31)
FNDA:0,(anonymous_32)
FNDA:0,(anonymous_33)
FNDA:0,(anonymous_34)
FNDA:0,(anonymous_35)
FNDA:0,(anonymous_36)
FNDA:0,(anonymous_37)
FNDA:0,(anonymous_38)
FNDA:0,(anonymous_39)
FNDA:0,(anonymous_40)
FNDA:0,(anonymous_41)
FNDA:0,(anonymous_42)
FNDA:0,(anonymous_43)
FNDA:0,(anonymous_44)
FNDA:0,(anonymous_45)
FNDA:0,(anonymous_46)
FNDA:0,(anonymous_47)
FNDA:0,(anonymous_48)
FNDA:0,(anonymous_49)
FNDA:0,(anonymous_50)
FNDA:0,(anonymous_51)
FNDA:0,(anonymous_52)
FNDA:0,(anonymous_53)
FNDA:0,(anonymous_54)
FNDA:0,(anonymous_55)
FNDA:0,(anonymous_56)
FNDA:0,(anonymous_57)
FNDA:0,(anonymous_58)
FNDA:0,(anonymous_59)
FNDA:0,(anonymous_60)
FNDA:0,(anonymous_61)
FNDA:0,(anonymous_62)
FNDA:0,(anonymous_63)
FNDA:0,(anonymous_64)
FNDA:0,(anonymous_65)
FNDA:0,(anonymous_66)
FNDA:0,(anonymous_67)
FNDA:0,(anonymous_68)
FNDA:0,(anonymous_69)
FNDA:0,(anonymous_70)
FNDA:0,(anonymous_71)
FNDA:0,(anonymous_72)
FNDA:0,(anonymous_73)
FNDA:0,(anonymous_74)
FNDA:0,(anonymous_75)
FNDA:0,(anonymous_76)
FNDA:0,(anonymous_77)
FNDA:0,(anonymous_78)
FNDA:0,(anonymous_79)
FNDA:0,(anonymous_80)
FNDA:0,(anonymous_81)
FNDA:0,(anonymous_82)
FNDA:0,(anonymous_83)
FNDA:0,(anonymous_84)
FNDA:0,(anonymous_85)
FNDA:0,(anonymous_86)
FNDA:0,(anonymous_87)
FNDA:0,(anonymous_88)
FNDA:0,(anonymous_89)
FNDA:0,(anonymous_90)
FNDA:0,(anonymous_91)
FNDA:0,(anonymous_92)
FNDA:0,(anonymous_93)
FNDA:0,(anonymous_94)
FNDA:0,(anonymous_95)
FNDA:0,(anonymous_96)
FNDA:0,(anonymous_97)
FNDA:0,(anonymous_98)
FNDA:0,(anonymous_99)
FNDA:0,(anonymous_100)
FNDA:0,(anonymous_101)
FNDA:0,(anonymous_102)
DA:4,0
DA:5,0
DA:6,0
DA:7,0
DA:8,0
DA:9,0
DA:10,0
DA:11,0
DA:12,0
DA:13,0
DA:14,0
DA:15,0
DA:16,0
DA:17,0
DA:18,0
DA:19,0
DA:22,0
DA:23,0
DA:24,0
DA:25,0
DA:28,0
DA:35,0
DA:37,0
DA:38,0
DA:40,0
DA:41,0
DA:49,0
DA:52,0
DA:55,0
DA:61,0
DA:62,0
DA:63,0
DA:64,0
DA:66,0
DA:67,0
DA:68,0
DA:70,0
DA:72,0
DA:73,0
DA:74,0
DA:76,0
DA:78,0
DA:82,0
DA:83,0
DA:84,0
DA:86,0
DA:88,0
DA:92,0
DA:93,0
DA:94,0
DA:96,0
DA:98,0
DA:103,0
DA:105,0
DA:106,0
DA:107,0
DA:109,0
DA:111,0
DA:115,0
DA:116,0
DA:117,0
DA:119,0
DA:121,0
DA:125,0
DA:126,0
DA:127,0
DA:129,0
DA:131,0
DA:136,0
DA:138,0
DA:139,0
DA:140,0
DA:142,0
DA:144,0
DA:148,0
DA:149,0
DA:150,0
DA:152,0
DA:154,0
DA:160,0
DA:163,0
DA:164,0
DA:165,0
DA:167,0
DA:169,0
DA:173,0
DA:174,0
DA:175,0
DA:177,0
DA:179,0
DA:183,0
DA:184,0
DA:185,0
DA:187,0
DA:189,0
DA:193,0
DA:194,0
DA:195,0
DA:197,0
DA:199,0
DA:203,0
DA:205,0
DA:206,0
DA:207,0
DA:209,0
DA:211,0
DA:215,0
DA:216,0
DA:217,0
DA:219,0
DA:221,0
DA:225,0
DA:226,0
DA:227,0
DA:229,0
DA:231,0
DA:236,0
DA:238,0
DA:239,0
DA:240,0
DA:242,0
DA:244,0
DA:248,0
DA:249,0
DA:250,0
DA:252,0
DA:254,0
DA:258,0
DA:259,0
DA:260,0
DA:262,0
DA:264,0
DA:269,0
DA:271,0
DA:272,0
DA:273,0
DA:275,0
DA:277,0
DA:284,0
DA:286,0
DA:287,0
DA:288,0
DA:290,0
DA:292,0
DA:296,0
DA:297,0
DA:298,0
DA:300,0
DA:302,0
DA:306,0
DA:307,0
DA:308,0
DA:310,0
DA:312,0
DA:316,0
DA:317,0
DA:318,0
DA:320,0
DA:322,0
DA:327,0
DA:329,0
DA:330,0
DA:331,0
DA:333,0
DA:335,0
DA:339,0
DA:340,0
DA:341,0
DA:343,0
DA:345,0
DA:349,0
DA:350,0
DA:351,0
DA:353,0
DA:355,0
DA:365,0
DA:366,0
DA:367,0
DA:368,0
DA:371,0
DA:372,0
DA:373,0
DA:374,0
DA:377,0
DA:378,0
DA:379,0
DA:380,0
DA:383,0
DA:384,0
DA:385,0
DA:386,0
DA:389,0
DA:390,0
DA:391,0
DA:392,0
DA:395,0
DA:396,0
DA:397,0
DA:398,0
DA:400,0
DA:401,0
DA:402,0
DA:403,0
DA:405,0
DA:406,0
DA:407,0
DA:408,0
DA:411,0
DA:412,0
DA:413,0
DA:414,0
DA:417,0
DA:419,0
DA:420,0
DA:435,0
DA:437,0
DA:440,0
DA:441,0
DA:442,0
DA:444,0
DA:445,0
DA:450,0
DA:451,0
DA:452,0
DA:454,0
DA:455,0
DA:460,0
DA:461,0
DA:462,0
DA:464,0
DA:465,0
DA:470,0
DA:471,0
DA:472,0
DA:474,0
DA:475,0
DA:481,0
DA:482,0
DA:483,0
DA:485,0
DA:486,0
DA:491,0
DA:492,0
DA:493,0
DA:495,0
DA:496,0
DA:501,0
DA:502,0
DA:503,0
DA:505,0
DA:506,0
DA:511,0
DA:512,0
DA:513,0
DA:515,0
DA:516,0
DA:521,0
DA:522,0
DA:523,0
DA:525,0
DA:526,0
DA:531,0
DA:532,0
DA:533,0
DA:535,0
DA:536,0
DA:541,0
DA:542,0
DA:543,0
DA:545,0
DA:546,0
DA:551,0
DA:552,0
DA:553,0
DA:555,0
DA:556,0
DA:561,0
DA:562,0
DA:563,0
DA:565,0
DA:566,0
DA:571,0
DA:572,0
DA:573,0
DA:575,0
DA:576,0
DA:581,0
DA:582,0
DA:583,0
DA:585,0
DA:586,0
DA:591,0
DA:592,0
DA:593,0
DA:595,0
DA:596,0
DA:601,0
DA:602,0
DA:603,0
DA:605,0
DA:606,0
DA:611,0
DA:612,0
DA:613,0
DA:615,0
DA:616,0
DA:621,0
DA:622,0
DA:623,0
DA:625,0
DA:626,0
DA:631,0
DA:632,0
DA:633,0
DA:635,0
DA:636,0
DA:641,0
DA:642,0
DA:643,0
DA:645,0
DA:646,0
DA:651,0
DA:652,0
DA:653,0
DA:655,0
DA:656,0
DA:661,0
DA:662,0
DA:663,0
DA:665,0
DA:666,0
DA:671,0
DA:672,0
DA:673,0
DA:675,0
DA:676,0
DA:681,0
DA:682,0
DA:683,0
DA:685,0
DA:686,0
DA:691,0
DA:692,0
DA:693,0
DA:695,0
DA:696,0
DA:700,0
DA:703,0
DA:712,0
DA:719,0
DA:725,0
DA:726,0
DA:733,0
DA:734,0
DA:741,0
DA:742,0
DA:752,0
DA:753,0
DA:763,0
DA:764,0
DA:771,0
DA:772,0
DA:779,0
DA:780,0
DA:790,0
DA:791,0
DA:801,0
DA:802,0
DA:810,0
DA:811,0
DA:818,0
DA:819,0
DA:829,0
DA:830,0
DA:837,0
DA:838,0
DA:845,0
DA:846,0
DA:856,0
DA:857,0
DA:867,0
DA:868,0
DA:878,0
DA:879,0
DA:886,0
DA:887,0
DA:894,0
DA:895,0
DA:905,0
DA:906,0
DA:916,0
DA:917,0
DA:925,0
DA:926,0
DA:933,0
DA:934,0
DA:944,0
DA:945,0
DA:955,0
DA:956,0
DA:963,0
DA:964,0
DA:971,0
DA:972,0
DA:979,0
DA:980,0
DA:987,0
DA:988,0
DA:998,0
DA:999,0
DA:1009,0
DA:1010,0
DA:1020,0
DA:1021,0
DA:1029,0
DA:1030,0
DA:1037,0
DA:1038,0
DA:1048,0
DA:1049,0
DA:1059,0
DA:1060,0
LF:422
LH:0
BRDA:37,0,0,0
BRDA:37,0,1,0
BRDA:70,1,0,0
BRDA:70,1,1,0
BRDA:70,2,0,0
BRDA:70,2,1,0
BRDA:73,3,0,0
BRDA:73,3,1,0
BRDA:76,4,0,0
BRDA:76,4,1,0
BRDA:83,5,0,0
BRDA:83,5,1,0
BRDA:86,6,0,0
BRDA:86,6,1,0
BRDA:93,7,0,0
BRDA:93,7,1,0
BRDA:96,8,0,0
BRDA:96,8,1,0
BRDA:103,9,0,0
BRDA:103,9,1,0
BRDA:103,10,0,0
BRDA:103,10,1,0
BRDA:106,11,0,0
BRDA:106,11,1,0
BRDA:109,12,0,0
BRDA:109,12,1,0
BRDA:116,13,0,0
BRDA:116,13,1,0
BRDA:119,14,0,0
BRDA:119,14,1,0
BRDA:126,15,0,0
BRDA:126,15,1,0
BRDA:129,16,0,0
BRDA:129,16,1,0
BRDA:136,17,0,0
BRDA:136,17,1,0
BRDA:136,18,0,0
BRDA:136,18,1,0
BRDA:139,19,0,0
BRDA:139,19,1,0
BRDA:142,20,0,0
BRDA:142,20,1,0
BRDA:149,21,0,0
BRDA:149,21,1,0
BRDA:152,22,0,0
BRDA:152,22,1,0
BRDA:160,23,0,0
BRDA:160,23,1,0
BRDA:160,24,0,0
BRDA:160,24,1,0
BRDA:164,25,0,0
BRDA:164,25,1,0
BRDA:167,26,0,0
BRDA:167,26,1,0
BRDA:174,27,0,0
BRDA:174,27,1,0
BRDA:177,28,0,0
BRDA:177,28,1,0
BRDA:184,29,0,0
BRDA:184,29,1,0
BRDA:187,30,0,0
BRDA:187,30,1,0
BRDA:194,31,0,0
BRDA:194,31,1,0
BRDA:197,32,0,0
BRDA:197,32,1,0
BRDA:203,33,0,0
BRDA:203,33,1,0
BRDA:203,34,0,0
BRDA:203,34,1,0
BRDA:206,35,0,0
BRDA:206,35,1,0
BRDA:209,36,0,0
BRDA:209,36,1,0
BRDA:216,37,0,0
BRDA:216,37,1,0
BRDA:219,38,0,0
BRDA:219,38,1,0
BRDA:226,39,0,0
BRDA:226,39,1,0
BRDA:229,40,0,0
BRDA:229,40,1,0
BRDA:236,41,0,0
BRDA:236,41,1,0
BRDA:236,42,0,0
BRDA:236,42,1,0
BRDA:239,43,0,0
BRDA:239,43,1,0
BRDA:242,44,0,0
BRDA:242,44,1,0
BRDA:249,45,0,0
BRDA:249,45,1,0
BRDA:252,46,0,0
BRDA:252,46,1,0
BRDA:259,47,0,0
BRDA:259,47,1,0
BRDA:262,48,0,0
BRDA:262,48,1,0
BRDA:269,49,0,0
BRDA:269,49,1,0
BRDA:269,50,0,0
BRDA:269,50,1,0
BRDA:272,51,0,0
BRDA:272,51,1,0
BRDA:275,52,0,0
BRDA:275,52,1,0
BRDA:284,53,0,0
BRDA:284,53,1,0
BRDA:284,54,0,0
BRDA:284,54,1,0
BRDA:287,55,0,0
BRDA:287,55,1,0
BRDA:290,56,0,0
BRDA:290,56,1,0
BRDA:297,57,0,0
BRDA:297,57,1,0
BRDA:300,58,0,0
BRDA:300,58,1,0
BRDA:307,59,0,0
BRDA:307,59,1,0
BRDA:310,60,0,0
BRDA:310,60,1,0
BRDA:317,61,0,0
BRDA:317,61,1,0
BRDA:320,62,0,0
BRDA:320,62,1,0
BRDA:327,63,0,0
BRDA:327,63,1,0
BRDA:327,64,0,0
BRDA:327,64,1,0
BRDA:330,65,0,0
BRDA:330,65,1,0
BRDA:333,66,0,0
BRDA:333,66,1,0
BRDA:340,67,0,0
BRDA:340,67,1,0
BRDA:343,68,0,0
BRDA:343,68,1,0
BRDA:350,69,0,0
BRDA:350,69,1,0
BRDA:353,70,0,0
BRDA:353,70,1,0
BRDA:441,71,0,0
BRDA:441,71,1,0
BRDA:442,72,0,0
BRDA:442,72,1,0
BRDA:451,73,0,0
BRDA:451,73,1,0
BRDA:452,74,0,0
BRDA:452,74,1,0
BRDA:461,75,0,0
BRDA:461,75,1,0
BRDA:462,76,0,0
BRDA:462,76,1,0
BRDA:471,77,0,0
BRDA:471,77,1,0
BRDA:472,78,0,0
BRDA:472,78,1,0
BRDA:482,79,0,0
BRDA:482,79,1,0
BRDA:483,80,0,0
BRDA:483,80,1,0
BRDA:492,81,0,0
BRDA:492,81,1,0
BRDA:493,82,0,0
BRDA:493,82,1,0
BRDA:502,83,0,0
BRDA:502,83,1,0
BRDA:503,84,0,0
BRDA:503,84,1,0
BRDA:512,85,0,0
BRDA:512,85,1,0
BRDA:513,86,0,0
BRDA:513,86,1,0
BRDA:522,87,0,0
BRDA:522,87,1,0
BRDA:523,88,0,0
BRDA:523,88,1,0
BRDA:532,89,0,0
BRDA:532,89,1,0
BRDA:533,90,0,0
BRDA:533,90,1,0
BRDA:542,91,0,0
BRDA:542,91,1,0
BRDA:543,92,0,0
BRDA:543,92,1,0
BRDA:552,93,0,0
BRDA:552,93,1,0
BRDA:553,94,0,0
BRDA:553,94,1,0
BRDA:562,95,0,0
BRDA:562,95,1,0
BRDA:563,96,0,0
BRDA:563,96,1,0
BRDA:572,97,0,0
BRDA:572,97,1,0
BRDA:573,98,0,0
BRDA:573,98,1,0
BRDA:582,99,0,0
BRDA:582,99,1,0
BRDA:583,100,0,0
BRDA:583,100,1,0
BRDA:592,101,0,0
BRDA:592,101,1,0
BRDA:593,102,0,0
BRDA:593,102,1,0
BRDA:602,103,0,0
BRDA:602,103,1,0
BRDA:603,104,0,0
BRDA:603,104,1,0
BRDA:612,105,0,0
BRDA:612,105,1,0
BRDA:613,106,0,0
BRDA:613,106,1,0
BRDA:622,107,0,0
BRDA:622,107,1,0
BRDA:623,108,0,0
BRDA:623,108,1,0
BRDA:632,109,0,0
BRDA:632,109,1,0
BRDA:633,110,0,0
BRDA:633,110,1,0
BRDA:642,111,0,0
BRDA:642,111,1,0
BRDA:643,112,0,0
BRDA:643,112,1,0
BRDA:652,113,0,0
BRDA:652,113,1,0
BRDA:653,114,0,0
BRDA:653,114,1,0
BRDA:662,115,0,0
BRDA:662,115,1,0
BRDA:663,116,0,0
BRDA:663,116,1,0
BRDA:672,117,0,0
BRDA:672,117,1,0
BRDA:673,118,0,0
BRDA:673,118,1,0
BRDA:682,119,0,0
BRDA:682,119,1,0
BRDA:683,120,0,0
BRDA:683,120,1,0
BRDA:692,121,0,0
BRDA:692,121,1,0
BRDA:693,122,0,0
BRDA:693,122,1,0
BRDA:731,123,0,0
BRDA:731,123,1,0
BRDA:733,124,0,0
BRDA:733,124,1,0
BRDA:771,125,0,0
BRDA:771,125,1,0
BRDA:810,126,0,0
BRDA:810,126,1,0
BRDA:837,127,0,0
BRDA:837,127,1,0
BRDA:886,128,0,0
BRDA:886,128,1,0
BRDA:925,129,0,0
BRDA:925,129,1,0
BRDA:963,130,0,0
BRDA:963,130,1,0
BRDA:979,131,0,0
BRDA:979,131,1,0
BRDA:1029,132,0,0
BRDA:1029,132,1,0
BRF:266
BRH:0
end_of_record
TN:
SF:src\components\Subsystems\AccessRequests.js
FN:10,(anonymous_0)
FN:14,(anonymous_1)
FN:20,(anonymous_2)
FN:25,(anonymous_3)
FN:37,(anonymous_4)
FN:46,(anonymous_5)
FN:51,(anonymous_6)
FN:55,(anonymous_7)
FN:70,(anonymous_8)
FN:77,(anonymous_9)
FN:83,(anonymous_10)
FN:95,(anonymous_11)
FNF:12
FNH:0
FNDA:0,(anonymous_0)
FNDA:0,(anonymous_1)
FNDA:0,(anonymous_2)
FNDA:0,(anonymous_3)
FNDA:0,(anonymous_4)
FNDA:0,(anonymous_5)
FNDA:0,(anonymous_6)
FNDA:0,(anonymous_7)
FNDA:0,(anonymous_8)
FNDA:0,(anonymous_9)
FNDA:0,(anonymous_10)
FNDA:0,(anonymous_11)
DA:10,0
DA:11,0
DA:12,0
DA:14,0
DA:15,0
DA:16,0
DA:17,0
DA:20,0
DA:25,0
DA:33,0
DA:37,0
DA:38,0
DA:39,0
DA:43,0
DA:46,0
DA:47,0
DA:48,0
DA:49,0
DA:51,0
DA:55,0
DA:66,0
DA:70,0
DA:71,0
DA:72,0
DA:77,0
DA:83,0
DA:90,0
DA:94,0
DA:95,0
DA:96,0
DA:98,0
LF:31
LH:0
BRDA:16,0,0,0
BRDA:16,0,1,0
BRDA:23,1,0,0
BRDA:23,1,1,0
BRDA:38,2,0,0
BRDA:38,2,1,0
BRDA:48,3,0,0
BRDA:48,3,1,0
BRDA:48,4,0,0
BRDA:48,4,1,0
BRDA:53,5,0,0
BRDA:53,5,1,0
BRDA:71,6,0,0
BRDA:71,6,1,0
BRDA:81,7,0,0
BRDA:81,7,1,0
BRF:16
BRH:0
end_of_record
TN:
SF:src\components\Subsystems\AssetRequest.js
FN:7,(anonymous_0)
FN:10,(anonymous_1)
FN:16,(anonymous_2)
FN:23,(anonymous_3)
FN:36,(anonymous_4)
FN:41,(anonymous_5)
FN:45,(anonymous_6)
FN:61,(anonymous_7)
FNF:8
FNH:0
FNDA:0,(anonymous_0)
FNDA:0,(anonymous_1)
FNDA:0,(anonymous_2)
FNDA:0,(anonymous_3)
FNDA:0,(anonymous_4)
FNDA:0,(anonymous_5)
FNDA:0,(anonymous_6)
FNDA:0,(anonymous_7)
DA:7,0
DA:8,0
DA:10,0
DA:11,0
DA:12,0
DA:13,0
DA:16,0
DA:23,0
DA:31,0
DA:36,0
DA:37,0
DA:38,0
DA:39,0
DA:41,0
DA:45,0
DA:56,0
DA:60,0
DA:61,0
DA:62,0
DA:64,0
LF:20
LH:0
BRDA:12,0,0,0
BRDA:12,0,1,0
BRDA:21,1,0,0
BRDA:21,1,1,0
BRDA:38,2,0,0
BRDA:38,2,1,0
BRDA:43,3,0,0
BRDA:43,3,1,0
BRF:8
BRH:0
end_of_record
TN:
SF:src\components\Subsystems\ComplianceMatrix.js
FN:10,(anonymous_0)
FN:16,(anonymous_1)
FN:22,(anonymous_2)
FN:28,(anonymous_3)
FN:40,(anonymous_4)
FN:45,(anonymous_5)
FN:49,(anonymous_6)
FN:62,(anonymous_7)
FN:68,(anonymous_8)
FN:74,(anonymous_9)
FN:85,(anonymous_10)
FN:91,(anonymous_11)
FN:97,(anonymous_12)
FN:110,(anonymous_13)
FNF:14
FNH:0
FNDA:0,(anonymous_0)
FNDA:0,(anonymous_1)
FNDA:0,(anonymous_2)
FNDA:0,(anonymous_3)
FNDA:0,(anonymous_4)
FNDA:0,(anonymous_5)
FNDA:0,(anonymous_6)
FNDA:0,(anonymous_7)
FNDA:0,(anonymous_8)
FNDA:0,(anonymous_9)
FNDA:0,(anonymous_10)
FNDA:0,(anonymous_11)
FNDA:0,(anonymous_12)
FNDA:0,(anonymous_13)
DA:10,0
DA:11,0
DA:12,0
DA:13,0
DA:14,0
DA:16,0
DA:17,0
DA:18,0
DA:22,0
DA:28,0
DA:36,0
DA:40,0
DA:41,0
DA:42,0
DA:43,0
DA:45,0
DA:49,0
DA:58,0
DA:62,0
DA:63,0
DA:64,0
DA:68,0
DA:74,0
DA:81,0
DA:85,0
DA:86,0
DA:87,0
DA:91,0
DA:97,0
DA:105,0
DA:109,0
DA:110,0
DA:111,0
DA:114,0
LF:34
LH:0
BRDA:17,0,0,0
BRDA:17,0,1,0
BRDA:26,1,0,0
BRDA:26,1,1,0
BRDA:42,2,0,0
BRDA:42,2,1,0
BRDA:42,3,0,0
BRDA:42,3,1,0
BRDA:42,3,2,0
BRDA:42,3,3,0
BRDA:47,4,0,0
BRDA:47,4,1,0
BRDA:63,5,0,0
BRDA:63,5,1,0
BRDA:72,6,0,0
BRDA:72,6,1,0
BRDA:86,7,0,0
BRDA:86,7,1,0
BRDA:95,8,0,0
BRDA:95,8,1,0
BRF:20
BRH:0
end_of_record
TN:
SF:src\components\Subsystems\DataScopes.js
FN:9,(anonymous_0)
FN:14,(anonymous_1)
FN:19,(anonymous_2)
FN:22,(anonymous_3)
FN:34,(anonymous_4)
FN:48,(anonymous_5)
FN:53,(anonymous_6)
FN:58,(anonymous_7)
FN:73,(anonymous_8)
FN:80,(anonymous_9)
FN:86,(anonymous_10)
FN:98,(anonymous_11)
FNF:12
FNH:0
FNDA:0,(anonymous_0)
FNDA:0,(anonymous_1)
FNDA:0,(anonymous_2)
FNDA:0,(anonymous_3)
FNDA:0,(anonymous_4)
FNDA:0,(anonymous_5)
FNDA:0,(anonymous_6)
FNDA:0,(anonymous_7)
FNDA:0,(anonymous_8)
FNDA:0,(anonymous_9)
FNDA:0,(anonymous_10)
FNDA:0,(anonymous_11)
DA:9,0
DA:11,0
DA:12,0
DA:14,0
DA:15,0
DA:16,0
DA:17,0
DA:19,0
DA:22,0
DA:30,0
DA:34,0
DA:35,0
DA:36,0
DA:43,0
DA:48,0
DA:49,0
DA:50,0
DA:51,0
DA:53,0
DA:58,0
DA:69,0
DA:73,0
DA:74,0
DA:75,0
DA:80,0
DA:86,0
DA:93,0
DA:97,0
DA:98,0
DA:99,0
DA:102,0
LF:31
LH:0
BRDA:16,0,0,0
BRDA:16,0,1,0
BRDA:20,1,0,0
BRDA:20,1,1,0
BRDA:35,2,0,0
BRDA:35,2,1,0
BRDA:50,3,0,0
BRDA:50,3,1,0
BRDA:50,4,0,0
BRDA:50,4,1,0
BRDA:50,4,2,0
BRDA:56,5,0,0
BRDA:56,5,1,0
BRDA:74,6,0,0
BRDA:74,6,1,0
BRDA:84,7,0,0
BRDA:84,7,1,0
BRF:17
BRH:0
end_of_record
TN:
SF:src\components\Subsystems\Devices.js
FN:9,(anonymous_0)
FN:13,(anonymous_1)
FN:18,(anonymous_2)
FN:21,(anonymous_3)
FN:34,(anonymous_4)
FN:39,(anonymous_5)
FN:43,(anonymous_6)
FN:57,(anonymous_7)
FN:63,(anonymous_8)
FN:69,(anonymous_9)
FN:81,(anonymous_10)
FNF:11
FNH:0
FNDA:0,(anonymous_0)
FNDA:0,(anonymous_1)
FNDA:0,(anonymous_2)
FNDA:0,(anonymous_3)
FNDA:0,(anonymous_4)
FNDA:0,(anonymous_5)
FNDA:0,(anonymous_6)
FNDA:0,(anonymous_7)
FNDA:0,(anonymous_8)
FNDA:0,(anonymous_9)
FNDA:0,(anonymous_10)
DA:9,0
DA:10,0
DA:11,0
DA:13,0
DA:14,0
DA:15,0
DA:16,0
DA:18,0
DA:21,0
DA:30,0
DA:34,0
DA:35,0
DA:36,0
DA:37,0
DA:39,0
DA:43,0
DA:53,0
DA:57,0
DA:58,0
DA:59,0
DA:63,0
DA:69,0
DA:76,0
DA:80,0
DA:81,0
DA:82,0
DA:85,0
LF:27
LH:0
BRDA:15,0,0,0
BRDA:15,0,1,0
BRDA:19,1,0,0
BRDA:19,1,1,0
BRDA:36,2,0,0
BRDA:36,2,1,0
BRDA:36,3,0,0
BRDA:36,3,1,0
BRDA:36,3,2,0
BRDA:41,4,0,0
BRDA:41,4,1,0
BRDA:58,5,0,0
BRDA:58,5,1,0
BRDA:67,6,0,0
BRDA:67,6,1,0
BRF:15
BRH:0
end_of_record
TN:
SF:src\components\Subsystems\Home.js
FN:5,(anonymous_0)
FNF:1
FNH:0
FNDA:0,(anonymous_0)
DA:5,0
DA:6,0
LF:2
LH:0
BRF:0
BRH:0
end_of_record
TN:
SF:src\components\Subsystems\Navbar.js
FN:8,(anonymous_0)
FN:48,(anonymous_1)
FN:63,(anonymous_2)
FN:70,(anonymous_3)
FN:71,(anonymous_4)
FN:75,(anonymous_5)
FN:86,(anonymous_6)
FN:101,(anonymous_7)
FN:119,(anonymous_8)
FN:120,(anonymous_9)
FN:126,(anonymous_10)
FN:142,(anonymous_11)
FN:145,(anonymous_12)
FN:149,(anonymous_13)
FNF:14
FNH:0
FNDA:0,(anonymous_0)
FNDA:0,(anonymous_1)
FNDA:0,(anonymous_2)
FNDA:0,(anonymous_3)
FNDA:0,(anonymous_4)
FNDA:0,(anonymous_5)
FNDA:0,(anonymous_6)
FNDA:0,(anonymous_7)
FNDA:0,(anonymous_8)
FNDA:0,(anonymous_9)
FNDA:0,(anonymous_10)
FNDA:0,(anonymous_11)
FNDA:0,(anonymous_12)
FNDA:0,(anonymous_13)
DA:8,0
DA:9,0
DA:10,0
DA:11,0
DA:12,0
DA:14,0
DA:16,0
DA:17,0
DA:19,0
DA:20,0
DA:22,0
DA:23,0
DA:25,0
DA:26,0
DA:28,0
DA:29,0
DA:31,0
DA:32,0
DA:34,0
DA:35,0
DA:37,0
DA:38,0
DA:40,0
DA:41,0
DA:43,0
DA:44,0
DA:48,0
DA:49,0
DA:52,0
DA:54,0
DA:55,0
DA:57,0
DA:58,0
DA:59,0
DA:60,0
DA:61,0
DA:63,0
DA:64,0
DA:70,0
DA:72,0
DA:75,0
DA:76,0
DA:77,0
DA:78,0
DA:79,0
DA:81,0
DA:82,0
DA:86,0
DA:87,0
DA:88,0
DA:89,0
DA:91,0
DA:92,0
DA:94,0
DA:95,0
DA:96,0
DA:101,0
DA:102,0
DA:119,0
DA:121,0
DA:122,0
DA:126,0
DA:142,0
DA:143,0
DA:146,0
DA:149,0
DA:158,0
LF:67
LH:0
BRDA:16,0,0,0
BRDA:16,0,1,0
BRDA:19,1,0,0
BRDA:19,1,1,0
BRDA:19,2,0,0
BRDA:19,2,1,0
BRDA:19,2,2,0
BRDA:22,3,0,0
BRDA:22,3,1,0
BRDA:22,4,0,0
BRDA:22,4,1,0
BRDA:22,4,2,0
BRDA:25,5,0,0
BRDA:25,5,1,0
BRDA:25,6,0,0
BRDA:25,6,1,0
BRDA:28,7,0,0
BRDA:28,7,1,0
BRDA:28,8,0,0
BRDA:28,8,1,0
BRDA:28,8,2,0
BRDA:28,8,3,0
BRDA:31,9,0,0
BRDA:31,9,1,0
BRDA:31,10,0,0
BRDA:31,10,1,0
BRDA:31,10,2,0
BRDA:34,11,0,0
BRDA:34,11,1,0
BRDA:34,12,0,0
BRDA:34,12,1,0
BRDA:34,12,2,0
BRDA:34,12,3,0
BRDA:37,13,0,0
BRDA:37,13,1,0
BRDA:37,14,0,0
BRDA:37,14,1,0
BRDA:37,14,2,0
BRDA:40,15,0,0
BRDA:40,15,1,0
BRDA:40,16,0,0
BRDA:40,16,1,0
BRDA:40,16,2,0
BRDA:43,17,0,0
BRDA:43,17,1,0
BRDA:54,18,0,0
BRDA:54,18,1,0
BRDA:77,19,0,0
BRDA:77,19,1,0
BRDA:88,20,0,0
BRDA:88,20,1,0
BRDA:117,21,0,0
BRDA:117,21,1,0
BRDA:124,22,0,0
BRDA:124,22,1,0
BRDA:148,23,0,0
BRDA:148,23,1,0
BRF:57
BRH:0
end_of_record
TN:
SF:src\components\Subsystems\Requests.js
FN:9,(anonymous_0)
FN:35,(anonymous_1)
FN:40,(anonymous_2)
FN:49,(anonymous_3)
FN:60,(anonymous_4)
FN:72,(anonymous_5)
FN:87,(anonymous_6)
FN:97,(anonymous_7)
FN:106,(anonymous_8)
FN:111,(anonymous_9)
FN:133,(anonymous_10)
FN:148,(anonymous_11)
FN:159,(anonymous_12)
FN:162,(anonymous_13)
FN:171,(anonymous_14)
FN:176,(anonymous_15)
FN:190,(anonymous_16)
FN:198,(anonymous_17)
FN:214,(anonymous_18)
FNF:19
FNH:0
FNDA:0,(anonymous_0)
FNDA:0,(anonymous_1)
FNDA:0,(anonymous_2)
FNDA:0,(anonymous_3)
FNDA:0,(anonymous_4)
FNDA:0,(anonymous_5)
FNDA:0,(anonymous_6)
FNDA:0,(anonymous_7)
FNDA:0,(anonymous_8)
FNDA:0,(anonymous_9)
FNDA:0,(anonymous_10)
FNDA:0,(anonymous_11)
FNDA:0,(anonymous_12)
FNDA:0,(anonymous_13)
FNDA:0,(anonymous_14)
FNDA:0,(anonymous_15)
FNDA:0,(anonymous_16)
FNDA:0,(anonymous_17)
FNDA:0,(anonymous_18)
DA:9,0
DA:10,0
DA:18,0
DA:21,0
DA:23,0
DA:25,0
DA:26,0
DA:28,0
DA:29,0
DA:31,0
DA:32,0
DA:35,0
DA:36,0
DA:38,0
DA:40,0
DA:48,0
DA:49,0
DA:50,0
DA:52,0
DA:60,0
DA:72,0
DA:87,0
DA:95,0
DA:97,0
DA:98,0
DA:100,0
DA:106,0
DA:111,0
DA:133,0
DA:148,0
DA:157,0
DA:159,0
DA:160,0
DA:162,0
DA:163,0
DA:165,0
DA:171,0
DA:176,0
DA:190,0
DA:198,0
DA:214,0
DA:215,0
DA:216,0
DA:217,0
DA:218,0
DA:219,0
DA:220,0
DA:222,0
DA:226,0
LF:49
LH:0
BRDA:25,0,0,0
BRDA:25,0,1,0
BRDA:28,1,0,0
BRDA:28,1,1,0
BRDA:31,2,0,0
BRDA:31,2,1,0
BRDA:104,3,0,0
BRDA:104,3,1,0
BRDA:104,4,0,0
BRDA:104,4,1,0
BRDA:169,5,0,0
BRDA:169,5,1,0
BRDA:169,6,0,0
BRDA:169,6,1,0
BRDA:215,7,0,0
BRDA:215,7,1,0
BRDA:217,8,0,0
BRDA:217,8,1,0
BRDA:219,9,0,0
BRDA:219,9,1,0
BRF:20
BRH:0
end_of_record
TN:
SF:src\components\Subsystems\Risks.js
FN:10,(anonymous_0)
FN:14,(anonymous_1)
FN:21,(anonymous_2)
FN:27,(anonymous_3)
FN:38,(anonymous_4)
FN:44,(anonymous_5)
FN:48,(anonymous_6)
FN:60,(anonymous_7)
FN:66,(anonymous_8)
FN:71,(anonymous_9)
FN:83,(anonymous_10)
FN:88,(anonymous_11)
FN:92,(anonymous_12)
FN:105,(anonymous_13)
FNF:14
FNH:0
FNDA:0,(anonymous_0)
FNDA:0,(anonymous_1)
FNDA:0,(anonymous_2)
FNDA:0,(anonymous_3)
FNDA:0,(anonymous_4)
FNDA:0,(anonymous_5)
FNDA:0,(anonymous_6)
FNDA:0,(anonymous_7)
FNDA:0,(anonymous_8)
FNDA:0,(anonymous_9)
FNDA:0,(anonymous_10)
FNDA:0,(anonymous_11)
FNDA:0,(anonymous_12)
FNDA:0,(anonymous_13)
DA:10,0
DA:11,0
DA:12,0
DA:14,0
DA:15,0
DA:16,0
DA:21,0
DA:27,0
DA:34,0
DA:38,0
DA:39,0
DA:40,0
DA:41,0
DA:44,0
DA:48,0
DA:56,0
DA:60,0
DA:61,0
DA:62,0
DA:63,0
DA:66,0
DA:71,0
DA:79,0
DA:83,0
DA:84,0
DA:85,0
DA:86,0
DA:88,0
DA:92,0
DA:104,0
DA:105,0
DA:106,0
DA:109,0
LF:33
LH:0
BRDA:15,0,0,0
BRDA:15,0,1,0
BRDA:25,1,0,0
BRDA:25,1,1,0
BRDA:40,2,0,0
BRDA:40,2,1,0
BRDA:46,3,0,0
BRDA:46,3,1,0
BRDA:62,4,0,0
BRDA:62,4,1,0
BRDA:69,5,0,0
BRDA:69,5,1,0
BRDA:85,6,0,0
BRDA:85,6,1,0
BRDA:85,7,0,0
BRDA:85,7,1,0
BRDA:85,7,2,0
BRDA:90,8,0,0
BRDA:90,8,1,0
BRF:19
BRH:0
end_of_record
TN:
SF:src\components\Subsystems\SupportRequests.js
FN:7,(anonymous_0)
FN:10,(anonymous_1)
FN:17,(anonymous_2)
FN:21,(anonymous_3)
FN:33,(anonymous_4)
FN:39,(anonymous_5)
FN:43,(anonymous_6)
FN:52,(anonymous_7)
FN:57,(anonymous_8)
FN:61,(anonymous_9)
FN:75,(anonymous_10)
FN:79,(anonymous_11)
FN:83,(anonymous_12)
FN:95,(anonymous_13)
FN:99,(anonymous_14)
FN:103,(anonymous_15)
FNF:16
FNH:0
FNDA:0,(anonymous_0)
FNDA:0,(anonymous_1)
FNDA:0,(anonymous_2)
FNDA:0,(anonymous_3)
FNDA:0,(anonymous_4)
FNDA:0,(anonymous_5)
FNDA:0,(anonymous_6)
FNDA:0,(anonymous_7)
FNDA:0,(anonymous_8)
FNDA:0,(anonymous_9)
FNDA:0,(anonymous_10)
FNDA:0,(anonymous_11)
FNDA:0,(anonymous_12)
FNDA:0,(anonymous_13)
FNDA:0,(anonymous_14)
FNDA:0,(anonymous_15)
DA:7,0
DA:8,0
DA:10,0
DA:11,0
DA:12,0
DA:13,0
DA:17,0
DA:21,0
DA:29,0
DA:33,0
DA:34,0
DA:35,0
DA:39,0
DA:43,0
DA:52,0
DA:53,0
DA:54,0
DA:55,0
DA:57,0
DA:61,0
DA:71,0
DA:75,0
DA:76,0
DA:77,0
DA:79,0
DA:83,0
DA:94,0
DA:95,0
DA:96,0
DA:98,0
DA:99,0
DA:100,0
DA:103,0
DA:104,0
DA:116,0
LF:35
LH:0
BRDA:12,0,0,0
BRDA:12,0,1,0
BRDA:19,1,0,0
BRDA:19,1,1,0
BRDA:41,2,0,0
BRDA:41,2,1,0
BRDA:54,3,0,0
BRDA:54,3,1,0
BRDA:59,4,0,0
BRDA:59,4,1,0
BRDA:81,5,0,0
BRDA:81,5,1,0
BRF:12
BRH:0
end_of_record
TN:
SF:src\components\Subsystems\TabView.js
FN:14,(anonymous_0)
FNF:1
FNH:0
FNDA:0,(anonymous_0)
DA:14,0
DA:15,0
DA:18,0
DA:22,0
DA:26,0
DA:30,0
DA:34,0
DA:38,0
DA:42,0
DA:46,0
DA:50,0
DA:54,0
DA:58,0
DA:62,0
LF:14
LH:0
BRDA:15,0,0,0
BRDA:15,0,1,0
BRDA:15,0,2,0
BRDA:15,0,3,0
BRDA:15,0,4,0
BRDA:15,0,5,0
BRDA:15,0,6,0
BRDA:15,0,7,0
BRDA:15,0,8,0
BRDA:15,0,9,0
BRDA:15,0,10,0
BRDA:15,0,11,0
BRF:12
BRH:0
end_of_record
TN:
SF:src\components\Subsystems\Users.js
FN:11,(anonymous_0)
FN:19,(anonymous_1)
FN:25,(anonymous_2)
FN:28,(anonymous_3)
FN:42,(anonymous_4)
FN:55,(anonymous_5)
FN:60,(anonymous_6)
FN:64,(anonymous_7)
FN:79,(anonymous_8)
FN:86,(anonymous_9)
FN:92,(anonymous_10)
FN:104,(anonymous_11)
FNF:12
FNH:0
FNDA:0,(anonymous_0)
FNDA:0,(anonymous_1)
FNDA:0,(anonymous_2)
FNDA:0,(anonymous_3)
FNDA:0,(anonymous_4)
FNDA:0,(anonymous_5)
FNDA:0,(anonymous_6)
FNDA:0,(anonymous_7)
FNDA:0,(anonymous_8)
FNDA:0,(anonymous_9)
FNDA:0,(anonymous_10)
FNDA:0,(anonymous_11)
DA:11,0
DA:17,0
DA:19,0
DA:20,0
DA:21,0
DA:22,0
DA:25,0
DA:28,0
DA:38,0
DA:42,0
DA:43,0
DA:44,0
DA:51,0
DA:55,0
DA:56,0
DA:57,0
DA:58,0
DA:60,0
DA:64,0
DA:75,0
DA:79,0
DA:80,0
DA:81,0
DA:86,0
DA:92,0
DA:99,0
DA:103,0
DA:104,0
DA:106,0
LF:29
LH:0
BRDA:21,0,0,0
BRDA:21,0,1,0
BRDA:26,1,0,0
BRDA:26,1,1,0
BRDA:43,2,0,0
BRDA:43,2,1,0
BRDA:57,3,0,0
BRDA:57,3,1,0
BRDA:57,4,0,0
BRDA:57,4,1,0
BRDA:57,4,2,0
BRDA:62,5,0,0
BRDA:62,5,1,0
BRDA:80,6,0,0
BRDA:80,6,1,0
BRDA:90,7,0,0
BRDA:90,7,1,0
BRF:17
BRH:0
end_of_record
TN:
SF:src\components\View\ViewAccessRequest.js
FN:8,(anonymous_0)
FNF:1
FNH:1
FNDA:1,(anonymous_0)
DA:8,1
DA:9,1
LF:2
LH:2
BRF:0
BRH:0
end_of_record
TN:
SF:src\components\View\ViewAssetRequest.js
FN:8,(anonymous_0)
FNF:1
FNH:1
FNDA:2,(anonymous_0)
DA:8,1
DA:9,2
LF:2
LH:2
BRF:0
BRH:0
end_of_record
TN:
SF:src\components\View\ViewDataScope.js
FN:7,(anonymous_0)
FN:45,(anonymous_1)
FNF:2
FNH:1
FNDA:2,(anonymous_0)
FNDA:0,(anonymous_1)
DA:7,1
DA:8,2
DA:10,2
DA:46,0
LF:4
LH:3
BRF:0
BRH:0
end_of_record
TN:
SF:src\components\View\ViewDevice.js
FN:6,(anonymous_0)
FNF:1
FNH:1
FNDA:2,(anonymous_0)
DA:6,1
DA:7,2
LF:2
LH:2
BRF:0
BRH:0
end_of_record
TN:
SF:src\components\View\ViewRisk.js
FN:6,(anonymous_0)
FNF:1
FNH:1
FNDA:2,(anonymous_0)
DA:6,1
DA:7,2
LF:2
LH:2
BRF:0
BRH:0
end_of_record
TN:
SF:src\components\View\ViewSupportRequest.js
FN:7,(anonymous_0)
FNF:1
FNH:1
FNDA:2,(anonymous_0)
DA:7,1
DA:8,2
LF:2
LH:2
BRF:0
BRH:0
end_of_record
TN:
SF:src\components\View\ViewTaskPopup.js
FN:6,(anonymous_0)
FNF:1
FNH:1
FNDA:2,(anonymous_0)
DA:6,1
DA:7,2
LF:2
LH:2
BRF:0
BRH:0
end_of_record
TN:
SF:src\components\View\ViewUser.js
FN:6,(anonymous_0)
FNF:1
FNH:1
FNDA:2,(anonymous_0)
DA:6,1
DA:7,2
LF:2
LH:2
BRF:0
BRH:0
end_of_record
